Removed Member From Class: ClassName=U_BV100011_ControlPower Member=C64
Removed Member From Class: ClassName=U_BV100011_ControlPower Member=C65
Removed Member From Class: ClassName=U_BV100011_ControlPower Member=C66
Removed Member From Class: ClassName=U_BV100011_ControlPower Member=C67
Removed Member From Class: ClassName=U_BV100011_ControlPower Member=D32
Removed Member From Class: ClassName=U_BV100011_ControlPower Member=R107
Removed Member From Class: ClassName=U_BV100011_ControlPower Member=R108
Removed Member From Class: ClassName=U_BV100011_ControlPower Member=R109
Removed Member From Class: ClassName=U_BV100011_ControlPower Member=R110
Added Component: Designator=U29(SOT95P280X145-5N)
Add component. Clean all parameters for all variants
Added Pin To Net: NetName=NetD31_1 Pin=U29-1
Added Pin To Net: NetName=GND Pin=U29-2
Added Pin To Net: NetName=NetR104_1 Pin=U29-3
Added Pin To Net: NetName=NetR103_2 Pin=U29-4
Added Pin To Net: NetName=+5V_ISO Pin=U29-5
Added Member To Class: ClassName=U_BV100011_ControlPower Member=Component C58 Cap Semi
Added Member To Class: ClassName=U_BV100011_ControlPower Member=Component C59 Cap Semi
Added Member To Class: ClassName=U_BV100011_ControlPower Member=Component C60 Cap Semi
Added Member To Class: ClassName=U_BV100011_ControlPower Member=Component C61 Cap Semi
Added Member To Class: ClassName=U_BV100011_ControlPower Member=Component D31 PMEG3050EP
Added Member To Class: ClassName=U_BV100011_ControlRS485 Member=Component D33 CDSOT23-SM712
Added Member To Class: ClassName=U_BV100011_ControlPower Member=Component R103 Res3
Added Member To Class: ClassName=U_BV100011_ControlPower Member=Component R104 Res3
Added Member To Class: ClassName=U_BV100011_ControlPower Member=Component R105 Res3
Added Member To Class: ClassName=U_BV100011_ControlPower Member=Component R106 Res3
Added Member To Class: ClassName=U_BV100011_ControlPower Member=Component U29 LMR10510XMFE
