Change Component Designator: OldDesignator=P3 NewDesignator=P4
Added Component: Designator=P3(HDR1X3)
Add component. Clean all parameters for all variants
Add component (AddParameter): Name = "LatestRevisionDate"; Value = "17-Jul-2002"; VariantName = "[No Variations]"
Add component (AddParameter): Name = "LatestRevisionNote"; Value = "Re-released for DXP Platform."; VariantName = "[No Variations]"
Add component (AddParameter): Name = "Publisher"; Value = "Altium Limited"; VariantName = "[No Variations]"
Added Component: Designator=P5(HDR1X3)
Add component. Clean all parameters for all variants
Add component (AddParameter): Name = "LatestRevisionDate"; Value = "17-Jul-2002"; VariantName = "[No Variations]"
Add component (AddParameter): Name = "LatestRevisionNote"; Value = "Re-released for DXP Platform."; VariantName = "[No Variations]"
Add component (AddParameter): Name = "Publisher"; Value = "Altium Limited"; VariantName = "[No Variations]"
Added Pin To Net: NetName=GND0 Pin=P3-1
Added Pin To Net: NetName=+5V_ISO Pin=P3-3
Added Pin To Net: NetName=+5V_ISO Pin=P5-1
Added Pin To Net: NetName=GND0 Pin=P5-2
Added Member To Class: ClassName=U_BV100011_ControlConnector Member=Component P2 LAN
Added Member To Class: ClassName=U_BV100011_ControlConnector Member=Component P4 LAN
Added Member To Class: ClassName=U_BV100011_ControlConnector Member=Component P5 Header 3
Added Room: Name=U_BV100011_ControlAI
Added Room: Name=U_BV100011_ControlAO
Added Room: Name=U_BV100011_ControlConnector
Added Room: Name=U_BV100011_ControlDI
Added Room: Name=U_BV100011_ControlDO
Added Room: Name=U_BV100011_ControlIsolator
