Removed Pin From Net: NetName=+3.3V_ISO Pin=C41-1
Removed Pin From Net: NetName=GND0 Pin=C41-2
Removed Pin From Net: NetName=GND Pin=C42-1
Removed Pin From Net: NetName=+5V Pin=C42-2
Removed Pin From Net: NetName=+3.3V_ISO Pin=IC9-1
Removed Pin From Net: NetName=GND0 Pin=IC9-4
Removed Pin From Net: NetName=GND Pin=IC9-5
Removed Pin From Net: NetName=+5V Pin=IC9-8
Removed Pin From Net: NetName=PG0 Pin=R82-1
Removed Pin From Net: NetName=PG1 Pin=R83-1
Removed Pin From Net: NetName=GND Pin=R84-1
Removed Pin From Net: NetName=GND Pin=R86-2
Removed Member From Class: ClassName=U_BV100011_ControlAI Member=IC11
Removed Member From Class: ClassName=BV100011_ControlTopLevel Member=J12
Removed Member From Class: ClassName=U_BV100011_ControlConnector Member=J12
Removed Member From Class: ClassName=BV100011_ControlTopLevel Member=J13
Removed Member From Class: ClassName=U_BV100011_ControlAI Member=R89
Removed Member From Class: ClassName=U_BV100011_ControlAI Member=R90
Removed Member From Class: ClassName=U_BV100011_ControlAI Member=R91
Removed Member From Class: ClassName=U_BV100011_ControlAI Member=R92
Change Component Designator: OldDesignator=C39 NewDesignator=C41
Change Component Designator: OldDesignator=C40 NewDesignator=C42
Change Component Designator: OldDesignator=IC10 NewDesignator=IC9
Change Component Designator: OldDesignator=IC11 NewDesignator=IC10
Change Component Designator: OldDesignator=IC12 NewDesignator=IC11
Change Component Designator: OldDesignator=IC13 NewDesignator=IC12
Change Component Designator: OldDesignator=IC14 NewDesignator=IC13
Change Component Designator: OldDesignator=IC15 NewDesignator=IC14
Change Component Designator: OldDesignator=IC16 NewDesignator=IC15
Change Component Designator: OldDesignator=IC17 NewDesignator=IC16
Change Component Designator: OldDesignator=IC18 NewDesignator=IC17
Change Component Designator: OldDesignator=IC19 NewDesignator=IC18
Change Component Designator: OldDesignator=R85 NewDesignator=R82
Change Component Designator: OldDesignator=R87 NewDesignator=R83
Change Component Designator: OldDesignator=R88 NewDesignator=R84
Change Component Designator: OldDesignator=R89 NewDesignator=R85
Change Component Designator: OldDesignator=R90 NewDesignator=R86
Change Component Designator: OldDesignator=R91 NewDesignator=R87
Change Component Designator: OldDesignator=R92 NewDesignator=R88
Change Component Designator: OldDesignator=R93 NewDesignator=R89
Change Component Designator: OldDesignator=R94 NewDesignator=R90
Change Component Designator: OldDesignator=R95 NewDesignator=R91
Change Component Designator: OldDesignator=R96 NewDesignator=R92
Change Component Designator: OldDesignator=R97 NewDesignator=R93
Change Component Designator: OldDesignator=R98 NewDesignator=R94
Change Component Designator: OldDesignator=R99 NewDesignator=R95
Change Component Designator: OldDesignator=R100 NewDesignator=R96
Change Component Designator: OldDesignator=R101 NewDesignator=R97
Change Component Designator: OldDesignator=R102 NewDesignator=R98
Change Component Designator: OldDesignator=R103 NewDesignator=R99
Change Component Designator: OldDesignator=R104 NewDesignator=R100
Change Component Designator: OldDesignator=R105 NewDesignator=R101
Change Component Designator: OldDesignator=R106 NewDesignator=R102
Change Component Designator: OldDesignator=R107 NewDesignator=R103
Change Component Designator: OldDesignator=R108 NewDesignator=R104
Change Component Designator: OldDesignator=R109 NewDesignator=R105
Change Component Designator: OldDesignator=R110 NewDesignator=R106
Change Component Designator: OldDesignator=R111 NewDesignator=R107
Change Component Designator: OldDesignator=R112 NewDesignator=R108
Change Component Designator: OldDesignator=R113 NewDesignator=R109
Change Component Designator: OldDesignator=R114 NewDesignator=R110
Change Component Designator: OldDesignator=R115 NewDesignator=R111
Change Component Designator: OldDesignator=R116 NewDesignator=R112
Change Component Designator: OldDesignator=R117 NewDesignator=R113
Change Component Designator: OldDesignator=R118 NewDesignator=R114
Change Component Designator: OldDesignator=R119 NewDesignator=R115
Change Component Designator: OldDesignator=R120 NewDesignator=R116
Change Component Designator: OldDesignator=R121 NewDesignator=R117
Change Component Designator: OldDesignator=R122 NewDesignator=R118
Change Component Designator: OldDesignator=R123 NewDesignator=R119
Change Component Designator: OldDesignator=R124 NewDesignator=R120
Change Component Designator: OldDesignator=R125 NewDesignator=R121
Change Component Designator: OldDesignator=R126 NewDesignator=R122
Change Component Designator: OldDesignator=R127 NewDesignator=R123
Change Component Designator: OldDesignator=R128 NewDesignator=R124
Change Component Designator: OldDesignator=R129 NewDesignator=R125
Change Component Designator: OldDesignator=R130 NewDesignator=R126
Change Component Designator: OldDesignator=R131 NewDesignator=R127
Change Component Designator: OldDesignator=R132 NewDesignator=R128
Change Component Designator: OldDesignator=R133 NewDesignator=R129
Change Component Designator: OldDesignator=R134 NewDesignator=R130
Change Component Designator: OldDesignator=R135 NewDesignator=R131
Change Component Designator: OldDesignator=R136 NewDesignator=R132
Change Component Designator: OldDesignator=R137 NewDesignator=R133
Change Component Designator: OldDesignator=R138 NewDesignator=R134
Change Component Designator: OldDesignator=R139 NewDesignator=R135
Change Component Designator: OldDesignator=R140 NewDesignator=R136
Change Component Designator: OldDesignator=R141 NewDesignator=R137
Change Component Designator: OldDesignator=R142 NewDesignator=R138
Change Component Designator: OldDesignator=R143 NewDesignator=R139
Change Component Designator: OldDesignator=R144 NewDesignator=R140
Change Component Designator: OldDesignator=R145 NewDesignator=R141
Change Component Designator: OldDesignator=R146 NewDesignator=R142
Change Component Designator: OldDesignator=R147 NewDesignator=R143
Change Component Designator: OldDesignator=R148 NewDesignator=R144
Change Component Designator: OldDesignator=R149 NewDesignator=R145
Change Component Designator: OldDesignator=R150 NewDesignator=R146
Change Component Designator: OldDesignator=R151 NewDesignator=R147
Change Component Designator: OldDesignator=R152 NewDesignator=R148
Change Component Designator: OldDesignator=R153 NewDesignator=R149
Change Component Designator: OldDesignator=R154 NewDesignator=R150
Change Component Designator: OldDesignator=R155 NewDesignator=R151
Change Component Designator: OldDesignator=R156 NewDesignator=R152
Change Component Designator: OldDesignator=R157 NewDesignator=R153
Change Component Designator: OldDesignator=R158 NewDesignator=R154
Change Component Designator: OldDesignator=R159 NewDesignator=R155
Change Component Designator: OldDesignator=R160 NewDesignator=R156
Change Component Designator: OldDesignator=R161 NewDesignator=R157
Change Component Designator: OldDesignator=R162 NewDesignator=R158
Change Component Designator: OldDesignator=R163 NewDesignator=R159
Change Component Designator: OldDesignator=R164 NewDesignator=R160
Change Component Designator: OldDesignator=R165 NewDesignator=R161
Change Component Designator: OldDesignator=R166 NewDesignator=R162
Change Component Designator: OldDesignator=R167 NewDesignator=R163
Change Component Designator: OldDesignator=R168 NewDesignator=R164
Change Component Designator: OldDesignator=R169 NewDesignator=R165
Change Component Designator: OldDesignator=R170 NewDesignator=R166
Change Component Designator: OldDesignator=R171 NewDesignator=R167
Change Component Designator: OldDesignator=R172 NewDesignator=R168
Change Component Designator: OldDesignator=R173 NewDesignator=R169
Change Component Designator: OldDesignator=R174 NewDesignator=R170
Change Component Designator: OldDesignator=R175 NewDesignator=R171
Change Component Designator: OldDesignator=U12 NewDesignator=U13
Change Component Designator: OldDesignator=U13 NewDesignator=U14
Change Component Designator: OldDesignator=U14 NewDesignator=U15
Change Component Designator: OldDesignator=U15 NewDesignator=U16
Change Component Designator: OldDesignator=U16 NewDesignator=U17
Change Component Designator: OldDesignator=U17 NewDesignator=U18
Change Component Designator: OldDesignator=U18 NewDesignator=U19
Change Component Designator: OldDesignator=U19 NewDesignator=U20
Change Component Designator: OldDesignator=U20 NewDesignator=U21
Change Component Designator: OldDesignator=U21 NewDesignator=U22
Change Component Designator: OldDesignator=U22 NewDesignator=U23
Change Component Designator: OldDesignator=U23 NewDesignator=U24
Added Component: Designator=C39(C1206)
Add component. Clean all parameters for all variants
Add component (AddParameter): Name = "LatestRevisionDate"; Value = "29-May-2009"; VariantName = "[No Variations]"
Add component (AddParameter): Name = "LatestRevisionNote"; Value = "IPC-7351 Footprint Added."; VariantName = "[No Variations]"
Add component (AddParameter): Name = "PackageDescription"; Value = "Chip Capacitor"; VariantName = "[No Variations]"
Add component (AddParameter): Name = "PackageReference"; Value = "C1206"; VariantName = "[No Variations]"
Add component (AddParameter): Name = "Published"; Value = "8-Jun-2000"; VariantName = "[No Variations]"
Add component (AddParameter): Name = "Publisher"; Value = "Altium Limited"; VariantName = "[No Variations]"
Add component (AddParameter): Name = "Value"; Value = "0.1uF/10V"; VariantName = "[No Variations]"
Added Component: Designator=C40(C1206)
Add component. Clean all parameters for all variants
Add component (AddParameter): Name = "LatestRevisionDate"; Value = "29-May-2009"; VariantName = "[No Variations]"
Add component (AddParameter): Name = "LatestRevisionNote"; Value = "IPC-7351 Footprint Added."; VariantName = "[No Variations]"
Add component (AddParameter): Name = "PackageDescription"; Value = "Chip Capacitor"; VariantName = "[No Variations]"
Add component (AddParameter): Name = "PackageReference"; Value = "C1206"; VariantName = "[No Variations]"
Add component (AddParameter): Name = "Published"; Value = "8-Jun-2000"; VariantName = "[No Variations]"
Add component (AddParameter): Name = "Publisher"; Value = "Altium Limited"; VariantName = "[No Variations]"
Add component (AddParameter): Name = "Value"; Value = "0.1uF/16V"; VariantName = "[No Variations]"
Added Component: Designator=U12(*SOIC127P600X175-16N)
Add component. Clean all parameters for all variants
Add component (AddParameter): Name = "Availability"; Value = "Unavailable"; VariantName = "[No Variations]"
Add component (AddParameter): Name = "MF"; Value = "Maxim Integrated"; VariantName = "[No Variations]"
Add component (AddParameter): Name = "MP"; Value = "MAX14850ASE+"; VariantName = "[No Variations]"
Add component (AddParameter): Name = "Package"; Value = "SOIC-16 Maxim"; VariantName = "[No Variations]"
Add component (AddParameter): Name = "Price"; Value = "None"; VariantName = "[No Variations]"
Add component (AddParameter): Name = "SnapEDA_Link"; Value = "https://www.snapeda.com/parts/MAX14850ASE%2B/Maxim%20Integrated/view-part/?ref=snap"; VariantName = "[No Variations]"
Add component (AddParameter): Name = "Value"; Value = ""; VariantName = "[No Variations]"
Added Pin To Net: NetName=+3.3V_ISO Pin=C39-1
Added Pin To Net: NetName=GND0 Pin=C39-2
Added Pin To Net: NetName=+5V Pin=C40-1
Added Pin To Net: NetName=GND Pin=C40-2
Added Pin To Net: NetName=+3.3V_ISO Pin=U12-1
Added Pin To Net: NetName=PG0 Pin=U12-2
Added Pin To Net: NetName=PG1 Pin=U12-3
Added Pin To Net: NetName=GND0 Pin=U12-6
Added Pin To Net: NetName=GND0 Pin=U12-7
Added Pin To Net: NetName=GND0 Pin=U12-8
Added Pin To Net: NetName=GND Pin=U12-9
Added Pin To Net: NetName=GND Pin=U12-10
Added Pin To Net: NetName=GND Pin=U12-11
Added Pin To Net: NetName=+5V Pin=U12-16
Change Net Name : Old Net Name=NetC39_1 New Net Name=NetC41_1
Change Net Name : Old Net Name=NetC39_2 New Net Name=NetC41_2
Change Net Name : Old Net Name=NetC40_1 New Net Name=NetC42_1
Change Net Name : Old Net Name=NetC40_2 New Net Name=NetC42_2
Change Net Name : Old Net Name=NetIC12_2 New Net Name=NetIC11_2
Change Net Name : Old Net Name=NetIC12_3 New Net Name=NetIC11_3
Change Net Name : Old Net Name=NetIC12_4 New Net Name=NetIC11_4
Change Net Name : Old Net Name=NetIC12_8 New Net Name=NetIC11_8
Change Net Name : Old Net Name=NetIC13_2 New Net Name=NetIC12_2
Change Net Name : Old Net Name=NetIC13_8 New Net Name=NetIC12_8
Change Net Name : Old Net Name=NetIC14_1 New Net Name=NetIC13_1
Change Net Name : Old Net Name=NetIC14_3 New Net Name=NetIC13_3
Change Net Name : Old Net Name=NetIC14_4 New Net Name=NetIC13_4
Change Net Name : Old Net Name=NetIC14_5 New Net Name=NetIC13_5
Change Net Name : Old Net Name=NetIC16_1 New Net Name=NetIC15_1
Change Net Name : Old Net Name=NetIC16_2 New Net Name=NetIC15_2
Change Net Name : Old Net Name=NetIC16_4 New Net Name=NetIC15_4
Change Net Name : Old Net Name=NetIC17_1 New Net Name=NetIC16_1
Change Net Name : Old Net Name=NetIC17_3 New Net Name=NetIC16_3
Change Net Name : Old Net Name=NetIC17_4 New Net Name=NetIC16_4
Change Net Name : Old Net Name=NetIC17_5 New Net Name=NetIC16_5
Change Net Name : Old Net Name=NetIC18_1 New Net Name=NetIC17_1
Change Net Name : Old Net Name=NetIC18_3 New Net Name=NetIC17_3
Change Net Name : Old Net Name=NetIC19_7 New Net Name=NetIC18_7
Change Net Name : Old Net Name=NetR87_2 New Net Name=NetR83_2
Change Net Name : Old Net Name=NetR88_2 New Net Name=NetR84_2
Change Net Name : Old Net Name=NetR89_1 New Net Name=NetR85_1
Change Net Name : Old Net Name=NetR91_1 New Net Name=NetR87_1
Change Net Name : Old Net Name=NetR97_1 New Net Name=NetR93_1
Change Net Name : Old Net Name=NetR98_2 New Net Name=NetR94_2
Change Net Name : Old Net Name=NetR99_1 New Net Name=NetR95_1
Change Net Name : Old Net Name=NetR100_2 New Net Name=NetR96_2
Change Net Name : Old Net Name=NetR134_2 New Net Name=NetR130_2
Change Net Name : Old Net Name=NetR135_2 New Net Name=NetR131_2
Change Net Name : Old Net Name=NetR137_2 New Net Name=NetR133_2
Change Net Name : Old Net Name=NetR138_1 New Net Name=NetR134_1
Change Net Name : Old Net Name=NetR139_1 New Net Name=NetR135_1
Change Net Name : Old Net Name=NetR142_1 New Net Name=NetR138_1
Change Net Name : Old Net Name=NetR153_1 New Net Name=NetR149_1
Change Net Name : Old Net Name=NetR154_1 New Net Name=NetR150_1
Change Net Name : Old Net Name=NetR156_1 New Net Name=NetR152_1
Change Net Name : Old Net Name=NetR161_1 New Net Name=NetR157_1
Change Net Name : Old Net Name=NetR162_1 New Net Name=NetR158_1
Added Pin To Net: NetName=NetS1_8 Pin=S1-8
Added Pin To Net: NetName=NetS1_8 Pin=U12-14
Added Net: Name=NetS1_8
Added Pin To Net: NetName=NetS2_8 Pin=S2-8
Added Pin To Net: NetName=NetS2_8 Pin=U12-15
Added Net: Name=NetS2_8
Added Member To Class: ClassName=U_BV100011_ControlConnector Member=Component J8 S2B-PH-SM4-TB_LF__SN_
Added Member To Class: ClassName=BV100011_ControlTopLevel Member=Component J9 1843800
Added Member To Class: ClassName=BV100011_ControlTopLevel Member=Component J10 S2B-PH-SM4-TB_LF__SN_
Added Member To Class: ClassName=U_BV100011_ControlAI Member=Component U17 LOC111P
