Removed Pin From Net: NetName=DI0 Pin=J1-1
Removed Pin From Net: NetName=DI1 Pin=J1-2
Removed Pin From Net: NetName=DI2 Pin=J1-3
Removed Pin From Net: NetName=DI3 Pin=J1-4
Removed Pin From Net: NetName=DI4 Pin=J1-5
Removed Pin From Net: NetName=DI5 Pin=J1-6
Removed Pin From Net: NetName=DI6 Pin=J1-7
Removed Pin From Net: NetName=DI7 Pin=J1-8
Removed Pin From Net: NetName=AI0 Pin=J2-1
Removed Pin From Net: NetName=AI1 Pin=J2-2
Removed Pin From Net: NetName=AI2 Pin=J2-3
Removed Pin From Net: NetName=AI3 Pin=J2-4
Removed Pin From Net: NetName=AI4 Pin=J2-5
Removed Pin From Net: NetName=AI5 Pin=J2-6
Removed Pin From Net: NetName=AI6 Pin=J2-7
Removed Pin From Net: NetName=AI7 Pin=J2-8
Removed Pin From Net: NetName=NetC52_2 Pin=J3-1
Removed Pin From Net: NetName=NetC51_2 Pin=J3-2
Removed Pin From Net: NetName=NetC48_2 Pin=J3-3
Removed Pin From Net: NetName=NetIC4_29 Pin=J3-4
Removed Pin From Net: NetName=NetC59_1 Pin=J3-5
Removed Pin From Net: NetName=NetC57_1 Pin=J3-6
Removed Pin From Net: NetName=NetC55_1 Pin=J3-7
Removed Pin From Net: NetName=NetC53_1 Pin=J3-8
Removed Pin From Net: NetName=NetD25_2 Pin=J4-1
Removed Pin From Net: NetName=NetD28_2 Pin=J4-2
Removed Pin From Net: NetName=NetD30_2 Pin=J4-3
Removed Pin From Net: NetName=NetD33_2 Pin=J4-4
Removed Pin From Net: NetName=NetJ4_5 Pin=J4-6
Removed Pin From Net: NetName=NetJ4_5 Pin=J4-7
Removed Pin From Net: NetName=NetJ4_5 Pin=J4-8
Change Component Footprint: Designator=J3 Old Footprint=2.5mm pitch New Footprint=SHDR56W51P485X254_2X28_7785X928X1397P
Change Component Comment : Designator=J3 Old Comment=2.5mm pitch New Comment=5530843-6
Change component parameters: Designator = "J3"; Footprint = "SHDR56W51P485X254_2X28_7785X928X1397P"; UniqueID = "\CMYYHQSQ\CHULQTDU"
Change component parameters. Clean all parameters for all variants
Change component parameters (AddParameter): Name = "Datasheet Link"; Value = "http://www.te.com/commerce/DocumentDelivery/DDEController?Action=srchrtrv&DocNm=5530843&DocType=Customer+Drawing&DocLang=English"; VariantName = "[No Variations]"
Change component parameters (AddParameter): Name = "Height"; Value = "13.97mm"; VariantName = "[No Variations]"
Change component parameters (AddParameter): Name = "Manufacturer_Name"; Value = "TE Connectivity"; VariantName = "[No Variations]"
Change component parameters (AddParameter): Name = "Manufacturer_Part_Number"; Value = "5530843-6"; VariantName = "[No Variations]"
Change component parameters (AddParameter): Name = "Mouser Part Number"; Value = "571-5530843-6"; VariantName = "[No Variations]"
Change component parameters (AddParameter): Name = "Mouser Price/Stock"; Value = "https://www.mouser.com/Search/Refine.aspx?Keyword=571-5530843-6"; VariantName = "[No Variations]"
Change component parameters (AddParameter): Name = "RS Part Number"; Value = ""; VariantName = "[No Variations]"
Change component parameters (AddParameter): Name = "RS Price/Stock"; Value = ""; VariantName = "[No Variations]"
Added Component: Designator=J5(2.5mm pitch)
Add component. Clean all parameters for all variants
Added Pin To Net: NetName=+5V_ISO Pin=J3-1
Added Pin To Net: NetName=+3.3V_ISO Pin=J3-2
Added Pin To Net: NetName=+5V_ISO Pin=J3-3
Added Pin To Net: NetName=+3.3V_ISO Pin=J3-4
Added Pin To Net: NetName=GND0 Pin=J3-6
Added Pin To Net: NetName=GND0 Pin=J3-8
Added Pin To Net: NetName=NetJ1_1 Pin=J1-1
Added Net: Name=NetJ1_1
Added Pin To Net: NetName=NetJ1_2 Pin=J1-2
Added Net: Name=NetJ1_2
Added Pin To Net: NetName=NetJ1_3 Pin=J1-3
Added Net: Name=NetJ1_3
Added Pin To Net: NetName=NetJ1_4 Pin=J1-4
Added Net: Name=NetJ1_4
Added Pin To Net: NetName=NetJ1_5 Pin=J1-5
Added Net: Name=NetJ1_5
Added Pin To Net: NetName=NetJ1_6 Pin=J1-6
Added Net: Name=NetJ1_6
Added Pin To Net: NetName=NetJ1_7 Pin=J1-7
Added Net: Name=NetJ1_7
Added Pin To Net: NetName=NetJ1_8 Pin=J1-8
Added Net: Name=NetJ1_8
Added Pin To Net: NetName=NetJ2_1 Pin=J2-1
Added Net: Name=NetJ2_1
Added Pin To Net: NetName=NetJ2_2 Pin=J2-2
Added Net: Name=NetJ2_2
Added Pin To Net: NetName=NetJ2_3 Pin=J2-3
Added Net: Name=NetJ2_3
Added Pin To Net: NetName=NetJ2_4 Pin=J2-4
Added Net: Name=NetJ2_4
Added Pin To Net: NetName=NetJ2_5 Pin=J2-5
Added Net: Name=NetJ2_5
Added Pin To Net: NetName=NetJ2_6 Pin=J2-6
Added Net: Name=NetJ2_6
Added Pin To Net: NetName=NetJ2_7 Pin=J2-7
Added Net: Name=NetJ2_7
Added Pin To Net: NetName=NetJ2_8 Pin=J2-8
Added Net: Name=NetJ2_8
Added Pin To Net: NetName=NetJ3_5 Pin=J3-5
Added Net: Name=NetJ3_5
Added Pin To Net: NetName=NetJ3_7 Pin=J3-7
Added Net: Name=NetJ3_7
Added Pin To Net: NetName=NetJ3_9 Pin=J3-9
Added Net: Name=NetJ3_9
Added Pin To Net: NetName=NetJ3_10 Pin=J3-10
Added Pin To Net: NetName=NetJ3_10 Pin=R126-2
Added Pin To Net: NetName=NetJ3_10 Pin=U31-7
Added Net: Name=NetJ3_10
Added Pin To Net: NetName=NetJ3_11 Pin=J3-11
Added Net: Name=NetJ3_11
Added Pin To Net: NetName=NetJ3_12 Pin=J3-12
Added Pin To Net: NetName=NetJ3_12 Pin=R125-2
Added Pin To Net: NetName=NetJ3_12 Pin=U31-6
Added Net: Name=NetJ3_12
Added Pin To Net: NetName=NetJ3_13 Pin=J3-13
Added Net: Name=NetJ3_13
Added Pin To Net: NetName=NetJ3_14 Pin=J3-14
Added Pin To Net: NetName=NetJ3_14 Pin=U31-5
Added Net: Name=NetJ3_14
Added Pin To Net: NetName=NetJ3_15 Pin=J3-15
Added Net: Name=NetJ3_15
Added Pin To Net: NetName=NetJ3_16 Pin=J3-16
Added Pin To Net: NetName=NetJ3_16 Pin=U31-4
Added Net: Name=NetJ3_16
Added Pin To Net: NetName=NetJ3_17 Pin=J3-17
Added Net: Name=NetJ3_17
Added Pin To Net: NetName=NetJ3_18 Pin=J3-18
Added Pin To Net: NetName=NetJ3_18 Pin=U31-3
Added Net: Name=NetJ3_18
Added Pin To Net: NetName=NetJ3_19 Pin=J3-19
Added Net: Name=NetJ3_19
Added Pin To Net: NetName=NetJ3_20 Pin=J3-20
Added Pin To Net: NetName=NetJ3_20 Pin=U31-2
Added Net: Name=NetJ3_20
Added Pin To Net: NetName=NetJ3_21 Pin=J3-21
Added Net: Name=NetJ3_21
Added Pin To Net: NetName=NetJ3_22 Pin=J3-22
Added Pin To Net: NetName=NetJ3_22 Pin=R130-2
Added Pin To Net: NetName=NetJ3_22 Pin=U32-7
Added Net: Name=NetJ3_22
Added Pin To Net: NetName=NetJ3_23 Pin=J3-23
Added Net: Name=NetJ3_23
Added Pin To Net: NetName=NetJ3_24 Pin=J3-24
Added Pin To Net: NetName=NetJ3_24 Pin=R129-2
Added Pin To Net: NetName=NetJ3_24 Pin=U32-6
Added Net: Name=NetJ3_24
Added Pin To Net: NetName=NetJ3_25 Pin=J3-25
Added Net: Name=NetJ3_25
Added Pin To Net: NetName=NetJ3_26 Pin=J3-26
Added Pin To Net: NetName=NetJ3_26 Pin=U32-5
Added Net: Name=NetJ3_26
Added Pin To Net: NetName=NetJ3_27 Pin=J3-27
Added Net: Name=NetJ3_27
Added Pin To Net: NetName=NetJ3_28 Pin=J3-28
Added Pin To Net: NetName=NetJ3_28 Pin=U32-4
Added Net: Name=NetJ3_28
Added Pin To Net: NetName=NetJ3_29 Pin=J3-29
Added Net: Name=NetJ3_29
Added Pin To Net: NetName=NetJ3_30 Pin=J3-30
Added Pin To Net: NetName=NetJ3_30 Pin=U32-3
Added Net: Name=NetJ3_30
Added Pin To Net: NetName=NetJ3_31 Pin=J3-31
Added Net: Name=NetJ3_31
Added Pin To Net: NetName=NetJ3_32 Pin=J3-32
Added Pin To Net: NetName=NetJ3_32 Pin=U32-2
Added Net: Name=NetJ3_32
Added Pin To Net: NetName=NetJ3_33 Pin=J3-33
Added Net: Name=NetJ3_33
Added Pin To Net: NetName=NetJ3_34 Pin=J3-34
Added Pin To Net: NetName=NetJ3_34 Pin=R134-2
Added Pin To Net: NetName=NetJ3_34 Pin=U33-7
Added Net: Name=NetJ3_34
Added Pin To Net: NetName=NetJ3_35 Pin=J3-35
Added Net: Name=NetJ3_35
Added Pin To Net: NetName=NetJ3_36 Pin=J3-36
Added Pin To Net: NetName=NetJ3_36 Pin=R133-2
Added Pin To Net: NetName=NetJ3_36 Pin=U33-6
Added Net: Name=NetJ3_36
Added Pin To Net: NetName=NetJ3_37 Pin=J3-37
Added Net: Name=NetJ3_37
Added Pin To Net: NetName=NetJ3_38 Pin=J3-38
Added Pin To Net: NetName=NetJ3_38 Pin=U33-5
Added Net: Name=NetJ3_38
Added Pin To Net: NetName=NetJ3_39 Pin=J3-39
Added Net: Name=NetJ3_39
Added Pin To Net: NetName=NetJ3_40 Pin=J3-40
Added Pin To Net: NetName=NetJ3_40 Pin=U33-4
Added Net: Name=NetJ3_40
Added Pin To Net: NetName=NetJ3_41 Pin=J3-41
Added Net: Name=NetJ3_41
Added Pin To Net: NetName=NetJ3_42 Pin=J3-42
Added Pin To Net: NetName=NetJ3_42 Pin=U33-3
Added Net: Name=NetJ3_42
Added Pin To Net: NetName=NetJ3_43 Pin=J3-43
Added Net: Name=NetJ3_43
Added Pin To Net: NetName=NetJ3_44 Pin=J3-44
Added Pin To Net: NetName=NetJ3_44 Pin=U33-2
Added Net: Name=NetJ3_44
Added Pin To Net: NetName=NetJ3_45 Pin=J3-45
Added Net: Name=NetJ3_45
Added Pin To Net: NetName=NetJ3_46 Pin=J3-46
Added Net: Name=NetJ3_46
Added Pin To Net: NetName=NetJ3_47 Pin=J3-47
Added Net: Name=NetJ3_47
Added Pin To Net: NetName=NetJ3_48 Pin=J3-48
Added Net: Name=NetJ3_48
Added Pin To Net: NetName=NetJ3_49 Pin=J3-49
Added Net: Name=NetJ3_49
Added Pin To Net: NetName=NetJ3_50 Pin=J3-50
Added Net: Name=NetJ3_50
Added Pin To Net: NetName=NetJ3_51 Pin=J3-51
Added Net: Name=NetJ3_51
Added Pin To Net: NetName=NetJ3_52 Pin=J3-52
Added Net: Name=NetJ3_52
Added Pin To Net: NetName=NetJ3_53 Pin=J3-53
Added Net: Name=NetJ3_53
Added Pin To Net: NetName=NetJ3_54 Pin=J3-54
Added Net: Name=NetJ3_54
Added Pin To Net: NetName=NetJ3_55 Pin=J3-55
Added Net: Name=NetJ3_55
Added Pin To Net: NetName=NetJ3_56 Pin=J3-56
Added Net: Name=NetJ3_56
Added Pin To Net: NetName=NetJ4_1 Pin=J4-1
Added Net: Name=NetJ4_1
Added Pin To Net: NetName=NetJ4_2 Pin=J4-2
Added Net: Name=NetJ4_2
Added Pin To Net: NetName=NetJ4_3 Pin=J4-3
Added Net: Name=NetJ4_3
Added Pin To Net: NetName=NetJ4_4 Pin=J4-4
Added Net: Name=NetJ4_4
Added Pin To Net: NetName=NetJ4_6 Pin=J4-6
Added Net: Name=NetJ4_6
Added Pin To Net: NetName=NetJ4_7 Pin=J4-7
Added Net: Name=NetJ4_7
Added Pin To Net: NetName=NetJ4_8 Pin=J4-8
Added Net: Name=NetJ4_8
Added Pin To Net: NetName=NetJ5_1 Pin=J5-1
Added Net: Name=NetJ5_1
Added Pin To Net: NetName=NetJ5_2 Pin=J5-2
Added Net: Name=NetJ5_2
Added Pin To Net: NetName=NetJ5_3 Pin=J5-3
Added Net: Name=NetJ5_3
Added Pin To Net: NetName=NetJ5_4 Pin=J5-4
Added Net: Name=NetJ5_4
Added Member To Class: ClassName=U_BV100011_ControlConnector Member=Component J5 2.5mm pitch
