Removed Pin From Net: NetName=PB9 Pin=J7-1
Removed Pin From Net: NetName=PB8 Pin=J7-2
Removed Pin From Net: NetName=PA10 Pin=J7-3
Removed Pin From Net: NetName=PA9 Pin=J7-4
Change Component Designator: OldDesignator=IC14 NewDesignator=IC15
Change Component Designator: OldDesignator=IC15 NewDesignator=IC16
Change Component Designator: OldDesignator=IC16 NewDesignator=IC17
Change Component Designator: OldDesignator=IC17 NewDesignator=IC18
Change Component Designator: OldDesignator=IC18 NewDesignator=IC19
Change Component Designator: OldDesignator=J4 NewDesignator=J5
Change Component Designator: OldDesignator=J5 NewDesignator=J6
Change Component Designator: OldDesignator=J6 NewDesignator=J7
Change Component Designator: OldDesignator=J7 NewDesignator=J4
Change Component Designator: OldDesignator=R101 NewDesignator=R105
Change Component Designator: OldDesignator=R102 NewDesignator=R106
Change Component Designator: OldDesignator=R103 NewDesignator=R107
Change Component Designator: OldDesignator=R104 NewDesignator=R108
Change Component Designator: OldDesignator=R105 NewDesignator=R109
Change Component Designator: OldDesignator=R106 NewDesignator=R110
Change Component Designator: OldDesignator=R107 NewDesignator=R111
Change Component Designator: OldDesignator=R108 NewDesignator=R112
Change Component Designator: OldDesignator=R109 NewDesignator=R113
Change Component Designator: OldDesignator=R110 NewDesignator=R114
Change Component Designator: OldDesignator=R111 NewDesignator=R115
Change Component Designator: OldDesignator=R112 NewDesignator=R116
Change Component Designator: OldDesignator=R113 NewDesignator=R117
Change Component Designator: OldDesignator=R114 NewDesignator=R118
Change Component Designator: OldDesignator=R115 NewDesignator=R119
Change Component Designator: OldDesignator=R116 NewDesignator=R120
Change Component Designator: OldDesignator=R117 NewDesignator=R121
Change Component Designator: OldDesignator=R118 NewDesignator=R122
Change Component Designator: OldDesignator=R119 NewDesignator=R123
Change Component Designator: OldDesignator=R120 NewDesignator=R124
Change Component Designator: OldDesignator=R121 NewDesignator=R125
Change Component Designator: OldDesignator=R122 NewDesignator=R126
Change Component Designator: OldDesignator=R123 NewDesignator=R127
Change Component Designator: OldDesignator=R124 NewDesignator=R128
Change Component Designator: OldDesignator=R125 NewDesignator=R129
Change Component Designator: OldDesignator=R126 NewDesignator=R130
Change Component Designator: OldDesignator=R127 NewDesignator=R131
Change Component Designator: OldDesignator=R128 NewDesignator=R132
Change Component Designator: OldDesignator=R129 NewDesignator=R133
Change Component Designator: OldDesignator=R130 NewDesignator=R134
Change Component Designator: OldDesignator=R131 NewDesignator=R135
Change Component Designator: OldDesignator=R132 NewDesignator=R136
Change Component Designator: OldDesignator=R133 NewDesignator=R137
Change Component Designator: OldDesignator=R134 NewDesignator=R138
Change Component Designator: OldDesignator=R135 NewDesignator=R139
Change Component Designator: OldDesignator=R136 NewDesignator=R140
Change Component Designator: OldDesignator=R137 NewDesignator=R141
Change Component Designator: OldDesignator=R138 NewDesignator=R142
Change Component Designator: OldDesignator=R139 NewDesignator=R143
Change Component Designator: OldDesignator=R140 NewDesignator=R144
Change Component Designator: OldDesignator=R141 NewDesignator=R145
Change Component Designator: OldDesignator=R142 NewDesignator=R146
Change Component Designator: OldDesignator=R143 NewDesignator=R147
Change Component Designator: OldDesignator=R144 NewDesignator=R148
Change Component Designator: OldDesignator=R145 NewDesignator=R149
Change Component Designator: OldDesignator=R146 NewDesignator=R150
Change Component Designator: OldDesignator=R147 NewDesignator=R151
Change Component Designator: OldDesignator=R148 NewDesignator=R152
Change Component Designator: OldDesignator=R149 NewDesignator=R153
Change Component Designator: OldDesignator=R150 NewDesignator=R154
Change Component Designator: OldDesignator=R151 NewDesignator=R155
Change Component Designator: OldDesignator=R152 NewDesignator=R156
Change Component Designator: OldDesignator=R153 NewDesignator=R157
Change Component Designator: OldDesignator=R154 NewDesignator=R158
Change Component Designator: OldDesignator=R155 NewDesignator=R159
Change Component Designator: OldDesignator=R156 NewDesignator=R160
Change Component Designator: OldDesignator=R157 NewDesignator=R161
Change Component Designator: OldDesignator=R158 NewDesignator=R162
Change Component Designator: OldDesignator=R159 NewDesignator=R163
Change Component Designator: OldDesignator=R160 NewDesignator=R164
Change Component Designator: OldDesignator=R161 NewDesignator=R165
Change Component Designator: OldDesignator=R162 NewDesignator=R166
Change Component Designator: OldDesignator=R163 NewDesignator=R167
Change Component Designator: OldDesignator=R164 NewDesignator=R168
Change Component Designator: OldDesignator=R165 NewDesignator=R169
Change Component Designator: OldDesignator=R166 NewDesignator=R170
Change Component Designator: OldDesignator=R167 NewDesignator=R171
Change Component Designator: OldDesignator=R168 NewDesignator=R172
Change Component Designator: OldDesignator=R169 NewDesignator=R173
Change Component Designator: OldDesignator=R170 NewDesignator=R174
Change Component Designator: OldDesignator=R171 NewDesignator=R175
Added Component: Designator=IC14(SOT65P210X110-5N)
Add component. Clean all parameters for all variants
Add component (AddParameter): Name = "Allied_Number"; Value = "70389952"; VariantName = "[No Variations]"
Add component (AddParameter): Name = "Allied Price/Stock"; Value = "http://www.alliedelec.com/stmicroelectronics-esdalc6v1w5/70389952/"; VariantName = "[No Variations]"
Add component (AddParameter): Name = "Datasheet Link"; Value = "http://www.st.com/web/en/resource/technical/document/datasheet/CD00002946.pdf"; VariantName = "[No Variations]"
Add component (AddParameter): Name = "Height"; Value = "1.1mm"; VariantName = "[No Variations]"
Add component (AddParameter): Name = "Manufacturer_Name"; Value = "STMicroelectronics"; VariantName = "[No Variations]"
Add component (AddParameter): Name = "Manufacturer_Part_Number"; Value = "ESDALC6V1W5"; VariantName = "[No Variations]"
Add component (AddParameter): Name = "Mouser Part Number"; Value = "511-ESDALC6V1W5"; VariantName = "[No Variations]"
Add component (AddParameter): Name = "Mouser Price/Stock"; Value = "https://www.mouser.com/Search/Refine.aspx?Keyword=511-ESDALC6V1W5"; VariantName = "[No Variations]"
Add component (AddParameter): Name = "RS Part Number"; Value = "0250044P"; VariantName = "[No Variations]"
Add component (AddParameter): Name = "RS Price/Stock"; Value = "http://uk.rs-online.com/web/p/products/0250044P"; VariantName = "[No Variations]"
Added Component: Designator=R101(J1-0603)
Add component. Clean all parameters for all variants
Add component (AddParameter): Name = "LatestRevisionDate"; Value = "29-May-2009"; VariantName = "[No Variations]"
Add component (AddParameter): Name = "LatestRevisionNote"; Value = "IPC-7351 Footprint Added."; VariantName = "[No Variations]"
Add component (AddParameter): Name = "PackageDescription"; Value = "Chip Resistor"; VariantName = "[No Variations]"
Add component (AddParameter): Name = "PackageReference"; Value = "J1-0603"; VariantName = "[No Variations]"
Add component (AddParameter): Name = "Published"; Value = "8-Jun-2000"; VariantName = "[No Variations]"
Add component (AddParameter): Name = "Publisher"; Value = "Altium Limited"; VariantName = "[No Variations]"
Add component (AddParameter): Name = "Value"; Value = "22"; VariantName = "[No Variations]"
Added Component: Designator=R102(J1-0603)
Add component. Clean all parameters for all variants
Add component (AddParameter): Name = "LatestRevisionDate"; Value = "29-May-2009"; VariantName = "[No Variations]"
Add component (AddParameter): Name = "LatestRevisionNote"; Value = "IPC-7351 Footprint Added."; VariantName = "[No Variations]"
Add component (AddParameter): Name = "PackageDescription"; Value = "Chip Resistor"; VariantName = "[No Variations]"
Add component (AddParameter): Name = "PackageReference"; Value = "J1-0603"; VariantName = "[No Variations]"
Add component (AddParameter): Name = "Published"; Value = "8-Jun-2000"; VariantName = "[No Variations]"
Add component (AddParameter): Name = "Publisher"; Value = "Altium Limited"; VariantName = "[No Variations]"
Add component (AddParameter): Name = "Value"; Value = "22"; VariantName = "[No Variations]"
Added Component: Designator=R103(J1-0603)
Add component. Clean all parameters for all variants
Add component (AddParameter): Name = "LatestRevisionDate"; Value = "29-May-2009"; VariantName = "[No Variations]"
Add component (AddParameter): Name = "LatestRevisionNote"; Value = "IPC-7351 Footprint Added."; VariantName = "[No Variations]"
Add component (AddParameter): Name = "PackageDescription"; Value = "Chip Resistor"; VariantName = "[No Variations]"
Add component (AddParameter): Name = "PackageReference"; Value = "J1-0603"; VariantName = "[No Variations]"
Add component (AddParameter): Name = "Published"; Value = "8-Jun-2000"; VariantName = "[No Variations]"
Add component (AddParameter): Name = "Publisher"; Value = "Altium Limited"; VariantName = "[No Variations]"
Add component (AddParameter): Name = "Value"; Value = "22"; VariantName = "[No Variations]"
Added Component: Designator=R104(J1-0603)
Add component. Clean all parameters for all variants
Add component (AddParameter): Name = "LatestRevisionDate"; Value = "29-May-2009"; VariantName = "[No Variations]"
Add component (AddParameter): Name = "LatestRevisionNote"; Value = "IPC-7351 Footprint Added."; VariantName = "[No Variations]"
Add component (AddParameter): Name = "PackageDescription"; Value = "Chip Resistor"; VariantName = "[No Variations]"
Add component (AddParameter): Name = "PackageReference"; Value = "J1-0603"; VariantName = "[No Variations]"
Add component (AddParameter): Name = "Published"; Value = "8-Jun-2000"; VariantName = "[No Variations]"
Add component (AddParameter): Name = "Publisher"; Value = "Altium Limited"; VariantName = "[No Variations]"
Add component (AddParameter): Name = "Value"; Value = "22"; VariantName = "[No Variations]"
Added Pin To Net: NetName=GND0 Pin=IC14-2
Added Pin To Net: NetName=PB9 Pin=R101-1
Added Pin To Net: NetName=PB8 Pin=R102-1
Added Pin To Net: NetName=PA10 Pin=R103-1
Added Pin To Net: NetName=PA9 Pin=R104-1
Change Net Name : Old Net Name=NetIC15_1 New Net Name=NetIC16_1
Change Net Name : Old Net Name=NetIC15_2 New Net Name=NetIC16_2
Change Net Name : Old Net Name=NetIC15_4 New Net Name=NetIC16_4
Change Net Name : Old Net Name=NetIC16_1 New Net Name=NetIC17_1
Change Net Name : Old Net Name=NetIC16_3 New Net Name=NetIC17_3
Change Net Name : Old Net Name=NetIC16_4 New Net Name=NetIC17_4
Change Net Name : Old Net Name=NetIC16_5 New Net Name=NetIC17_5
Change Net Name : Old Net Name=NetIC17_1 New Net Name=NetIC18_1
Change Net Name : Old Net Name=NetIC17_3 New Net Name=NetIC18_3
Change Net Name : Old Net Name=NetIC18_7 New Net Name=NetIC19_7
Change Net Name : Old Net Name=NetR130_2 New Net Name=NetR134_2
Change Net Name : Old Net Name=NetR131_2 New Net Name=NetR135_2
Change Net Name : Old Net Name=NetR133_2 New Net Name=NetR137_2
Change Net Name : Old Net Name=NetR134_1 New Net Name=NetR138_1
Change Net Name : Old Net Name=NetR135_1 New Net Name=NetR139_1
Change Net Name : Old Net Name=NetR138_1 New Net Name=NetR142_1
Change Net Name : Old Net Name=NetR149_1 New Net Name=NetR153_1
Change Net Name : Old Net Name=NetR150_1 New Net Name=NetR154_1
Change Net Name : Old Net Name=NetR152_1 New Net Name=NetR156_1
Change Net Name : Old Net Name=NetR157_1 New Net Name=NetR161_1
Change Net Name : Old Net Name=NetR158_1 New Net Name=NetR162_1
Added Pin To Net: NetName=NetIC14_1 Pin=IC14-1
Added Pin To Net: NetName=NetIC14_1 Pin=J4-4
Added Pin To Net: NetName=NetIC14_1 Pin=R104-2
Added Net: Name=NetIC14_1
Added Pin To Net: NetName=NetIC14_3 Pin=IC14-3
Added Pin To Net: NetName=NetIC14_3 Pin=J4-3
Added Pin To Net: NetName=NetIC14_3 Pin=R103-2
Added Net: Name=NetIC14_3
Added Pin To Net: NetName=NetIC14_4 Pin=IC14-4
Added Pin To Net: NetName=NetIC14_4 Pin=J4-2
Added Pin To Net: NetName=NetIC14_4 Pin=R102-2
Added Net: Name=NetIC14_4
Added Pin To Net: NetName=NetIC14_5 Pin=IC14-5
Added Pin To Net: NetName=NetIC14_5 Pin=J4-1
Added Pin To Net: NetName=NetIC14_5 Pin=R101-2
Added Net: Name=NetIC14_5
Added Member To Class: ClassName=U_BV100011_ControlConnector Member=Component IC14 ESDALC6V1W5
Added Member To Class: ClassName=U_BV100011_ControlConnector Member=Component R102 22
Added Member To Class: ClassName=U_BV100011_ControlConnector Member=Component R103 22
Added Member To Class: ClassName=U_BV100011_ControlConnector Member=Component R104 22
Added Member To Class: ClassName=U_BV100011_ControlConnector Member=Component R105 120R
