Change Component Designator: Old Designator=C53 New Designator=C54
Change Component Designator: Old Designator=C54 New Designator=C55
Change Component Designator: Old Designator=C55 New Designator=C59
Change Component Designator: Old Designator=C56 New Designator=C60
Change Component Designator: Old Designator=C57 New Designator=C53
Change Component Designator: Old Designator=C? New Designator=C56
Change Component Designator: Old Designator=C? New Designator=C57
Change Component Designator: Old Designator=D20 New Designator=D19
Change Component Designator: Old Designator=D21 New Designator=D20
Change Component Designator: Old Designator=D22 New Designator=D21
Change Component Designator: Old Designator=D23 New Designator=D22
Change Component Designator: Old Designator=D24 New Designator=D23
Change Component Designator: Old Designator=D25 New Designator=D24
Change Component Designator: Old Designator=D26 New Designator=D25
Change Component Designator: Old Designator=D27 New Designator=D26
Change Component Designator: Old Designator=D28 New Designator=D27
Change Component Designator: Old Designator=D29 New Designator=D28
Change Component Designator: Old Designator=R89 New Designator=R90
Change Component Designator: Old Designator=R90 New Designator=R91
Change Component Designator: Old Designator=R91 New Designator=R92
Change Component Designator: Old Designator=R92 New Designator=R93
Change Component Designator: Old Designator=R93 New Designator=R89
Change Component Designator: Old Designator=R96 New Designator=R100
Change Component Designator: Old Designator=R? New Designator=R96
Change Component Designator: Old Designator=R? New Designator=R97
Change Component Designator: Old Designator=R? New Designator=R98
Change Component Designator: Old Designator=R? New Designator=R99
Change Component Designator: Old Designator=U18 New Designator=U19
Change Component Designator: Old Designator=U19 New Designator=U18
Change Component Designator: Old Designator=U? New Designator=U21
