Added Pin To Net: NetName=DI0 Pin=J1-1
Added Pin To Net: NetName=DI1 Pin=J1-2
Added Pin To Net: NetName=DI2 Pin=J1-3
Added Pin To Net: NetName=DI3 Pin=J1-4
Added Pin To Net: NetName=DI4 Pin=J1-5
Added Pin To Net: NetName=DI5 Pin=J1-6
Added Pin To Net: NetName=DI6 Pin=J1-7
Added Pin To Net: NetName=DI7 Pin=J1-8
Added Pin To Net: NetName=AI0 Pin=J2-1
Added Pin To Net: NetName=AI1 Pin=J2-2
Added Pin To Net: NetName=AI2 Pin=J2-3
Added Pin To Net: NetName=AI3 Pin=J2-4
Added Pin To Net: NetName=AI4 Pin=J2-5
Added Pin To Net: NetName=AI5 Pin=J2-6
Added Pin To Net: NetName=AI6 Pin=J2-7
Added Pin To Net: NetName=AI7 Pin=J2-8
Added Pin To Net: NetName=NetC52_2 Pin=J3-1
Added Pin To Net: NetName=NetC51_2 Pin=J3-2
Added Pin To Net: NetName=NetC48_2 Pin=J3-3
Added Pin To Net: NetName=NetIC4_29 Pin=J3-4
Added Pin To Net: NetName=NetC59_1 Pin=J3-5
Added Pin To Net: NetName=NetC57_1 Pin=J3-6
Added Pin To Net: NetName=NetC55_1 Pin=J3-7
Added Pin To Net: NetName=NetC53_1 Pin=J3-8
Added Pin To Net: NetName=NetD25_2 Pin=J4-1
Added Pin To Net: NetName=NetD28_2 Pin=J4-2
Added Pin To Net: NetName=NetD30_2 Pin=J4-3
Added Pin To Net: NetName=NetD33_2 Pin=J4-4
