Change Component Designator: Old Designator=C37 New Designator=C1
Change Component Designator: Old Designator=C38 New Designator=C2
Change Component Designator: Old Designator=C39 New Designator=C3
Change Component Designator: Old Designator=C40 New Designator=C4
Change Component Designator: Old Designator=C41 New Designator=C5
Change Component Designator: Old Designator=C42 New Designator=C6
Change Component Designator: Old Designator=C43 New Designator=C7
Change Component Designator: Old Designator=C44 New Designator=C8
Change Component Designator: Old Designator=D7 New Designator=D1
Change Component Designator: Old Designator=D8 New Designator=D2
Change Component Designator: Old Designator=D9 New Designator=D3
Change Component Designator: Old Designator=D10 New Designator=D4
Change Component Designator: Old Designator=D11 New Designator=D5
Change Component Designator: Old Designator=D12 New Designator=D6
Change Component Designator: Old Designator=D13 New Designator=D7
Change Component Designator: Old Designator=D14 New Designator=D8
Change Component Designator: Old Designator=IC3 New Designator=IC1
Change Component Designator: Old Designator=LED3 New Designator=LED1
Change Component Designator: Old Designator=LED4 New Designator=LED2
Change Component Designator: Old Designator=LED5 New Designator=LED3
Change Component Designator: Old Designator=LED6 New Designator=LED4
Change Component Designator: Old Designator=LED7 New Designator=LED5
Change Component Designator: Old Designator=LED8 New Designator=LED6
Change Component Designator: Old Designator=LED9 New Designator=LED7
Change Component Designator: Old Designator=LED10 New Designator=LED8
Change Component Designator: Old Designator=R31 New Designator=R1
Change Component Designator: Old Designator=R32 New Designator=R2
Change Component Designator: Old Designator=R33 New Designator=R3
Change Component Designator: Old Designator=R34 New Designator=R4
Change Component Designator: Old Designator=R35 New Designator=R5
Change Component Designator: Old Designator=R36 New Designator=R6
Change Component Designator: Old Designator=R37 New Designator=R7
Change Component Designator: Old Designator=R38 New Designator=R8
Change Component Designator: Old Designator=R39 New Designator=R9
Change Component Designator: Old Designator=R40 New Designator=R10
Change Component Designator: Old Designator=R41 New Designator=R11
Change Component Designator: Old Designator=R42 New Designator=R12
Change Component Designator: Old Designator=R43 New Designator=R13
Change Component Designator: Old Designator=R44 New Designator=R14
Change Component Designator: Old Designator=R45 New Designator=R15
Change Component Designator: Old Designator=R46 New Designator=R16
Change Component Designator: Old Designator=R47 New Designator=R17
Change Component Designator: Old Designator=R48 New Designator=R18
Change Component Designator: Old Designator=R49 New Designator=R19
Change Component Designator: Old Designator=R50 New Designator=R20
Change Component Designator: Old Designator=R51 New Designator=R21
Change Component Designator: Old Designator=R52 New Designator=R22
Change Component Designator: Old Designator=R53 New Designator=R23
Change Component Designator: Old Designator=R54 New Designator=R24
