Change Component Designator: Old Designator=C60 New Designator=C103
Change Component Designator: Old Designator=C63 New Designator=C104
Change Component Designator: Old Designator=C66 New Designator=C102
Change Component Designator: Old Designator=C67 New Designator=C105
Change Component Designator: Old Designator=C73 New Designator=C101
Change Component Designator: Old Designator=C74 New Designator=C100
Change Component Designator: Old Designator=C81 New Designator=C99
Change Component Designator: Old Designator=C82 New Designator=C97
Change Component Designator: Old Designator=C83 New Designator=C98
Change Component Designator: Old Designator=CN9 New Designator=CN2
Change Component Designator: Old Designator=L2 New Designator=L4
Change Component Designator: Old Designator=R65 New Designator=R149
Change Component Designator: Old Designator=R66 New Designator=R159
Change Component Designator: Old Designator=R67 New Designator=R151
Change Component Designator: Old Designator=R68 New Designator=R165
Change Component Designator: Old Designator=R69 New Designator=R156
Change Component Designator: Old Designator=R70 New Designator=R150
Change Component Designator: Old Designator=R71 New Designator=R157
Change Component Designator: Old Designator=R73 New Designator=R153
Change Component Designator: Old Designator=R77 New Designator=R152
Change Component Designator: Old Designator=R78 New Designator=R164
Change Component Designator: Old Designator=R84 New Designator=R158
Change Component Designator: Old Designator=R88 New Designator=R161
Change Component Designator: Old Designator=R89 New Designator=R162
Change Component Designator: Old Designator=R90 New Designator=R147
Change Component Designator: Old Designator=R91 New Designator=R154
Change Component Designator: Old Designator=R92 New Designator=R148
Change Component Designator: Old Designator=R93 New Designator=R155
Change Component Designator: Old Designator=R94 New Designator=R163
Change Component Designator: Old Designator=R95 New Designator=R160
Change Component Designator: Old Designator=U9 New Designator=U32
