Change Component Designator: Old Designator=C45 New Designator=C9
Change Component Designator: Old Designator=C46 New Designator=C10
Change Component Designator: Old Designator=C47 New Designator=C11
Change Component Designator: Old Designator=C48 New Designator=C12
Change Component Designator: Old Designator=C49 New Designator=C13
Change Component Designator: Old Designator=C50 New Designator=C14
Change Component Designator: Old Designator=C51 New Designator=C15
Change Component Designator: Old Designator=C52 New Designator=C16
Change Component Designator: Old Designator=C53 New Designator=C17
Change Component Designator: Old Designator=C54 New Designator=C18
Change Component Designator: Old Designator=C55 New Designator=C19
Change Component Designator: Old Designator=C56 New Designator=C20
Change Component Designator: Old Designator=C57 New Designator=C21
Change Component Designator: Old Designator=C58 New Designator=C22
Change Component Designator: Old Designator=C59 New Designator=C23
Change Component Designator: Old Designator=C60 New Designator=C24
Change Component Designator: Old Designator=C61 New Designator=C25
Change Component Designator: Old Designator=C62 New Designator=C26
Change Component Designator: Old Designator=C63 New Designator=C27
Change Component Designator: Old Designator=C64 New Designator=C28
Change Component Designator: Old Designator=C65 New Designator=C29
Change Component Designator: Old Designator=C66 New Designator=C30
Change Component Designator: Old Designator=C67 New Designator=C31
Change Component Designator: Old Designator=D15 New Designator=D9
Change Component Designator: Old Designator=D16 New Designator=D10
Change Component Designator: Old Designator=IC4 New Designator=IC2
Change Component Designator: Old Designator=LED11 New Designator=LED9
Change Component Designator: Old Designator=LED12 New Designator=LED10
Change Component Designator: Old Designator=LED13 New Designator=LED11
Change Component Designator: Old Designator=LED14 New Designator=LED12
Change Component Designator: Old Designator=LED15 New Designator=LED13
Change Component Designator: Old Designator=LED16 New Designator=LED14
Change Component Designator: Old Designator=LED17 New Designator=LED15
Change Component Designator: Old Designator=LED18 New Designator=LED16
Change Component Designator: Old Designator=R55 New Designator=R25
Change Component Designator: Old Designator=R56 New Designator=R26
Change Component Designator: Old Designator=R57 New Designator=R27
Change Component Designator: Old Designator=R58 New Designator=R28
Change Component Designator: Old Designator=R59 New Designator=R29
Change Component Designator: Old Designator=R60 New Designator=R30
Change Component Designator: Old Designator=R61 New Designator=R31
Change Component Designator: Old Designator=R62 New Designator=R32
Change Component Designator: Old Designator=R63 New Designator=R33
Change Component Designator: Old Designator=R64 New Designator=R34
Change Component Designator: Old Designator=R65 New Designator=R35
Change Component Designator: Old Designator=R66 New Designator=R36
Change Component Designator: Old Designator=R67 New Designator=R37
Change Component Designator: Old Designator=R68 New Designator=R38
Change Component Designator: Old Designator=R69 New Designator=R39
Change Component Designator: Old Designator=R70 New Designator=R40
Change Component Designator: Old Designator=R71 New Designator=R41
Change Component Designator: Old Designator=R72 New Designator=R42
Change Component Designator: Old Designator=R73 New Designator=R43
Change Component Designator: Old Designator=R74 New Designator=R44
Change Component Designator: Old Designator=R75 New Designator=R45
Change Component Designator: Old Designator=R76 New Designator=R46
Change Component Designator: Old Designator=R77 New Designator=R47
Change Component Designator: Old Designator=R78 New Designator=R48
Change Component Designator: Old Designator=R79 New Designator=R49
Change Component Designator: Old Designator=R80 New Designator=R50
Change Component Designator: Old Designator=R81 New Designator=R51
Change Component Designator: Old Designator=R82 New Designator=R52
Change Component Designator: Old Designator=R83 New Designator=R53
Change Component Designator: Old Designator=R84 New Designator=R54
