Removed Pin From Net: NetName=AI6 Pin=U22-1
Removed Pin From Net: NetName=GND Pin=U22-5
Removed Pin From Net: NetName=DSW_AI6 Pin=U22-6
Removed Pin From Net: NetName=GND Pin=U22-7
Removed Pin From Net: NetName=AI7 Pin=U24-1
Removed Pin From Net: NetName=GND Pin=U24-5
Removed Pin From Net: NetName=DSW_AI7 Pin=U24-6
Removed Pin From Net: NetName=GND Pin=U24-7
Removed Member From Class: ClassName=U_BV100011_ControlPower Member=C83
Removed Member From Class: ClassName=U_BV100011_ControlPower Member=C84
Removed Member From Class: ClassName=U_BV100011_ControlPower Member=C86
Removed Member From Class: ClassName=U_BV100011_ControlRS485 Member=C86
Removed Member From Class: ClassName=U_BV100011_ControlPower Member=C89
Removed Member From Class: ClassName=U_BV100011_ControlRS485 Member=C89
Removed Member From Class: ClassName=U_BV100011_ControlPower Member=C92
Removed Member From Class: ClassName=U_BV100011_ControlRS485 Member=C92
Removed Member From Class: ClassName=U_BV100011_MCU144 Member=C94
Removed Member From Class: ClassName=U_BV100011_MCU144 Member=C97
Removed Member From Class: ClassName=U_BV100011_MCU144 Member=C100
Removed Member From Class: ClassName=U_BV100011_MCU144 Member=C101
Removed Member From Class: ClassName=U_BV100011_MCU144 Member=C102
Removed Member From Class: ClassName=U_BV100011_MCU144 Member=C103
Removed Member From Class: ClassName=U_BV100011_ControlPower Member=D39
Removed Member From Class: ClassName=U_BV100011_ControlPower Member=L3
Removed Member From Class: ClassName=U_BV100011_MCU144 Member=L3
Removed Member From Class: ClassName=U_BV100011_ControlAI Member=U23
Removed Member From Class: ClassName=U_BV100011_ControlAI Member=U24
Change Component Designator: OldDesignator=IC3 NewDesignator=IC5
Change Component Designator: OldDesignator=IC4 NewDesignator=IC6
Change Component Designator: OldDesignator=IC5 NewDesignator=IC7
Change Component Designator: OldDesignator=IC6 NewDesignator=IC8
Change Component Designator: OldDesignator=IC7 NewDesignator=IC9
Change Component Designator: OldDesignator=IC8 NewDesignator=IC10
Change Component Designator: OldDesignator=U23 NewDesignator=U22
Change Component Designator: OldDesignator=U25 NewDesignator=U23
Change Component Designator: OldDesignator=U26 NewDesignator=U24
Change Component Designator: OldDesignator=U27 NewDesignator=U25
Change Component Designator: OldDesignator=U28 NewDesignator=U26
Change Component Designator: OldDesignator=U29 NewDesignator=U27
Change Component Designator: OldDesignator=U30 NewDesignator=U28
Change Component Designator: OldDesignator=U31 NewDesignator=U29
Added Component: Designator=IC3(SON95P300X300X80-7N)
Add component. Clean all parameters for all variants
Add component (AddParameter): Name = "Arrow Part Number"; Value = ""; VariantName = "[No Variations]"
Add component (AddParameter): Name = "Arrow Price/Stock"; Value = ""; VariantName = "[No Variations]"
Add component (AddParameter): Name = "Datasheet Link"; Value = "http://datasheets.maximintegrated.com/en/ds/MAX14626.pdf"; VariantName = "[No Variations]"
Add component (AddParameter): Name = "Height"; Value = "0.8mm"; VariantName = "[No Variations]"
Add component (AddParameter): Name = "Manufacturer_Name"; Value = "Maxim Integrated"; VariantName = "[No Variations]"
Add component (AddParameter): Name = "Manufacturer_Part_Number"; Value = "MAX14626ETT+T"; VariantName = "[No Variations]"
Add component (AddParameter): Name = "Mouser Part Number"; Value = "700-MAX14626ETT+T"; VariantName = "[No Variations]"
Add component (AddParameter): Name = "Mouser Price/Stock"; Value = "https://www.mouser.co.uk/ProductDetail/Maxim-Integrated/MAX14626ETT%2bT?qs=Vwh6e7toGLjhMUByPdHdJg%3D%3D"; VariantName = "[No Variations]"
Added Component: Designator=IC4(SON95P300X300X80-7N)
Add component. Clean all parameters for all variants
Add component (AddParameter): Name = "Arrow Part Number"; Value = ""; VariantName = "[No Variations]"
Add component (AddParameter): Name = "Arrow Price/Stock"; Value = ""; VariantName = "[No Variations]"
Add component (AddParameter): Name = "Datasheet Link"; Value = "http://datasheets.maximintegrated.com/en/ds/MAX14626.pdf"; VariantName = "[No Variations]"
Add component (AddParameter): Name = "Height"; Value = "0.8mm"; VariantName = "[No Variations]"
Add component (AddParameter): Name = "Manufacturer_Name"; Value = "Maxim Integrated"; VariantName = "[No Variations]"
Add component (AddParameter): Name = "Manufacturer_Part_Number"; Value = "MAX14626ETT+T"; VariantName = "[No Variations]"
Add component (AddParameter): Name = "Mouser Part Number"; Value = "700-MAX14626ETT+T"; VariantName = "[No Variations]"
Add component (AddParameter): Name = "Mouser Price/Stock"; Value = "https://www.mouser.co.uk/ProductDetail/Maxim-Integrated/MAX14626ETT%2bT?qs=Vwh6e7toGLjhMUByPdHdJg%3D%3D"; VariantName = "[No Variations]"
Added Pin To Net: NetName=AI6 Pin=IC3-1
Added Pin To Net: NetName=GND Pin=IC3-5
Added Pin To Net: NetName=DSW_AI6 Pin=IC3-6
Added Pin To Net: NetName=GND Pin=IC3-7
Added Pin To Net: NetName=AI7 Pin=IC4-1
Added Pin To Net: NetName=GND Pin=IC4-5
Added Pin To Net: NetName=DSW_AI7 Pin=IC4-6
Added Pin To Net: NetName=GND Pin=IC4-7
Change Net Name : Old Net Name=NetIC3_2 New Net Name=NetIC5_2
Change Net Name : Old Net Name=NetIC3_3 New Net Name=NetIC5_3
Change Net Name : Old Net Name=NetIC3_4 New Net Name=NetIC5_4
Change Net Name : Old Net Name=NetIC3_8 New Net Name=NetIC5_8
Change Net Name : Old Net Name=NetIC4_2 New Net Name=NetIC6_2
Change Net Name : Old Net Name=NetIC4_8 New Net Name=NetIC6_8
Change Net Name : Old Net Name=NetIC6_1 New Net Name=NetIC8_1
Change Net Name : Old Net Name=NetIC6_2 New Net Name=NetIC8_2
Change Net Name : Old Net Name=NetIC6_4 New Net Name=NetIC8_4
Change Net Name : Old Net Name=NetIC7_1 New Net Name=NetIC9_1
Change Net Name : Old Net Name=NetIC7_3 New Net Name=NetIC9_3
Change Net Name : Old Net Name=NetIC7_4 New Net Name=NetIC9_4
Change Net Name : Old Net Name=NetIC7_5 New Net Name=NetIC9_5
Change Net Name : Old Net Name=NetIC8_1 New Net Name=NetIC10_1
Change Net Name : Old Net Name=NetIC8_3 New Net Name=NetIC10_3
Added Member To Class: ClassName=U_BV100011_ControlPower Member=Component C60 100pF/50V
Added Member To Class: ClassName=U_BV100011_ControlPower Member=Component C61 UUD1H221MNL1GS
Added Member To Class: ClassName=U_BV100011_ControlPower Member=Component C62 UUD1H221MNL1GS
Added Member To Class: ClassName=U_BV100011_ControlPower Member=Component C63 100pF/50V
Added Member To Class: ClassName=U_BV100011_ControlPower Member=Component C64 1uF_X5R_0603
Added Member To Class: ClassName=U_BV100011_ControlPower Member=Component C65 1uF_X5R_0603
Added Member To Class: ClassName=U_BV100011_ControlPower Member=Component C66 100nF
Added Member To Class: ClassName=U_BV100011_ControlPower Member=Component C67 100nF
Added Member To Class: ClassName=U_BV100011_ControlRS485 Member=Component C68 100nF/16V
Added Member To Class: ClassName=U_BV100011_ControlRS485 Member=Component C69 0.1uF/10V
Added Member To Class: ClassName=U_BV100011_ControlRS485 Member=Component C70 0.1uF/16V
Added Member To Class: ClassName=U_BV100011_MCU144 Member=Component C71 2pF
Added Member To Class: ClassName=U_BV100011_MCU144 Member=Component C72 2pF
Added Member To Class: ClassName=U_BV100011_MCU144 Member=Component C73 4.3pF[N/A]
Added Member To Class: ClassName=U_BV100011_MCU144 Member=Component C74 4.3pF[N/A]
Added Member To Class: ClassName=U_BV100011_MCU144 Member=Component C75 100nF
Added Member To Class: ClassName=U_BV100011_MCU144 Member=Component C76 2.2uF_X7R
Added Member To Class: ClassName=U_BV100011_MCU144 Member=Component C77 2.2uF_X7R
Added Member To Class: ClassName=U_BV100011_MCU144 Member=Component C78 1uF_X5R_0603
Added Member To Class: ClassName=U_BV100011_MCU144 Member=Component C79 100nF
Added Member To Class: ClassName=U_BV100011_MCU144 Member=Component C80 100nF
Added Member To Class: ClassName=U_BV100011_MCU144 Member=Component C81 100nF
Added Member To Class: ClassName=U_BV100011_MCU144 Member=Component C82 100nF
Added Member To Class: ClassName=U_BV100011_MCU144 Member=Component C84 100nF
Added Member To Class: ClassName=U_BV100011_MCU144 Member=Component C85 100nF
Added Member To Class: ClassName=U_BV100011_MCU144 Member=Component C86 100nF
Added Member To Class: ClassName=U_BV100011_MCU144 Member=Component C87 100nF
Added Member To Class: ClassName=U_BV100011_MCU144 Member=Component C88 100nF
Added Member To Class: ClassName=U_BV100011_MCU144 Member=Component C90 100nF
Added Member To Class: ClassName=U_BV100011_Ethernet Member=Component C93 100nF
Added Member To Class: ClassName=U_BV100011_Ethernet Member=Component C94 100nF
Added Member To Class: ClassName=U_BV100011_Ethernet Member=Component C95 30pF
Added Member To Class: ClassName=U_BV100011_Ethernet Member=Component C96 100nF
Added Member To Class: ClassName=U_BV100011_Ethernet Member=Component C97 100nF
Added Member To Class: ClassName=U_BV100011_Ethernet Member=Component C98 10uF
Added Member To Class: ClassName=U_BV100011_Ethernet Member=Component C99 470pF
Added Member To Class: ClassName=U_BV100011_ControlPower Member=Component D38 SS34
Added Member To Class: ClassName=U_BV100011_ControlAI Member=Component IC3 MAX14626ETT+T
Added Member To Class: ClassName=U_BV100011_ControlAI Member=Component IC4 MAX14626ETT+T
Added Member To Class: ClassName=U_BV100011_ControlPower Member=Component L1 7447714068
Added Member To Class: ClassName=U_BV100011_MCU144 Member=Component L2 BEAD
