Removed Pin From Net: NetName=AI4 Pin=U16-1
Removed Pin From Net: NetName=GND Pin=U16-5
Removed Pin From Net: NetName=DSW_AI4 Pin=U16-6
Removed Pin From Net: NetName=GND Pin=U16-7
Removed Pin From Net: NetName=AI5 Pin=U18-1
Removed Pin From Net: NetName=GND Pin=U18-5
Removed Pin From Net: NetName=DSW_AI5 Pin=U18-6
Removed Pin From Net: NetName=GND Pin=U18-7
Removed Member From Class: ClassName=U_BV100011_ControlAI Member=IC9
Removed Member From Class: ClassName=U_BV100011_ControlAO Member=IC9
Removed Member From Class: ClassName=U_BV100011_ControlAI Member=IC10
Removed Member From Class: ClassName=U_BV100011_ControlAO Member=IC10
Removed Member From Class: ClassName=U_BV100011_ControlAI Member=U21
Change Component Designator: OldDesignator=IC3 NewDesignator=IC5
Change Component Designator: OldDesignator=IC4 NewDesignator=IC6
Change Component Designator: OldDesignator=IC5 NewDesignator=IC7
Change Component Designator: OldDesignator=IC6 NewDesignator=IC8
Change Component Designator: OldDesignator=IC7 NewDesignator=IC9
Change Component Designator: OldDesignator=IC8 NewDesignator=IC10
Change Component Designator: OldDesignator=IC9 NewDesignator=IC11
Change Component Designator: OldDesignator=IC10 NewDesignator=IC12
Change Component Designator: OldDesignator=U17 NewDesignator=U16
Change Component Designator: OldDesignator=U19 NewDesignator=U17
Change Component Designator: OldDesignator=U20 NewDesignator=U18
Change Component Designator: OldDesignator=U21 NewDesignator=U19
Change Component Designator: OldDesignator=U22 NewDesignator=U20
Change Component Designator: OldDesignator=U23 NewDesignator=U21
Change Component Designator: OldDesignator=U24 NewDesignator=U22
Change Component Designator: OldDesignator=U25 NewDesignator=U23
Change Component Designator: OldDesignator=U26 NewDesignator=U24
Change Component Designator: OldDesignator=U27 NewDesignator=U25
Change Component Designator: OldDesignator=U28 NewDesignator=U26
Change Component Designator: OldDesignator=U29 NewDesignator=U27
Added Component: Designator=IC3(SON95P300X300X80-7N)
Add component. Clean all parameters for all variants
Add component (AddParameter): Name = "Arrow Part Number"; Value = ""; VariantName = "[No Variations]"
Add component (AddParameter): Name = "Arrow Price/Stock"; Value = ""; VariantName = "[No Variations]"
Add component (AddParameter): Name = "Datasheet Link"; Value = "http://datasheets.maximintegrated.com/en/ds/MAX14626.pdf"; VariantName = "[No Variations]"
Add component (AddParameter): Name = "Height"; Value = "0.8mm"; VariantName = "[No Variations]"
Add component (AddParameter): Name = "Manufacturer_Name"; Value = "Maxim Integrated"; VariantName = "[No Variations]"
Add component (AddParameter): Name = "Manufacturer_Part_Number"; Value = "MAX14626ETT+T"; VariantName = "[No Variations]"
Add component (AddParameter): Name = "Mouser Part Number"; Value = "700-MAX14626ETT+T"; VariantName = "[No Variations]"
Add component (AddParameter): Name = "Mouser Price/Stock"; Value = "https://www.mouser.co.uk/ProductDetail/Maxim-Integrated/MAX14626ETT%2bT?qs=Vwh6e7toGLjhMUByPdHdJg%3D%3D"; VariantName = "[No Variations]"
Added Component: Designator=IC4(SON95P300X300X80-7N)
Add component. Clean all parameters for all variants
Add component (AddParameter): Name = "Arrow Part Number"; Value = ""; VariantName = "[No Variations]"
Add component (AddParameter): Name = "Arrow Price/Stock"; Value = ""; VariantName = "[No Variations]"
Add component (AddParameter): Name = "Datasheet Link"; Value = "http://datasheets.maximintegrated.com/en/ds/MAX14626.pdf"; VariantName = "[No Variations]"
Add component (AddParameter): Name = "Height"; Value = "0.8mm"; VariantName = "[No Variations]"
Add component (AddParameter): Name = "Manufacturer_Name"; Value = "Maxim Integrated"; VariantName = "[No Variations]"
Add component (AddParameter): Name = "Manufacturer_Part_Number"; Value = "MAX14626ETT+T"; VariantName = "[No Variations]"
Add component (AddParameter): Name = "Mouser Part Number"; Value = "700-MAX14626ETT+T"; VariantName = "[No Variations]"
Add component (AddParameter): Name = "Mouser Price/Stock"; Value = "https://www.mouser.co.uk/ProductDetail/Maxim-Integrated/MAX14626ETT%2bT?qs=Vwh6e7toGLjhMUByPdHdJg%3D%3D"; VariantName = "[No Variations]"
Added Pin To Net: NetName=AI4 Pin=IC3-1
Added Pin To Net: NetName=GND Pin=IC3-5
Added Pin To Net: NetName=DSW_AI4 Pin=IC3-6
Added Pin To Net: NetName=GND Pin=IC3-7
Added Pin To Net: NetName=AI5 Pin=IC4-1
Added Pin To Net: NetName=GND Pin=IC4-5
Added Pin To Net: NetName=DSW_AI5 Pin=IC4-6
Added Pin To Net: NetName=GND Pin=IC4-7
Change Net Name : Old Net Name=NetIC5_2 New Net Name=NetIC7_2
Change Net Name : Old Net Name=NetIC5_3 New Net Name=NetIC7_3
Change Net Name : Old Net Name=NetIC5_4 New Net Name=NetIC7_4
Change Net Name : Old Net Name=NetIC5_8 New Net Name=NetIC7_8
Change Net Name : Old Net Name=NetIC6_2 New Net Name=NetIC8_2
Change Net Name : Old Net Name=NetIC6_8 New Net Name=NetIC8_8
Change Net Name : Old Net Name=NetIC8_1 New Net Name=NetIC10_1
Change Net Name : Old Net Name=NetIC8_2 New Net Name=NetIC10_2
Change Net Name : Old Net Name=NetIC8_4 New Net Name=NetIC10_4
Change Net Name : Old Net Name=NetIC9_1 New Net Name=NetIC11_1
Change Net Name : Old Net Name=NetIC9_3 New Net Name=NetIC11_3
Change Net Name : Old Net Name=NetIC9_4 New Net Name=NetIC11_4
Change Net Name : Old Net Name=NetIC9_5 New Net Name=NetIC11_5
Change Net Name : Old Net Name=NetIC10_1 New Net Name=NetIC12_1
Change Net Name : Old Net Name=NetIC10_3 New Net Name=NetIC12_3
Added Member To Class: ClassName=U_BV100011_ControlAI Member=Component IC3 MAX14626ETT+T
Added Member To Class: ClassName=U_BV100011_ControlAI Member=Component IC4 MAX14626ETT+T
Added Member To Class: ClassName=U_BV100011_ControlAI Member=Component IC5 MAX14626ETT+T
Added Member To Class: ClassName=U_BV100011_ControlAI Member=Component IC6 MAX14626ETT+T
Added Member To Class: ClassName=U_BV100011_ControlAO Member=Component IC7 MCP4921-E_SN
Added Member To Class: ClassName=U_BV100011_ControlAO Member=Component IC8 MCP4921-E_SN
Added Member To Class: ClassName=U_BV100011_ControlAO Member=Component U21 MAX14850ASET
Added Member To Class: ClassName=U_BV100011_ControlAO Member=Component U22 XTR116UA
Added Member To Class: ClassName=U_BV100011_ControlAO Member=Component U23 XTR116UA
Added Member To Class: ClassName=U_BV100011_ControlPower Member=Component U24 LD39050PU33R
Added Member To Class: ClassName=U_BV100011_ControlRS485 Member=Component U25 MAX14850ASET
Added Member To Class: ClassName=U_BV100011_MCU144 Member=Component U26 MCU_LQFP144
Added Member To Class: ClassName=U_BV100011_Ethernet Member=Component U27 LAN8742A-CZ-TR
