Change Component Designator: Old Designator=C76 New Designator=C40
Change Component Designator: Old Designator=C77 New Designator=C41
Change Component Designator: Old Designator=C78 New Designator=C42
Change Component Designator: Old Designator=C79 New Designator=C43
Change Component Designator: Old Designator=C80 New Designator=C44
Change Component Designator: Old Designator=C81 New Designator=C45
Change Component Designator: Old Designator=D25 New Designator=D11
Change Component Designator: Old Designator=D26 New Designator=D12
Change Component Designator: Old Designator=D27 New Designator=D13
Change Component Designator: Old Designator=D28 New Designator=D14
Change Component Designator: Old Designator=D29 New Designator=D15
Change Component Designator: Old Designator=D30 New Designator=D16
Change Component Designator: Old Designator=D31 New Designator=D17
Change Component Designator: Old Designator=D32 New Designator=D18
Change Component Designator: Old Designator=D33 New Designator=D19
Change Component Designator: Old Designator=D34 New Designator=D20
Change Component Designator: Old Designator=IC5 New Designator=IC3
Change Component Designator: Old Designator=IC6 New Designator=IC4
Change Component Designator: Old Designator=Q3 New Designator=Q1
Change Component Designator: Old Designator=Q4 New Designator=Q2
Change Component Designator: Old Designator=R117 New Designator=R87
Change Component Designator: Old Designator=R118 New Designator=R88
Change Component Designator: Old Designator=R119 New Designator=R89
Change Component Designator: Old Designator=R120 New Designator=R90
Change Component Designator: Old Designator=R121 New Designator=R91
Change Component Designator: Old Designator=R122 New Designator=R92
Change Component Designator: Old Designator=R123 New Designator=R93
Change Component Designator: Old Designator=R124 New Designator=R94
Change Component Designator: Old Designator=U28 New Designator=U25
Change Component Designator: Old Designator=U29 New Designator=U26
Change Component Designator: Old Designator=U30 New Designator=U27
