Added Pin To Net: NetName=PF15 Pin=IC18-5
Added Pin To Net: NetName=PF14 Pin=IC18-6
Added Pin To Net: NetName=DI8 Pin=J2-1
Added Pin To Net: NetName=DI9 Pin=J2-2
Added Pin To Net: NetName=DI10 Pin=J2-3
Added Pin To Net: NetName=DI11 Pin=J2-4
Added Pin To Net: NetName=DI12 Pin=J2-5
Added Pin To Net: NetName=DI13 Pin=J2-6
Added Pin To Net: NetName=DI14 Pin=J2-7
Added Pin To Net: NetName=DI15 Pin=J2-8
Added Pin To Net: NetName=AI0 Pin=J3-1
Added Pin To Net: NetName=AI1 Pin=J3-2
Added Pin To Net: NetName=AI2 Pin=J3-3
Added Pin To Net: NetName=AI3 Pin=J3-4
Added Pin To Net: NetName=AI4 Pin=J3-5
Added Pin To Net: NetName=AI5 Pin=J3-6
Added Pin To Net: NetName=AI6 Pin=J3-7
Added Pin To Net: NetName=AI7 Pin=J3-8
Added Pin To Net: NetName=NetD20_2 Pin=J5-1
Added Pin To Net: NetName=NetD23_2 Pin=J5-2
Added Pin To Net: NetName=NetD25_2 Pin=J5-3
Added Pin To Net: NetName=NetD28_2 Pin=J5-4
Added Pin To Net: NetName=NetD39_2 Pin=J6-1
Added Pin To Net: NetName=NetD39_1 Pin=J6-2
Added Pin To Net: NetName=NetD39_2 Pin=R101-1
Added Pin To Net: NetName=NetD39_1 Pin=R101-2
Added Pin To Net: NetName=PF14 Pin=R170-2
Added Pin To Net: NetName=PF15 Pin=R171-2
Added Pin To Net: NetName=PF13 Pin=SB21-2
