Change Component Designator: OldDesignator=C37 NewDesignator=C1
Change Component Designator: OldDesignator=C38 NewDesignator=C2
Change Component Designator: OldDesignator=C39 NewDesignator=C3
Change Component Designator: OldDesignator=C40 NewDesignator=C4
Change Component Designator: OldDesignator=C41 NewDesignator=C5
Change Component Designator: OldDesignator=C42 NewDesignator=C6
Change Component Designator: OldDesignator=C43 NewDesignator=C7
Change Component Designator: OldDesignator=C44 NewDesignator=C8
Change Component Designator: OldDesignator=C45 NewDesignator=C9
Change Component Designator: OldDesignator=C46 NewDesignator=C10
Change Component Designator: OldDesignator=C47 NewDesignator=C11
Change Component Designator: OldDesignator=C48 NewDesignator=C12
Change Component Designator: OldDesignator=C49 NewDesignator=C13
Change Component Designator: OldDesignator=C50 NewDesignator=C14
Change Component Designator: OldDesignator=C51 NewDesignator=C15
Change Component Designator: OldDesignator=C52 NewDesignator=C16
Change Component Designator: OldDesignator=C53 NewDesignator=C17
Change Component Designator: OldDesignator=C54 NewDesignator=C18
Change Component Designator: OldDesignator=C55 NewDesignator=C19
Change Component Designator: OldDesignator=C56 NewDesignator=C20
Change Component Designator: OldDesignator=C57 NewDesignator=C21
Change Component Designator: OldDesignator=C58 NewDesignator=C22
Change Component Designator: OldDesignator=C59 NewDesignator=C23
Change Component Designator: OldDesignator=C60 NewDesignator=C24
Change Component Designator: OldDesignator=C61 NewDesignator=C25
Change Component Designator: OldDesignator=C62 NewDesignator=C26
Change Component Designator: OldDesignator=C63 NewDesignator=C27
Change Component Designator: OldDesignator=C64 NewDesignator=C28
Change Component Designator: OldDesignator=C65 NewDesignator=C29
Change Component Designator: OldDesignator=C66 NewDesignator=C30
Change Component Designator: OldDesignator=C67 NewDesignator=C31
Change Component Designator: OldDesignator=C68 NewDesignator=C32
Change Component Designator: OldDesignator=C69 NewDesignator=C33
Change Component Designator: OldDesignator=C70 NewDesignator=C34
Change Component Designator: OldDesignator=C71 NewDesignator=C35
Change Component Designator: OldDesignator=C72 NewDesignator=C36
Change Component Designator: OldDesignator=C73 NewDesignator=C37
Change Component Designator: OldDesignator=C74 NewDesignator=C38
Change Component Designator: OldDesignator=C75 NewDesignator=C39
Change Component Designator: OldDesignator=C76 NewDesignator=C40
Change Component Designator: OldDesignator=C77 NewDesignator=C41
Change Component Designator: OldDesignator=C78 NewDesignator=C42
Change Component Designator: OldDesignator=C79 NewDesignator=C43
Change Component Designator: OldDesignator=C80 NewDesignator=C44
Change Component Designator: OldDesignator=C81 NewDesignator=C45
Change Component Designator: OldDesignator=C82 NewDesignator=C46
Change Component Designator: OldDesignator=C83 NewDesignator=C47
Change Component Designator: OldDesignator=C84 NewDesignator=C48
Change Component Designator: OldDesignator=C85 NewDesignator=C49
Change Component Designator: OldDesignator=C86 NewDesignator=C50
Change Component Designator: OldDesignator=C87 NewDesignator=C51
Change Component Designator: OldDesignator=D7 NewDesignator=D1
Change Component Designator: OldDesignator=D8 NewDesignator=D2
Change Component Designator: OldDesignator=D9 NewDesignator=D3
Change Component Designator: OldDesignator=D10 NewDesignator=D4
Change Component Designator: OldDesignator=D11 NewDesignator=D5
Change Component Designator: OldDesignator=D12 NewDesignator=D6
Change Component Designator: OldDesignator=D13 NewDesignator=D7
Change Component Designator: OldDesignator=D14 NewDesignator=D8
Change Component Designator: OldDesignator=D15 NewDesignator=D9
Change Component Designator: OldDesignator=D16 NewDesignator=D10
Change Component Designator: OldDesignator=D25 NewDesignator=D11
Change Component Designator: OldDesignator=D26 NewDesignator=D12
Change Component Designator: OldDesignator=D27 NewDesignator=D13
Change Component Designator: OldDesignator=D28 NewDesignator=D14
Change Component Designator: OldDesignator=D29 NewDesignator=D15
Change Component Designator: OldDesignator=D30 NewDesignator=D16
Change Component Designator: OldDesignator=D31 NewDesignator=D17
Change Component Designator: OldDesignator=D32 NewDesignator=D18
Change Component Designator: OldDesignator=D33 NewDesignator=D19
Change Component Designator: OldDesignator=D34 NewDesignator=D20
Change Component Designator: OldDesignator=IC3 NewDesignator=IC1
Change Component Designator: OldDesignator=IC4 NewDesignator=IC2
Change Component Designator: OldDesignator=IC5 NewDesignator=IC3
Change Component Designator: OldDesignator=IC6 NewDesignator=IC4
Change Component Designator: OldDesignator=LED3 NewDesignator=LED1
Change Component Designator: OldDesignator=LED4 NewDesignator=LED2
Change Component Designator: OldDesignator=LED5 NewDesignator=LED3
Change Component Designator: OldDesignator=LED6 NewDesignator=LED4
Change Component Designator: OldDesignator=LED7 NewDesignator=LED5
Change Component Designator: OldDesignator=LED8 NewDesignator=LED6
Change Component Designator: OldDesignator=LED9 NewDesignator=LED7
Change Component Designator: OldDesignator=LED10 NewDesignator=LED8
Change Component Designator: OldDesignator=LED11 NewDesignator=LED9
Change Component Designator: OldDesignator=LED12 NewDesignator=LED10
Change Component Designator: OldDesignator=LED13 NewDesignator=LED11
Change Component Designator: OldDesignator=LED14 NewDesignator=LED12
Change Component Designator: OldDesignator=LED15 NewDesignator=LED13
Change Component Designator: OldDesignator=LED16 NewDesignator=LED14
Change Component Designator: OldDesignator=LED17 NewDesignator=LED15
Change Component Designator: OldDesignator=LED18 NewDesignator=LED16
Change Component Designator: OldDesignator=Q3 NewDesignator=Q1
Change Component Designator: OldDesignator=Q4 NewDesignator=Q2
Change Component Designator: OldDesignator=R31 NewDesignator=R1
Change Component Designator: OldDesignator=R32 NewDesignator=R2
Change Component Designator: OldDesignator=R33 NewDesignator=R3
Change Component Designator: OldDesignator=R34 NewDesignator=R4
Change Component Designator: OldDesignator=R35 NewDesignator=R5
Change Component Designator: OldDesignator=R36 NewDesignator=R6
Change Component Designator: OldDesignator=R37 NewDesignator=R7
Change Component Designator: OldDesignator=R38 NewDesignator=R8
Change Component Designator: OldDesignator=R39 NewDesignator=R9
Change Component Designator: OldDesignator=R40 NewDesignator=R10
Change Component Designator: OldDesignator=R41 NewDesignator=R11
Change Component Designator: OldDesignator=R42 NewDesignator=R12
Change Component Designator: OldDesignator=R43 NewDesignator=R13
Change Component Designator: OldDesignator=R44 NewDesignator=R14
Change Component Designator: OldDesignator=R45 NewDesignator=R15
Change Component Designator: OldDesignator=R46 NewDesignator=R16
Change Component Designator: OldDesignator=R47 NewDesignator=R17
Change Component Designator: OldDesignator=R48 NewDesignator=R18
Change Component Designator: OldDesignator=R49 NewDesignator=R19
Change Component Designator: OldDesignator=R50 NewDesignator=R20
Change Component Designator: OldDesignator=R51 NewDesignator=R21
Change Component Designator: OldDesignator=R52 NewDesignator=R22
Change Component Designator: OldDesignator=R53 NewDesignator=R23
Change Component Designator: OldDesignator=R54 NewDesignator=R24
Change Component Designator: OldDesignator=R55 NewDesignator=R25
Change Component Designator: OldDesignator=R56 NewDesignator=R26
Change Component Designator: OldDesignator=R57 NewDesignator=R27
Change Component Designator: OldDesignator=R58 NewDesignator=R28
Change Component Designator: OldDesignator=R59 NewDesignator=R29
Change Component Designator: OldDesignator=R60 NewDesignator=R30
Change Component Designator: OldDesignator=R61 NewDesignator=R31
Change Component Designator: OldDesignator=R62 NewDesignator=R32
Change Component Designator: OldDesignator=R63 NewDesignator=R33
Change Component Designator: OldDesignator=R64 NewDesignator=R34
Change Component Designator: OldDesignator=R65 NewDesignator=R35
Change Component Designator: OldDesignator=R66 NewDesignator=R36
Change Component Designator: OldDesignator=R67 NewDesignator=R37
Change Component Designator: OldDesignator=R68 NewDesignator=R38
Change Component Designator: OldDesignator=R69 NewDesignator=R39
Change Component Designator: OldDesignator=R70 NewDesignator=R40
Change Component Designator: OldDesignator=R71 NewDesignator=R41
Change Component Designator: OldDesignator=R72 NewDesignator=R42
Change Component Designator: OldDesignator=R73 NewDesignator=R43
Change Component Designator: OldDesignator=R74 NewDesignator=R44
Change Component Designator: OldDesignator=R75 NewDesignator=R45
Change Component Designator: OldDesignator=R76 NewDesignator=R46
Change Component Designator: OldDesignator=R77 NewDesignator=R47
Change Component Designator: OldDesignator=R78 NewDesignator=R48
Change Component Designator: OldDesignator=R79 NewDesignator=R49
Change Component Designator: OldDesignator=R80 NewDesignator=R50
Change Component Designator: OldDesignator=R81 NewDesignator=R51
Change Component Designator: OldDesignator=R82 NewDesignator=R52
Change Component Designator: OldDesignator=R83 NewDesignator=R53
Change Component Designator: OldDesignator=R84 NewDesignator=R54
Change Component Designator: OldDesignator=R85 NewDesignator=R55
Change Component Designator: OldDesignator=R86 NewDesignator=R56
Change Component Designator: OldDesignator=R87 NewDesignator=R57
Change Component Designator: OldDesignator=R88 NewDesignator=R58
Change Component Designator: OldDesignator=R89 NewDesignator=R59
Change Component Designator: OldDesignator=R90 NewDesignator=R60
Change Component Designator: OldDesignator=R91 NewDesignator=R61
Change Component Designator: OldDesignator=R92 NewDesignator=R62
Change Component Designator: OldDesignator=R93 NewDesignator=R63
Change Component Designator: OldDesignator=R94 NewDesignator=R64
Change Component Designator: OldDesignator=R95 NewDesignator=R65
Change Component Designator: OldDesignator=R96 NewDesignator=R66
Change Component Designator: OldDesignator=R97 NewDesignator=R67
Change Component Designator: OldDesignator=R98 NewDesignator=R68
Change Component Designator: OldDesignator=R99 NewDesignator=R69
Change Component Designator: OldDesignator=R100 NewDesignator=R70
Change Component Designator: OldDesignator=R101 NewDesignator=R71
Change Component Designator: OldDesignator=R102 NewDesignator=R72
Change Component Designator: OldDesignator=R103 NewDesignator=R73
Change Component Designator: OldDesignator=R104 NewDesignator=R74
Change Component Designator: OldDesignator=R105 NewDesignator=R75
Change Component Designator: OldDesignator=R106 NewDesignator=R76
Change Component Designator: OldDesignator=R107 NewDesignator=R77
Change Component Designator: OldDesignator=R108 NewDesignator=R78
Change Component Designator: OldDesignator=R109 NewDesignator=R79
Change Component Designator: OldDesignator=R110 NewDesignator=R80
Change Component Designator: OldDesignator=R111 NewDesignator=R81
Change Component Designator: OldDesignator=R112 NewDesignator=R82
Change Component Designator: OldDesignator=R113 NewDesignator=R83
Change Component Designator: OldDesignator=R114 NewDesignator=R84
Change Component Designator: OldDesignator=R115 NewDesignator=R85
Change Component Designator: OldDesignator=R116 NewDesignator=R86
Change Component Designator: OldDesignator=R117 NewDesignator=R87
Change Component Designator: OldDesignator=R118 NewDesignator=R88
Change Component Designator: OldDesignator=R119 NewDesignator=R89
Change Component Designator: OldDesignator=R120 NewDesignator=R90
Change Component Designator: OldDesignator=R121 NewDesignator=R91
Change Component Designator: OldDesignator=R122 NewDesignator=R92
Change Component Designator: OldDesignator=R123 NewDesignator=R93
Change Component Designator: OldDesignator=R124 NewDesignator=R94
Change Component Designator: OldDesignator=R125 NewDesignator=R95
Change Component Designator: OldDesignator=R126 NewDesignator=R96
Change Component Designator: OldDesignator=R127 NewDesignator=R97
Change Component Designator: OldDesignator=R128 NewDesignator=R98
Change Component Designator: OldDesignator=R129 NewDesignator=R99
Change Component Designator: OldDesignator=R130 NewDesignator=R100
Change Component Designator: OldDesignator=R131 NewDesignator=R101
Change Component Designator: OldDesignator=R132 NewDesignator=R102
Change Component Designator: OldDesignator=R133 NewDesignator=R103
Change Component Designator: OldDesignator=R134 NewDesignator=R104
Change Component Designator: OldDesignator=R135 NewDesignator=R105
Change Component Designator: OldDesignator=R136 NewDesignator=R106
Change Component Designator: OldDesignator=U4 NewDesignator=U1
Change Component Designator: OldDesignator=U5 NewDesignator=U2
Change Component Designator: OldDesignator=U6 NewDesignator=U3
Change Component Designator: OldDesignator=U7 NewDesignator=U4
Change Component Designator: OldDesignator=U8 NewDesignator=U5
Change Component Designator: OldDesignator=U9 NewDesignator=U6
Change Component Designator: OldDesignator=U10 NewDesignator=U7
Change Component Designator: OldDesignator=U11 NewDesignator=U8
Change Component Designator: OldDesignator=U12 NewDesignator=U9
Change Component Designator: OldDesignator=U13 NewDesignator=U10
Change Component Designator: OldDesignator=U14 NewDesignator=U11
Change Component Designator: OldDesignator=U15 NewDesignator=U12
Change Component Designator: OldDesignator=U16 NewDesignator=U13
Change Component Designator: OldDesignator=U17 NewDesignator=U14
Change Component Designator: OldDesignator=U18 NewDesignator=U15
Change Component Designator: OldDesignator=U19 NewDesignator=U16
Change Component Designator: OldDesignator=U20 NewDesignator=U17
Change Component Designator: OldDesignator=U21 NewDesignator=U18
Change Component Designator: OldDesignator=U22 NewDesignator=U19
Change Component Designator: OldDesignator=U23 NewDesignator=U20
Change Component Designator: OldDesignator=U24 NewDesignator=U21
Change Component Designator: OldDesignator=U25 NewDesignator=U22
Change Component Designator: OldDesignator=U26 NewDesignator=U23
Change Component Designator: OldDesignator=U27 NewDesignator=U24
Change Component Designator: OldDesignator=U28 NewDesignator=U25
Change Component Designator: OldDesignator=U29 NewDesignator=U26
Change Component Designator: OldDesignator=U30 NewDesignator=U27
Change Component Designator: OldDesignator=U31 NewDesignator=U28
Change Component Designator: OldDesignator=U32 NewDesignator=U29
Change Component Designator: OldDesignator=U33 NewDesignator=U30
Change Net Name : Old Net Name=NetC45_2 New Net Name=NetC9_2
Change Net Name : Old Net Name=NetC46_2 New Net Name=NetC10_2
Change Net Name : Old Net Name=NetC47_2 New Net Name=NetC11_2
Change Net Name : Old Net Name=NetC48_2 New Net Name=NetC12_2
Change Net Name : Old Net Name=NetC49_2 New Net Name=NetC13_2
Change Net Name : Old Net Name=NetC50_2 New Net Name=NetC14_2
Change Net Name : Old Net Name=NetC51_2 New Net Name=NetC15_2
Change Net Name : Old Net Name=NetC52_2 New Net Name=NetC16_2
Change Net Name : Old Net Name=NetC53_1 New Net Name=NetC17_1
Change Net Name : Old Net Name=NetC54_1 New Net Name=NetC18_1
Change Net Name : Old Net Name=NetC55_1 New Net Name=NetC19_1
Change Net Name : Old Net Name=NetC56_1 New Net Name=NetC20_1
Change Net Name : Old Net Name=NetC57_1 New Net Name=NetC21_1
Change Net Name : Old Net Name=NetC58_1 New Net Name=NetC22_1
Change Net Name : Old Net Name=NetC59_1 New Net Name=NetC23_1
Change Net Name : Old Net Name=NetC60_1 New Net Name=NetC24_1
Change Net Name : Old Net Name=NetC63_1 New Net Name=NetC27_1
Change Net Name : Old Net Name=NetC66_1 New Net Name=NetC30_1
Change Net Name : Old Net Name=NetC68_1 New Net Name=NetC32_1
Change Net Name : Old Net Name=NetC68_2 New Net Name=NetC32_2
Change Net Name : Old Net Name=NetC69_1 New Net Name=NetC33_1
Change Net Name : Old Net Name=NetC69_2 New Net Name=NetC33_2
Change Net Name : Old Net Name=NetC70_1 New Net Name=NetC34_1
Change Net Name : Old Net Name=NetC70_2 New Net Name=NetC34_2
Change Net Name : Old Net Name=NetC71_1 New Net Name=NetC35_1
Change Net Name : Old Net Name=NetC71_2 New Net Name=NetC35_2
Change Net Name : Old Net Name=NetC72_1 New Net Name=NetC36_1
Change Net Name : Old Net Name=NetC72_2 New Net Name=NetC36_2
Change Net Name : Old Net Name=NetC73_1 New Net Name=NetC37_1
Change Net Name : Old Net Name=NetC73_2 New Net Name=NetC37_2
Change Net Name : Old Net Name=NetC74_1 New Net Name=NetC38_1
Change Net Name : Old Net Name=NetC74_2 New Net Name=NetC38_2
Change Net Name : Old Net Name=NetC75_1 New Net Name=NetC39_1
Change Net Name : Old Net Name=NetC75_2 New Net Name=NetC39_2
Change Net Name : Old Net Name=NetC80_1 New Net Name=NetC44_1
Change Net Name : Old Net Name=NetC80_2 New Net Name=NetC44_2
Change Net Name : Old Net Name=NetC81_1 New Net Name=NetC45_1
Change Net Name : Old Net Name=NetC81_2 New Net Name=NetC45_2
Change Net Name : Old Net Name=NetD25_2 New Net Name=NetD11_2
Change Net Name : Old Net Name=NetD28_2 New Net Name=NetD14_2
Change Net Name : Old Net Name=NetD30_2 New Net Name=NetD16_2
Change Net Name : Old Net Name=NetD33_2 New Net Name=NetD19_2
Change Net Name : Old Net Name=NetIC4_3 New Net Name=NetIC2_3
Change Net Name : Old Net Name=NetIC4_4 New Net Name=NetIC2_4
Change Net Name : Old Net Name=NetIC4_5 New Net Name=NetIC2_5
Change Net Name : Old Net Name=NetIC4_14 New Net Name=NetIC2_14
Change Net Name : Old Net Name=NetIC5_2 New Net Name=NetIC3_2
Change Net Name : Old Net Name=NetIC5_3 New Net Name=NetIC3_3
Change Net Name : Old Net Name=NetIC5_4 New Net Name=NetIC3_4
Change Net Name : Old Net Name=NetIC5_8 New Net Name=NetIC3_8
Change Net Name : Old Net Name=NetIC6_2 New Net Name=NetIC4_2
Change Net Name : Old Net Name=NetIC6_8 New Net Name=NetIC4_8
Change Net Name : Old Net Name=NetLED3_2 New Net Name=NetLED1_2
Change Net Name : Old Net Name=NetLED4_2 New Net Name=NetLED2_2
Change Net Name : Old Net Name=NetLED5_2 New Net Name=NetLED3_2
Change Net Name : Old Net Name=NetLED6_2 New Net Name=NetLED4_2
Change Net Name : Old Net Name=NetLED7_2 New Net Name=NetLED5_2
Change Net Name : Old Net Name=NetLED8_2 New Net Name=NetLED6_2
Change Net Name : Old Net Name=NetLED9_2 New Net Name=NetLED7_2
Change Net Name : Old Net Name=NetLED10_2 New Net Name=NetLED8_2
Change Net Name : Old Net Name=NetLED11_2 New Net Name=NetLED9_2
Change Net Name : Old Net Name=NetLED12_2 New Net Name=NetLED10_2
Change Net Name : Old Net Name=NetLED13_2 New Net Name=NetLED11_2
Change Net Name : Old Net Name=NetLED14_2 New Net Name=NetLED12_2
Change Net Name : Old Net Name=NetLED15_2 New Net Name=NetLED13_2
Change Net Name : Old Net Name=NetLED16_2 New Net Name=NetLED14_2
Change Net Name : Old Net Name=NetLED17_2 New Net Name=NetLED15_2
Change Net Name : Old Net Name=NetLED18_2 New Net Name=NetLED16_2
Change Net Name : Old Net Name=NetQ3_1 New Net Name=NetQ1_1
Change Net Name : Old Net Name=NetQ3_3 New Net Name=NetQ1_3
Change Net Name : Old Net Name=NetQ4_1 New Net Name=NetQ2_1
Change Net Name : Old Net Name=NetQ4_3 New Net Name=NetQ2_3
Change Net Name : Old Net Name=NetR85_2 New Net Name=NetR55_2
Change Net Name : Old Net Name=NetR86_2 New Net Name=NetR56_2
Change Net Name : Old Net Name=NetR87_2 New Net Name=NetR57_2
Change Net Name : Old Net Name=NetR88_1 New Net Name=NetR58_1
Change Net Name : Old Net Name=NetR90_2 New Net Name=NetR60_2
Change Net Name : Old Net Name=NetR91_1 New Net Name=NetR61_1
Change Net Name : Old Net Name=NetR93_2 New Net Name=NetR63_2
Change Net Name : Old Net Name=NetR94_2 New Net Name=NetR64_2
Change Net Name : Old Net Name=NetR95_2 New Net Name=NetR65_2
Change Net Name : Old Net Name=NetR96_1 New Net Name=NetR66_1
Change Net Name : Old Net Name=NetR98_2 New Net Name=NetR68_2
Change Net Name : Old Net Name=NetR99_1 New Net Name=NetR69_1
Change Net Name : Old Net Name=NetR101_2 New Net Name=NetR71_2
Change Net Name : Old Net Name=NetR102_2 New Net Name=NetR72_2
Change Net Name : Old Net Name=NetR103_2 New Net Name=NetR73_2
Change Net Name : Old Net Name=NetR104_1 New Net Name=NetR74_1
Change Net Name : Old Net Name=NetR106_2 New Net Name=NetR76_2
Change Net Name : Old Net Name=NetR107_1 New Net Name=NetR77_1
Change Net Name : Old Net Name=NetR109_2 New Net Name=NetR79_2
Change Net Name : Old Net Name=NetR110_2 New Net Name=NetR80_2
Change Net Name : Old Net Name=NetR111_2 New Net Name=NetR81_2
Change Net Name : Old Net Name=NetR112_1 New Net Name=NetR82_1
Change Net Name : Old Net Name=NetR114_2 New Net Name=NetR84_2
Change Net Name : Old Net Name=NetR115_1 New Net Name=NetR85_1
Change Net Name : Old Net Name=NetR121_1 New Net Name=NetR91_1
Change Net Name : Old Net Name=NetR122_2 New Net Name=NetR92_2
Change Net Name : Old Net Name=NetR123_1 New Net Name=NetR93_1
Change Net Name : Old Net Name=NetR124_2 New Net Name=NetR94_2
Added Room: Name=U_BV100011_ControlAI
Added Room: Name=U_BV100011_ControlAO
Added Room: Name=U_BV100011_ControlConnector
Added Room: Name=U_BV100011_ControlDI
Added Room: Name=U_BV100011_ControlDO
Added Room: Name=U_BV100011_ControlIsolator
