Removed Pin From Net: NetName=+5V_ISO Pin=P4-1
Removed Pin From Net: NetName=+5V_ISO Pin=P4-2
Removed Pin From Net: NetName=+3.3V_ISO Pin=P4-5
Removed Pin From Net: NetName=+3.3V_ISO Pin=P4-6
Removed Pin From Net: NetName=GND0 Pin=P4-7
Removed Pin From Net: NetName=GND0 Pin=P4-8
Removed Pin From Net: NetName=GND0 Pin=P4-9
Removed Pin From Net: NetName=GND0 Pin=P4-10
Removed Member From Class: ClassName=U_BV100011_ControlConnector Member=P4
Added Pin To Net: NetName=GND Pin=P1-4
Added Pin To Net: NetName=GND0 Pin=P3-4
Change Net Name : Old Net Name=NetJ2_43 New Net Name=I2C_INT
Change Net Name : Old Net Name=NetJ2_45 New Net Name=I2C_SCL
Change Net Name : Old Net Name=NetJ2_47 New Net Name=I2C_SDA
Added Pin To Net: NetName=CAN_RX Pin=J2-31
Added Pin To Net: NetName=CAN_RX Pin=P1-10
Added Net: Name=CAN_RX
Added Pin To Net: NetName=CAN_TX Pin=J2-33
Added Pin To Net: NetName=CAN_TX Pin=P1-9
Added Net: Name=CAN_TX
Added Pin To Net: NetName=GPIO0 Pin=J2-25
Added Pin To Net: NetName=GPIO0 Pin=P3-9
Added Net: Name=GPIO0
Added Pin To Net: NetName=GPIO1 Pin=J2-23
Added Pin To Net: NetName=GPIO1 Pin=P3-10
Added Net: Name=GPIO1
Added Pin To Net: NetName=SPI_CS Pin=J2-41
Added Pin To Net: NetName=SPI_CS Pin=P1-5
Added Net: Name=SPI_CS
Added Pin To Net: NetName=SPI_MISO Pin=J2-37
Added Pin To Net: NetName=SPI_MISO Pin=P1-7
Added Net: Name=SPI_MISO
Added Pin To Net: NetName=SPI_MOSI Pin=J2-35
Added Pin To Net: NetName=SPI_MOSI Pin=P1-8
Added Net: Name=SPI_MOSI
Added Pin To Net: NetName=SPI_SCK Pin=J2-39
Added Pin To Net: NetName=SPI_SCK Pin=P1-6
Added Net: Name=SPI_SCK
Added Pin To Net: NetName=uART_RX Pin=J2-29
Added Pin To Net: NetName=uART_RX Pin=P3-1
Added Net: Name=uART_RX
Added Pin To Net: NetName=uART_TX Pin=J2-27
Added Pin To Net: NetName=uART_TX Pin=P3-2
Added Net: Name=uART_TX
Added Room: Name=BV100011_ControlTopLevel
Added Room: Name=U_BV100011_ControlAI
Added Room: Name=U_BV100011_ControlAO
Added Room: Name=U_BV100011_ControlConnector
Added Room: Name=U_BV100011_ControlDI
Added Room: Name=U_BV100011_ControlDO
Added Room: Name=U_BV100011_ControlPower
Added Room: Name=U_BV100011_ControlRS485
