Removed Pin From Net: NetName=GND0 Pin=C3-1
Removed Pin From Net: NetName=GND Pin=C4-1
Removed Pin From Net: NetName=GND Pin=C5-1
Removed Pin From Net: NetName=GND Pin=C6-1
Removed Pin From Net: NetName=GND0 Pin=C7-1
Removed Pin From Net: NetName=GND0 Pin=C8-1
Removed Pin From Net: NetName=GND0 Pin=C9-1
Removed Pin From Net: NetName=GND0 Pin=C10-1
Removed Pin From Net: NetName=GND Pin=C11-1
Removed Pin From Net: NetName=GND Pin=C12-2
Removed Pin From Net: NetName=GND Pin=C13-2
Removed Pin From Net: NetName=GND Pin=C14-1
Removed Pin From Net: NetName=GND Pin=C15-1
Removed Pin From Net: NetName=GND0 Pin=C15-2
Removed Pin From Net: NetName=GND Pin=C16-1
Removed Pin From Net: NetName=GND Pin=C17-1
Removed Pin From Net: NetName=GND0 Pin=C18-1
Removed Pin From Net: NetName=GND0 Pin=C19-1
Removed Pin From Net: NetName=GND0 Pin=C20-1
Removed Pin From Net: NetName=GND0 Pin=C21-1
Removed Pin From Net: NetName=GND0 Pin=C22-1
Removed Pin From Net: NetName=GND0 Pin=C23-1
Removed Pin From Net: NetName=GND Pin=C25-1
Removed Pin From Net: NetName=GND Pin=C26-1
Removed Pin From Net: NetName=GND Pin=C27-1
Removed Pin From Net: NetName=GND Pin=C28-1
Removed Pin From Net: NetName=GND Pin=C29-1
Removed Pin From Net: NetName=GND Pin=C30-1
Removed Pin From Net: NetName=GND Pin=C31-1
Removed Pin From Net: NetName=GND Pin=C32-1
Removed Pin From Net: NetName=GND Pin=C33-1
Removed Pin From Net: NetName=GND Pin=C34-1
Removed Pin From Net: NetName=GND Pin=C35-1
Removed Pin From Net: NetName=GND Pin=C36-1
Removed Pin From Net: NetName=GND0 Pin=D2-1
Removed Pin From Net: NetName=GND0 Pin=D4-2
Removed Pin From Net: NetName=GND Pin=D5-2
Removed Pin From Net: NetName=GND Pin=D6-2
Removed Pin From Net: NetName=GND Pin=IC1-12
Removed Pin From Net: NetName=GND Pin=IC1-14
Removed Pin From Net: NetName=GND Pin=IC2-5
Removed Pin From Net: NetName=GND Pin=IC2-8
Removed Pin From Net: NetName=GND Pin=IC2-11
Removed Pin From Net: NetName=GND0 Pin=LED1-1
Removed Pin From Net: NetName=GND Pin=LED2-1
Removed Pin From Net: NetName=GND0 Pin=Q2-1
Removed Pin From Net: NetName=GND0 Pin=Q2-2
Removed Pin From Net: NetName=GND0 Pin=Q2-3
Removed Pin From Net: NetName=GND0 Pin=R6-1
Removed Pin From Net: NetName=GND Pin=R7-1
Removed Pin From Net: NetName=GND Pin=R8-1
Removed Pin From Net: NetName=GND Pin=R11-2
Removed Pin From Net: NetName=GND Pin=R16-1
Removed Pin From Net: NetName=GND Pin=R17-1
Removed Pin From Net: NetName=GND Pin=R18-1
Removed Pin From Net: NetName=GND0 Pin=R22-1
Removed Pin From Net: NetName=GND Pin=R25-2
Removed Pin From Net: NetName=GND Pin=R26-1
Removed Pin From Net: NetName=GND Pin=R30-1
Removed Pin From Net: NetName=GND Pin=SL1-2
Removed Pin From Net: NetName=GND Pin=SL1-3
Removed Pin From Net: NetName=GND0 Pin=U1-2
Removed Pin From Net: NetName=GND0 Pin=U2-2
Removed Pin From Net: NetName=GND Pin=U3-2
Added Room: Name=U_BV100011_ControlAI
Added Room: Name=U_BV100011_ControlAO
Added Room: Name=U_BV100011_ControlConnector
Added Room: Name=U_BV100011_ControlDI
Added Room: Name=U_BV100011_ControlDO
Added Room: Name=U_BV100011_ControlIsolator
