Removed Pin From Net: NetName=GND0 Pin=J2-1
Removed Pin From Net: NetName=uC_DI15 Pin=J2-7
Removed Pin From Net: NetName=uC_DI14 Pin=J2-9
Removed Pin From Net: NetName=uC_DI13 Pin=J2-11
Removed Pin From Net: NetName=uC_DI12 Pin=J2-13
Removed Pin From Net: NetName=uC_DI11 Pin=J2-15
Removed Pin From Net: NetName=uC_DI10 Pin=J2-17
Removed Pin From Net: NetName=uC_DI9 Pin=J2-19
Removed Pin From Net: NetName=uC_DI8 Pin=J2-21
Removed Pin From Net: NetName=GND0 Pin=J2-22
Removed Pin From Net: NetName=GPIO0 Pin=J2-23
Removed Pin From Net: NetName=GPIO1 Pin=J2-25
Removed Pin From Net: NetName=uART_TX Pin=J2-27
Removed Pin From Net: NetName=uART_RX Pin=J2-29
Removed Pin From Net: NetName=CAN_RX Pin=J2-31
Removed Pin From Net: NetName=CAN_TX Pin=J2-33
Removed Pin From Net: NetName=SPI_MOSI Pin=J2-35
Removed Pin From Net: NetName=SPI_MISO Pin=J2-37
Removed Pin From Net: NetName=SPI_SCK Pin=J2-39
Removed Pin From Net: NetName=SPI_CS Pin=J2-41
Removed Pin From Net: NetName=I2C_INT Pin=J2-43
Removed Pin From Net: NetName=I2C_SCL Pin=J2-45
Removed Pin From Net: NetName=I2C_SDA Pin=J2-47
Removed Pin From Net: NetName=GND0 Pin=J2-48
Removed Pin From Net: NetName=GPIO2 Pin=J2-49
Removed Pin From Net: NetName=uC_DI0 Pin=J2-50
Removed Pin From Net: NetName=GPIO3 Pin=J2-51
Removed Pin From Net: NetName=uC_DI1 Pin=J2-52
Removed Pin From Net: NetName=uC_DI2 Pin=J2-54
Removed Pin From Net: NetName=uC_DI3 Pin=J2-56
Removed Pin From Net: NetName=uC_DI4 Pin=J2-58
Removed Pin From Net: NetName=GPIO4 Pin=J2-59
Removed Pin From Net: NetName=uC_DI5 Pin=J2-60
Removed Pin From Net: NetName=GPIO5 Pin=J2-61
Removed Pin From Net: NetName=uC_DI6 Pin=J2-62
Removed Pin From Net: NetName=NetJ2_63 Pin=J2-63
Removed Pin From Net: NetName=uC_DI7 Pin=J2-64
Removed Pin From Net: NetName=+3.3V_ISO Pin=J2-65
Removed Pin From Net: NetName=GND0 Pin=J2-66
Removed Pin From Net: NetName=+3.3V_ISO Pin=J2-67
Removed Member From Class: ClassName=U_BV100011_ControlConnector Member=J7
Change Component Designator: OldDesignator=J3 NewDesignator=J2
Change Component Designator: OldDesignator=J4 NewDesignator=J3
Change Component Designator: OldDesignator=J5 NewDesignator=J4
Change Component Designator: OldDesignator=J6 NewDesignator=J5
Change Component Designator: OldDesignator=J7 NewDesignator=J6
Change Component Designator: OldDesignator=J8 NewDesignator=J7
Change Net Name : Old Net Name=NetJ2_63 New Net Name=NetU28_1
Added Pin To Net: NetName=NetLED13_1 Pin=LED13-1
Added Pin To Net: NetName=NetLED13_1 Pin=R33-1
Added Net: Name=NetLED13_1
Added Pin To Net: NetName=NetLED14_1 Pin=LED14-1
Added Pin To Net: NetName=NetLED14_1 Pin=R32-1
Added Net: Name=NetLED14_1
Added Pin To Net: NetName=NetLED15_1 Pin=LED15-1
Added Pin To Net: NetName=NetLED15_1 Pin=R42-1
Added Net: Name=NetLED15_1
Added Pin To Net: NetName=NetR31_1 Pin=R31-1
Added Pin To Net: NetName=NetR31_1 Pin=R56-1
Added Net: Name=NetR31_1
Added Pin To Net: NetName=NetR34_1 Pin=R34-1
Added Pin To Net: NetName=NetR34_1 Pin=R55-1
Added Net: Name=NetR34_1
Added Pin To Net: NetName=NetR35_1 Pin=R35-1
Added Pin To Net: NetName=NetR35_1 Pin=R54-1
Added Net: Name=NetR35_1
Added Pin To Net: NetName=NetR36_1 Pin=R36-1
Added Pin To Net: NetName=NetR36_1 Pin=R53-1
Added Net: Name=NetR36_1
Added Pin To Net: NetName=NetR37_1 Pin=R37-1
Added Pin To Net: NetName=NetR37_1 Pin=R52-1
Added Net: Name=NetR37_1
Added Pin To Net: NetName=NetR38_1 Pin=R38-1
Added Pin To Net: NetName=NetR38_1 Pin=R51-1
Added Net: Name=NetR38_1
Added Pin To Net: NetName=NetR39_1 Pin=R39-1
Added Pin To Net: NetName=NetR39_1 Pin=R50-1
Added Net: Name=NetR39_1
Added Pin To Net: NetName=NetR40_1 Pin=R40-1
Added Pin To Net: NetName=NetR40_1 Pin=R49-1
Added Net: Name=NetR40_1
Added Pin To Net: NetName=NetR41_1 Pin=R41-1
Added Pin To Net: NetName=NetR41_1 Pin=R46-1
Added Net: Name=NetR41_1
Added Pin To Net: NetName=NetR89_1 Pin=R89-1
Added Pin To Net: NetName=NetR89_1 Pin=U25-7
Added Net: Name=NetR89_1
Added Pin To Net: NetName=NetR90_1 Pin=R90-1
Added Pin To Net: NetName=NetR90_1 Pin=U25-6
Added Net: Name=NetR90_1
Added Pin To Net: NetName=NetR130_2 Pin=R130-2
Added Pin To Net: NetName=NetR130_2 Pin=U30-6
Added Net: Name=NetR130_2
Added Pin To Net: NetName=NetU3_1 Pin=U3-1
Added Pin To Net: NetName=NetU3_1 Pin=U3-2
Added Net: Name=NetU3_1
Added Pin To Net: NetName=NetU3_6 Pin=U3-6
Added Pin To Net: NetName=NetU3_6 Pin=U3-7
Added Net: Name=NetU3_6
Added Pin To Net: NetName=NetU9_1 Pin=U9-1
Added Pin To Net: NetName=NetU9_1 Pin=U9-2
Added Net: Name=NetU9_1
Added Pin To Net: NetName=NetU9_6 Pin=U9-6
Added Pin To Net: NetName=NetU9_6 Pin=U9-7
Added Net: Name=NetU9_6
Added Pin To Net: NetName=NetU15_1 Pin=U15-1
Added Pin To Net: NetName=NetU15_1 Pin=U15-2
Added Net: Name=NetU15_1
Added Pin To Net: NetName=NetU15_6 Pin=U15-6
Added Pin To Net: NetName=NetU15_6 Pin=U15-7
Added Net: Name=NetU15_6
Added Pin To Net: NetName=NetU21_1 Pin=U21-1
Added Pin To Net: NetName=NetU21_1 Pin=U21-2
Added Net: Name=NetU21_1
Added Pin To Net: NetName=NetU21_6 Pin=U21-6
Added Pin To Net: NetName=NetU21_6 Pin=U21-7
Added Net: Name=NetU21_6
Added Pin To Net: NetName=NetU25_2 Pin=U25-2
Added Net: Name=NetU25_2
Added Pin To Net: NetName=NetU25_3 Pin=U25-3
Added Net: Name=NetU25_3
Added Pin To Net: NetName=NetU30_2 Pin=U30-2
Added Net: Name=NetU30_2
Added Pin To Net: NetName=NetU30_4 Pin=U30-4
Added Net: Name=NetU30_4
Added Member To Class: ClassName=U_BV100011_MCU144 Member=Component JP1 
Added Member To Class: ClassName=U_BV100011_MCU144 Member=Component R138 100
Added Member To Class: ClassName=U_BV100011_MCU144 Member=Component R139 0
Added Member To Class: ClassName=U_BV100011_MCU144 Member=Component R142 10K
Added Member To Class: ClassName=U_BV100011_MCU144 Member=Component SB1 Open
Added Member To Class: ClassName=U_BV100011_MCU144 Member=Component SB2 Open
Added Member To Class: ClassName=U_BV100011_MCU144 Member=Component SB3 Closed
Added Member To Class: ClassName=U_BV100011_MCU144 Member=Component SB4 Closed
Added Member To Class: ClassName=U_BV100011_MCU144 Member=Component SB5 Closed
Added Member To Class: ClassName=U_BV100011_MCU144 Member=Component SB7 Closed
Added Member To Class: ClassName=U_BV100011_MCU144 Member=Component SB8 Closed
Added Member To Class: ClassName=U_BV100011_MCU144 Member=Component SB10 Open
Added Member To Class: ClassName=U_BV100011_MCU144 Member=Component SB11 Closed
Added Member To Class: ClassName=U_BV100011_MCU144 Member=Component SB12 Circuit Breaker
Added Member To Class: ClassName=U_BV100011_MCU144 Member=Component SB13 Circuit Breaker
Added Member To Class: ClassName=U_BV100011_MCU144 Member=Component SB14 Closed
Added Member To Class: ClassName=U_BV100011_MCU144 Member=Component SB15 Circuit Breaker
Added Member To Class: ClassName=U_BV100011_MCU144 Member=Component SB16 Circuit Breaker
Added Member To Class: ClassName=U_BV100011_MCU144 Member=Component SB17 Circuit Breaker
Added Member To Class: ClassName=U_BV100011_MCU144 Member=Component SB18 Closed
Added Member To Class: ClassName=U_BV100011_MCU144 Member=Component SB19 Circuit Breaker
Added Member To Class: ClassName=U_BV100011_MCU144 Member=Component SB20 Circuit Breaker
Added Member To Class: ClassName=U_BV100011_MCU144 Member=Component SB21 Closed
