Removed Pin From Net: NetName=GND0 Pin=R165-1
Removed Member From Class: ClassName=U_BV100011_Ethernet Member=R165
Change Component Designator: OldDesignator=C99 NewDesignator=C100
Change Component Designator: OldDesignator=C100 NewDesignator=C101
Change Component Designator: OldDesignator=C101 NewDesignator=C102
Change Component Designator: OldDesignator=C102 NewDesignator=C103
Change Component Designator: OldDesignator=C103 NewDesignator=C104
Change Component Designator: OldDesignator=C104 NewDesignator=C105
Change Component Designator: OldDesignator=C105 NewDesignator=C106
Change Component Designator: OldDesignator=R158 NewDesignator=R159
Change Component Designator: OldDesignator=R159 NewDesignator=R160
Change Component Designator: OldDesignator=R160 NewDesignator=R161
Change Component Designator: OldDesignator=R161 NewDesignator=R162
Change Component Designator: OldDesignator=R162 NewDesignator=R163
Change Component Designator: OldDesignator=R163 NewDesignator=R164
Change Component Designator: OldDesignator=R165 NewDesignator=R158
Added Component: Designator=C99(0603C)
Add component. Clean all parameters for all variants
Add component (AddParameter): Name = "Revision"; Value = "July-2002: Re-released for DXP Platform."; VariantName = "[No Variations]"
Add component (AddParameter): Name = "Value"; Value = "100nF"; VariantName = "[No Variations]"
Added Component: Designator=C107(0603C)
Add component. Clean all parameters for all variants
Add component (AddParameter): Name = "Revision"; Value = "July-2002: Re-released for DXP Platform."; VariantName = "[No Variations]"
Add component (AddParameter): Name = "Value"; Value = "100nF"; VariantName = "[No Variations]"
Added Component: Designator=X3(XTAL_2SM_5R0X3R2)
Add component. Clean all parameters for all variants
Add component (AddParameter): Name = "LatestRevisionDate"; Value = "17-Jul-2002"; VariantName = "[No Variations]"
Add component (AddParameter): Name = "LatestRevisionNote"; Value = "Re-released for DXP Platform."; VariantName = "[No Variations]"
Add component (AddParameter): Name = "PackageReference"; Value = "R38"; VariantName = "[No Variations]"
Add component (AddParameter): Name = "Published"; Value = "8-Jun-2000"; VariantName = "[No Variations]"
Add component (AddParameter): Name = "Publisher"; Value = "Altium Limited"; VariantName = "[No Variations]"
Added Pin To Net: NetName=GND Pin=C99-2
Added Pin To Net: NetName=GND Pin=C107-2
Added Pin To Net: NetName=GND0 Pin=R158-2
Change Net Name : Old Net Name=NetC99_2 New Net Name=NetC100_2
Change Net Name : Old Net Name=NetC102_2 New Net Name=NetC103_2
Change Net Name : Old Net Name=NetR158_1 New Net Name=NetR159_1
Change Net Name : Old Net Name=NetR159_2 New Net Name=NetR160_2
Added Pin To Net: NetName=NetC99_1 Pin=C99-1
Added Pin To Net: NetName=NetC99_1 Pin=U31-4
Added Pin To Net: NetName=NetC99_1 Pin=X3-2
Added Net: Name=NetC99_1
Added Pin To Net: NetName=NetC107_1 Pin=C107-1
Added Pin To Net: NetName=NetC107_1 Pin=U31-5
Added Pin To Net: NetName=NetC107_1 Pin=X3-1
Added Net: Name=NetC107_1
Added Pin To Net: NetName=NetR158_1 Pin=R158-1
Added Pin To Net: NetName=NetR158_1 Pin=U31-10
Added Net: Name=NetR158_1
Added Member To Class: ClassName=U_BV100011_Ethernet Member=Component C106 1uF
Added Member To Class: ClassName=U_BV100011_Ethernet Member=Component C107 30pF
Added Member To Class: ClassName=U_BV100011_Ethernet Member=Component X3 X53T-C20SSA-25.000MHz
