Removed Pin From Net: NetName=DI_IN0 Pin=IC1-1
Removed Pin From Net: NetName=DI_IN1 Pin=IC1-2
Removed Pin From Net: NetName=DI_IN2 Pin=IC1-3
Removed Pin From Net: NetName=DI_IN3 Pin=IC1-4
Removed Pin From Net: NetName=DI_IN4 Pin=IC1-7
Removed Pin From Net: NetName=DI_IN5 Pin=IC1-8
Removed Pin From Net: NetName=DI_IN6 Pin=IC1-9
Removed Pin From Net: NetName=DI_IN7 Pin=IC1-10
Added Pin To Net: NetName=DI_IN1 Pin=IC1-1
Added Pin To Net: NetName=DI_IN0 Pin=IC1-2
Added Pin To Net: NetName=DI_IN3 Pin=IC1-3
Added Pin To Net: NetName=DI_IN2 Pin=IC1-4
Added Pin To Net: NetName=DI_IN5 Pin=IC1-7
Added Pin To Net: NetName=DI_IN4 Pin=IC1-8
Added Pin To Net: NetName=DI_IN7 Pin=IC1-9
Added Pin To Net: NetName=DI_IN6 Pin=IC1-10
Change Net Name : Old Net Name=DI_IN0 New Net Name=DI_IN1
Change Net Name : Old Net Name=DI_IN1 New Net Name=DI_IN0
Change Net Name : Old Net Name=DI_IN2 New Net Name=DI_IN3
Change Net Name : Old Net Name=DI_IN3 New Net Name=DI_IN2
Change Net Name : Old Net Name=DI_IN4 New Net Name=DI_IN5
Change Net Name : Old Net Name=DI_IN5 New Net Name=DI_IN4
Change Net Name : Old Net Name=DI_IN6 New Net Name=DI_IN7
Change Net Name : Old Net Name=DI_IN7 New Net Name=DI_IN6
Added Room: Name=U_BV100011_ControlAI
Added Room: Name=U_BV100011_ControlAO
Added Room: Name=U_BV100011_ControlConnector
Added Room: Name=U_BV100011_ControlDI
Added Room: Name=U_BV100011_ControlDO
Added Room: Name=U_BV100011_ControlIsolator
