Change Component Designator: OldDesignator=J? NewDesignator=J1
Added Pin To Net: NetName=GND0 Pin=J1-1
Change Net Name : Old Net Name=NetJ?_2 New Net Name=NetJ1_2
Change Net Name : Old Net Name=NetJ?_4 New Net Name=NetJ1_4
Change Net Name : Old Net Name=NetJ?_5 New Net Name=NetJ1_5
Change Net Name : Old Net Name=NetJ?_6 New Net Name=NetJ1_6
Change Net Name : Old Net Name=NetJ?_7 New Net Name=NetJ1_7
Change Net Name : Old Net Name=NetJ?_8 New Net Name=NetJ1_8
Change Net Name : Old Net Name=NetJ?_9 New Net Name=NetJ1_9
Change Net Name : Old Net Name=NetJ?_10 New Net Name=NetJ1_10
Change Net Name : Old Net Name=NetJ?_11 New Net Name=NetJ1_11
Change Net Name : Old Net Name=NetJ?_12 New Net Name=NetJ1_12
Change Net Name : Old Net Name=NetJ?_13 New Net Name=NetJ1_13
Change Net Name : Old Net Name=NetJ?_14 New Net Name=NetJ1_14
Change Net Name : Old Net Name=NetJ?_15 New Net Name=NetJ1_15
Change Net Name : Old Net Name=NetJ?_16 New Net Name=NetJ1_16
Change Net Name : Old Net Name=NetJ?_17 New Net Name=NetJ1_17
Change Net Name : Old Net Name=NetJ?_18 New Net Name=NetJ1_18
Change Net Name : Old Net Name=NetJ?_19 New Net Name=NetJ1_19
Change Net Name : Old Net Name=NetJ?_20 New Net Name=NetJ1_20
Change Net Name : Old Net Name=NetJ?_21 New Net Name=NetJ1_21
Change Net Name : Old Net Name=NetJ?_23 New Net Name=NetJ1_23
Change Net Name : Old Net Name=NetJ?_24 New Net Name=NetJ1_24
Change Net Name : Old Net Name=NetJ?_25 New Net Name=NetJ1_25
Change Net Name : Old Net Name=NetJ?_26 New Net Name=NetJ1_26
Change Net Name : Old Net Name=NetJ?_27 New Net Name=NetJ1_27
Change Net Name : Old Net Name=NetJ?_28 New Net Name=NetJ1_28
Change Net Name : Old Net Name=NetJ?_29 New Net Name=NetJ1_29
Change Net Name : Old Net Name=NetJ?_30 New Net Name=NetJ1_30
Change Net Name : Old Net Name=NetJ?_31 New Net Name=NetJ1_31
Change Net Name : Old Net Name=NetJ?_32 New Net Name=NetJ1_32
Change Net Name : Old Net Name=NetJ?_33 New Net Name=NetJ1_33
Change Net Name : Old Net Name=NetJ?_34 New Net Name=NetJ1_34
Change Net Name : Old Net Name=NetJ?_35 New Net Name=NetJ1_35
Change Net Name : Old Net Name=NetJ?_36 New Net Name=NetJ1_36
Change Net Name : Old Net Name=NetJ?_37 New Net Name=NetJ1_37
Change Net Name : Old Net Name=NetJ?_38 New Net Name=NetJ1_38
Change Net Name : Old Net Name=NetJ?_39 New Net Name=NetJ1_39
Change Net Name : Old Net Name=NetJ?_40 New Net Name=NetJ1_40
Change Net Name : Old Net Name=NetJ?_41 New Net Name=NetJ1_41
Change Net Name : Old Net Name=NetJ?_42 New Net Name=NetJ1_42
Change Net Name : Old Net Name=NetJ?_43 New Net Name=NetJ1_43
Change Net Name : Old Net Name=NetJ?_44 New Net Name=NetJ1_44
Change Net Name : Old Net Name=NetJ?_45 New Net Name=NetJ1_45
Change Net Name : Old Net Name=NetJ?_46 New Net Name=NetJ1_46
Change Net Name : Old Net Name=NetJ?_47 New Net Name=NetJ1_47
Change Net Name : Old Net Name=NetJ?_49 New Net Name=NetJ1_49
Change Net Name : Old Net Name=NetJ?_51 New Net Name=NetJ1_51
Change Net Name : Old Net Name=NetJ?_53 New Net Name=NetJ1_53
Change Net Name : Old Net Name=NetJ?_55 New Net Name=NetJ1_55
Change Net Name : Old Net Name=NetJ?_57 New Net Name=NetJ1_57
Change Net Name : Old Net Name=NetJ?_59 New Net Name=NetJ1_59
Change Net Name : Old Net Name=NetJ?_63 New Net Name=NetJ1_63
Added Pin To Net: NetName=NetJ1_3 Pin=J1-3
Added Pin To Net: NetName=NetJ1_3 Pin=R90-1
Added Pin To Net: NetName=NetJ1_3 Pin=U25-6
Added Net: Name=NetJ1_3
Added Room: Name=U_BV100011_ControlAI
Added Room: Name=U_BV100011_ControlAO
Added Room: Name=U_BV100011_ControlConnector
Added Room: Name=U_BV100011_ControlDI
Added Room: Name=U_BV100011_ControlDO
Added Room: Name=U_BV100011_ControlIsolator
