Removed Pin From Net: NetName=uC_DI0 Pin=J1-5
Removed Pin From Net: NetName=uC_DI1 Pin=J1-7
Removed Pin From Net: NetName=uC_DI2 Pin=J1-9
Removed Pin From Net: NetName=uC_DI3 Pin=J1-11
Removed Pin From Net: NetName=uC_DI4 Pin=J1-13
Removed Pin From Net: NetName=uC_DI5 Pin=J1-15
Removed Pin From Net: NetName=uC_DI6 Pin=J1-17
Removed Pin From Net: NetName=uC_DI7 Pin=J1-19
Removed Pin From Net: NetName=DI0 Pin=J2-1
Removed Pin From Net: NetName=DI1 Pin=J2-2
Removed Pin From Net: NetName=DI2 Pin=J2-3
Removed Pin From Net: NetName=DI3 Pin=J2-4
Removed Pin From Net: NetName=DI4 Pin=J2-5
Removed Pin From Net: NetName=DI5 Pin=J2-6
Removed Pin From Net: NetName=DI6 Pin=J2-7
Removed Pin From Net: NetName=DI7 Pin=J2-8
Removed Pin From Net: NetName=AI0 Pin=J3-1
Removed Pin From Net: NetName=AI1 Pin=J3-2
Removed Pin From Net: NetName=AI2 Pin=J3-3
Removed Pin From Net: NetName=AI3 Pin=J3-4
Removed Pin From Net: NetName=AI4 Pin=J3-5
Removed Pin From Net: NetName=AI5 Pin=J3-6
Removed Pin From Net: NetName=AI6 Pin=J3-7
Removed Pin From Net: NetName=AI7 Pin=J3-8
Removed Pin From Net: NetName=NetC53_1 Pin=J4-1
Removed Pin From Net: NetName=NetC55_1 Pin=J4-2
Removed Pin From Net: NetName=NetC57_1 Pin=J4-3
Removed Pin From Net: NetName=NetC59_1 Pin=J4-4
Removed Pin From Net: NetName=NetC48_2 Pin=J4-5
Removed Pin From Net: NetName=NetC50_2 Pin=J4-6
Removed Pin From Net: NetName=NetC51_2 Pin=J4-7
Removed Pin From Net: NetName=NetC52_2 Pin=J4-8
Removed Pin From Net: NetName=NetD25_2 Pin=J5-1
Removed Pin From Net: NetName=NetD28_2 Pin=J5-2
Removed Pin From Net: NetName=NetD30_2 Pin=J5-3
Removed Pin From Net: NetName=NetD33_2 Pin=J5-4
Removed Pin From Net: NetName=NetJ1_21 Pin=R59-1
Removed Pin From Net: NetName=NetJ1_23 Pin=R60-1
Removed Pin From Net: NetName=NetJ1_25 Pin=R61-1
Removed Pin From Net: NetName=NetJ1_27 Pin=R62-1
Removed Pin From Net: NetName=NetJ1_29 Pin=R63-1
Removed Pin From Net: NetName=NetJ1_31 Pin=R64-1
Removed Pin From Net: NetName=NetJ1_33 Pin=R65-1
Removed Pin From Net: NetName=NetJ1_35 Pin=R66-1
Removed Pin From Net: NetName=NetJ1_37 Pin=R67-1
Removed Pin From Net: NetName=NetJ1_39 Pin=R68-1
Removed Pin From Net: NetName=NetJ1_41 Pin=R69-1
Removed Pin From Net: NetName=NetJ1_43 Pin=R70-1
Removed Pin From Net: NetName=NetJ1_43 Pin=R73-1
Removed Pin From Net: NetName=NetJ1_41 Pin=R74-1
Removed Pin From Net: NetName=NetJ1_39 Pin=R77-1
Removed Pin From Net: NetName=NetJ1_37 Pin=R78-1
Removed Pin From Net: NetName=NetJ1_35 Pin=R79-1
Removed Pin From Net: NetName=NetJ1_33 Pin=R80-1
Removed Pin From Net: NetName=NetJ1_31 Pin=R81-1
Removed Pin From Net: NetName=NetJ1_29 Pin=R82-1
Removed Pin From Net: NetName=NetJ1_27 Pin=R83-1
Removed Pin From Net: NetName=NetJ1_21 Pin=R84-1
Removed Pin From Net: NetName=NetJ1_46 Pin=R117-1
Removed Pin From Net: NetName=NetJ1_48 Pin=R118-1
Removed Pin From Net: NetName=NetJ1_45 Pin=U6-1
Removed Pin From Net: NetName=NetJ1_45 Pin=U6-2
Removed Pin From Net: NetName=NetJ1_47 Pin=U6-6
Removed Pin From Net: NetName=NetJ1_47 Pin=U6-7
Removed Pin From Net: NetName=NetJ1_49 Pin=U12-1
Removed Pin From Net: NetName=NetJ1_49 Pin=U12-2
Removed Pin From Net: NetName=NetJ1_51 Pin=U12-6
Removed Pin From Net: NetName=NetJ1_51 Pin=U12-7
Removed Pin From Net: NetName=NetJ1_53 Pin=U18-1
Removed Pin From Net: NetName=NetJ1_53 Pin=U18-2
Removed Pin From Net: NetName=NetJ1_55 Pin=U18-6
Removed Pin From Net: NetName=NetJ1_55 Pin=U18-7
Removed Pin From Net: NetName=NetJ1_57 Pin=U24-1
Removed Pin From Net: NetName=NetJ1_57 Pin=U24-2
Removed Pin From Net: NetName=NetJ1_59 Pin=U24-6
Removed Pin From Net: NetName=NetJ1_59 Pin=U24-7
Removed Pin From Net: NetName=NetJ1_50 Pin=U28-2
Removed Pin From Net: NetName=NetJ1_52 Pin=U28-3
Removed Pin From Net: NetName=NetJ1_48 Pin=U28-6
Removed Pin From Net: NetName=NetJ1_46 Pin=U28-7
Added Pin To Net: NetName=NetP1_5 Pin=R127-2
Added Pin To Net: NetName=NetP1_6 Pin=R128-2
Added Pin To Net: NetName=NetP2_2 Pin=R131-2
Added Pin To Net: NetName=NetP2_3 Pin=R132-2
Added Pin To Net: NetName=NetP2_9 Pin=R135-2
Added Pin To Net: NetName=NetP2_10 Pin=R136-2
Added Pin To Net: NetName=NetP1_6 Pin=U31-10
Added Pin To Net: NetName=NetP1_5 Pin=U31-11
Added Pin To Net: NetName=NetP1_4 Pin=U31-12
Added Pin To Net: NetName=NetP1_2 Pin=U31-13
Added Pin To Net: NetName=NetP1_3 Pin=U31-14
Added Pin To Net: NetName=NetP1_1 Pin=U31-15
Added Pin To Net: NetName=NetP2_3 Pin=U32-10
Added Pin To Net: NetName=NetP2_2 Pin=U32-11
Added Pin To Net: NetName=NetP2_1 Pin=U32-12
Added Pin To Net: NetName=NetP1_10 Pin=U32-13
Added Pin To Net: NetName=NetP1_9 Pin=U32-14
Added Pin To Net: NetName=NetP1_8 Pin=U32-15
Added Pin To Net: NetName=NetP2_10 Pin=U33-10
Added Pin To Net: NetName=NetP2_9 Pin=U33-11
Added Pin To Net: NetName=NetP2_8 Pin=U33-12
Added Pin To Net: NetName=NetP2_5 Pin=U33-13
Added Pin To Net: NetName=NetP2_6 Pin=U33-14
Added Pin To Net: NetName=NetP2_4 Pin=U33-15
Added Pin To Net: NetName=NetJ1_5 Pin=J1-5
Added Net: Name=NetJ1_5
Added Pin To Net: NetName=NetJ1_7 Pin=J1-7
Added Net: Name=NetJ1_7
Added Pin To Net: NetName=NetJ1_9 Pin=J1-9
Added Net: Name=NetJ1_9
Added Pin To Net: NetName=NetJ1_11 Pin=J1-11
Added Net: Name=NetJ1_11
Added Pin To Net: NetName=NetJ1_13 Pin=J1-13
Added Net: Name=NetJ1_13
Added Pin To Net: NetName=NetJ1_15 Pin=J1-15
Added Net: Name=NetJ1_15
Added Pin To Net: NetName=NetJ1_17 Pin=J1-17
Added Net: Name=NetJ1_17
Added Pin To Net: NetName=NetJ1_19 Pin=J1-19
Added Net: Name=NetJ1_19
Added Pin To Net: NetName=NetJ2_1 Pin=J2-1
Added Net: Name=NetJ2_1
Added Pin To Net: NetName=NetJ2_2 Pin=J2-2
Added Net: Name=NetJ2_2
Added Pin To Net: NetName=NetJ2_3 Pin=J2-3
Added Net: Name=NetJ2_3
Added Pin To Net: NetName=NetJ2_4 Pin=J2-4
Added Net: Name=NetJ2_4
Added Pin To Net: NetName=NetJ2_5 Pin=J2-5
Added Net: Name=NetJ2_5
Added Pin To Net: NetName=NetJ2_6 Pin=J2-6
Added Net: Name=NetJ2_6
Added Pin To Net: NetName=NetJ2_7 Pin=J2-7
Added Net: Name=NetJ2_7
Added Pin To Net: NetName=NetJ2_8 Pin=J2-8
Added Net: Name=NetJ2_8
Added Pin To Net: NetName=NetJ3_1 Pin=J3-1
Added Net: Name=NetJ3_1
Added Pin To Net: NetName=NetJ3_2 Pin=J3-2
Added Net: Name=NetJ3_2
Added Pin To Net: NetName=NetJ3_3 Pin=J3-3
Added Net: Name=NetJ3_3
Added Pin To Net: NetName=NetJ3_4 Pin=J3-4
Added Net: Name=NetJ3_4
Added Pin To Net: NetName=NetJ3_5 Pin=J3-5
Added Net: Name=NetJ3_5
Added Pin To Net: NetName=NetJ3_6 Pin=J3-6
Added Net: Name=NetJ3_6
Added Pin To Net: NetName=NetJ3_7 Pin=J3-7
Added Net: Name=NetJ3_7
Added Pin To Net: NetName=NetJ3_8 Pin=J3-8
Added Net: Name=NetJ3_8
Added Pin To Net: NetName=NetJ4_1 Pin=J4-1
Added Net: Name=NetJ4_1
Added Pin To Net: NetName=NetJ4_2 Pin=J4-2
Added Net: Name=NetJ4_2
Added Pin To Net: NetName=NetJ4_3 Pin=J4-3
Added Net: Name=NetJ4_3
Added Pin To Net: NetName=NetJ4_4 Pin=J4-4
Added Net: Name=NetJ4_4
Added Pin To Net: NetName=NetJ4_5 Pin=J4-5
Added Net: Name=NetJ4_5
Added Pin To Net: NetName=NetJ4_6 Pin=J4-6
Added Net: Name=NetJ4_6
Added Pin To Net: NetName=NetJ4_7 Pin=J4-7
Added Net: Name=NetJ4_7
Added Pin To Net: NetName=NetJ4_8 Pin=J4-8
Added Net: Name=NetJ4_8
Added Pin To Net: NetName=NetJ5_1 Pin=J5-1
Added Net: Name=NetJ5_1
Added Pin To Net: NetName=NetJ5_2 Pin=J5-2
Added Net: Name=NetJ5_2
Added Pin To Net: NetName=NetJ5_3 Pin=J5-3
Added Net: Name=NetJ5_3
Added Pin To Net: NetName=NetJ5_4 Pin=J5-4
Added Net: Name=NetJ5_4
Added Pin To Net: NetName=NetR59_1 Pin=R59-1
Added Pin To Net: NetName=NetR59_1 Pin=R84-1
Added Net: Name=NetR59_1
Added Pin To Net: NetName=NetR60_1 Pin=R60-1
Added Net: Name=NetR60_1
Added Pin To Net: NetName=NetR61_1 Pin=R61-1
Added Net: Name=NetR61_1
Added Pin To Net: NetName=NetR62_1 Pin=R62-1
Added Pin To Net: NetName=NetR62_1 Pin=R83-1
Added Net: Name=NetR62_1
Added Pin To Net: NetName=NetR63_1 Pin=R63-1
Added Pin To Net: NetName=NetR63_1 Pin=R82-1
Added Net: Name=NetR63_1
Added Pin To Net: NetName=NetR64_1 Pin=R64-1
Added Pin To Net: NetName=NetR64_1 Pin=R81-1
Added Net: Name=NetR64_1
Added Pin To Net: NetName=NetR65_1 Pin=R65-1
Added Pin To Net: NetName=NetR65_1 Pin=R80-1
Added Net: Name=NetR65_1
Added Pin To Net: NetName=NetR66_1 Pin=R66-1
Added Pin To Net: NetName=NetR66_1 Pin=R79-1
Added Net: Name=NetR66_1
Added Pin To Net: NetName=NetR67_1 Pin=R67-1
Added Pin To Net: NetName=NetR67_1 Pin=R78-1
Added Net: Name=NetR67_1
Added Pin To Net: NetName=NetR68_1 Pin=R68-1
Added Pin To Net: NetName=NetR68_1 Pin=R77-1
Added Net: Name=NetR68_1
Added Pin To Net: NetName=NetR69_1 Pin=R69-1
Added Pin To Net: NetName=NetR69_1 Pin=R74-1
Added Net: Name=NetR69_1
Added Pin To Net: NetName=NetR70_1 Pin=R70-1
Added Pin To Net: NetName=NetR70_1 Pin=R73-1
Added Net: Name=NetR70_1
Added Pin To Net: NetName=NetR117_1 Pin=R117-1
Added Pin To Net: NetName=NetR117_1 Pin=U28-7
Added Net: Name=NetR117_1
Added Pin To Net: NetName=NetR118_1 Pin=R118-1
Added Pin To Net: NetName=NetR118_1 Pin=U28-6
Added Net: Name=NetR118_1
Added Pin To Net: NetName=NetU6_1 Pin=U6-1
Added Pin To Net: NetName=NetU6_1 Pin=U6-2
Added Net: Name=NetU6_1
Added Pin To Net: NetName=NetU6_6 Pin=U6-6
Added Pin To Net: NetName=NetU6_6 Pin=U6-7
Added Net: Name=NetU6_6
Added Pin To Net: NetName=NetU12_1 Pin=U12-1
Added Pin To Net: NetName=NetU12_1 Pin=U12-2
Added Net: Name=NetU12_1
Added Pin To Net: NetName=NetU12_6 Pin=U12-6
Added Pin To Net: NetName=NetU12_6 Pin=U12-7
Added Net: Name=NetU12_6
Added Pin To Net: NetName=NetU18_1 Pin=U18-1
Added Pin To Net: NetName=NetU18_1 Pin=U18-2
Added Net: Name=NetU18_1
Added Pin To Net: NetName=NetU18_6 Pin=U18-6
Added Pin To Net: NetName=NetU18_6 Pin=U18-7
Added Net: Name=NetU18_6
Added Pin To Net: NetName=NetU24_1 Pin=U24-1
Added Pin To Net: NetName=NetU24_1 Pin=U24-2
Added Net: Name=NetU24_1
Added Pin To Net: NetName=NetU24_6 Pin=U24-6
Added Pin To Net: NetName=NetU24_6 Pin=U24-7
Added Net: Name=NetU24_6
Added Pin To Net: NetName=NetU28_2 Pin=U28-2
Added Net: Name=NetU28_2
Added Pin To Net: NetName=NetU28_3 Pin=U28-3
Added Net: Name=NetU28_3
Added Room: Name=U_BV100011_ControlAI
Added Room: Name=U_BV100011_ControlAO
Added Room: Name=U_BV100011_ControlConnector
Added Room: Name=U_BV100011_ControlDI
Added Room: Name=U_BV100011_ControlDO
Added Room: Name=U_BV100011_ControlIsolator
Added Room: Name=U_BV100011_ControlPower
