Removed Pin From Net: NetName=GND_ISO_AO Pin=C51-1
Removed Pin From Net: NetName=GND_ISO_AO Pin=C55-1
Removed Pin From Net: NetName=GND_ISO_AO Pin=C56-1
Removed Pin From Net: NetName=VCC_iso_AO0 Pin=D19-1
Removed Pin From Net: NetName=VCC_iso_AO1 Pin=D19-2
Removed Pin From Net: NetName=NetIC11_3 Pin=IC12-3
Removed Pin From Net: NetName=NetIC11_4 Pin=IC12-4
Removed Pin From Net: NetName=GND_ISO_AO Pin=IC12-5
Removed Pin From Net: NetName=GND_ISO_AO Pin=IC12-7
Removed Pin From Net: NetName=PB12 Pin=R89-1
Removed Pin From Net: NetName=PB11 Pin=R90-1
Removed Pin From Net: NetName=NetIC12_2 Pin=R92-1
Removed Pin From Net: NetName=NetIC12_8 Pin=R94-1
Removed Pin From Net: NetName=NetIC11_8 Pin=R96-1
Removed Pin From Net: NetName=PB11 Pin=U18-6
Removed Pin From Net: NetName=PB12 Pin=U18-7
Removed Pin From Net: NetName=NetIC12_2 Pin=U18-10
Removed Pin From Net: NetName=GND_ISO_AO Pin=U20-3
Removed Member From Class: ClassName=U_BV100011_ControlAO Member=D29
Change Component Designator: OldDesignator=C51 NewDesignator=C52
Change Component Designator: OldDesignator=C52 NewDesignator=C51
Change Component Designator: OldDesignator=C53 NewDesignator=C54
Change Component Designator: OldDesignator=C54 NewDesignator=C55
Change Component Designator: OldDesignator=C55 NewDesignator=C59
Change Component Designator: OldDesignator=C56 NewDesignator=C60
Change Component Designator: OldDesignator=C57 NewDesignator=C53
Change Component Designator: OldDesignator=C59 NewDesignator=C61
Change Component Designator: OldDesignator=C60 NewDesignator=C62
Change Component Designator: OldDesignator=C61 NewDesignator=C63
Change Component Designator: OldDesignator=C62 NewDesignator=C64
Change Component Designator: OldDesignator=C63 NewDesignator=C65
Change Component Designator: OldDesignator=C64 NewDesignator=C66
Change Component Designator: OldDesignator=C65 NewDesignator=C67
Change Component Designator: OldDesignator=C66 NewDesignator=C68
Change Component Designator: OldDesignator=C67 NewDesignator=C69
Change Component Designator: OldDesignator=C68 NewDesignator=C70
Change Component Designator: OldDesignator=C69 NewDesignator=C71
Change Component Designator: OldDesignator=C70 NewDesignator=C72
Change Component Designator: OldDesignator=C71 NewDesignator=C73
Change Component Designator: OldDesignator=C72 NewDesignator=C74
Change Component Designator: OldDesignator=C73 NewDesignator=C75
Change Component Designator: OldDesignator=C74 NewDesignator=C76
Change Component Designator: OldDesignator=C75 NewDesignator=C77
Change Component Designator: OldDesignator=C76 NewDesignator=C78
Change Component Designator: OldDesignator=C77 NewDesignator=C79
Change Component Designator: OldDesignator=C78 NewDesignator=C80
Change Component Designator: OldDesignator=C79 NewDesignator=C81
Change Component Designator: OldDesignator=C80 NewDesignator=C82
Change Component Designator: OldDesignator=C81 NewDesignator=C83
Change Component Designator: OldDesignator=C82 NewDesignator=C84
Change Component Designator: OldDesignator=C83 NewDesignator=C85
Change Component Designator: OldDesignator=C84 NewDesignator=C86
Change Component Designator: OldDesignator=C85 NewDesignator=C87
Change Component Designator: OldDesignator=C86 NewDesignator=C88
Change Component Designator: OldDesignator=C87 NewDesignator=C89
Change Component Designator: OldDesignator=C88 NewDesignator=C90
Change Component Designator: OldDesignator=C89 NewDesignator=C91
Change Component Designator: OldDesignator=C90 NewDesignator=C92
Change Component Designator: OldDesignator=C91 NewDesignator=C93
Change Component Designator: OldDesignator=C92 NewDesignator=C94
Change Component Designator: OldDesignator=C93 NewDesignator=C95
Change Component Designator: OldDesignator=C94 NewDesignator=C96
Change Component Designator: OldDesignator=C95 NewDesignator=C97
Change Component Designator: OldDesignator=C96 NewDesignator=C98
Change Component Designator: OldDesignator=C97 NewDesignator=C99
Change Component Designator: OldDesignator=C98 NewDesignator=C100
Change Component Designator: OldDesignator=C99 NewDesignator=C101
Change Component Designator: OldDesignator=C100 NewDesignator=C102
Change Component Designator: OldDesignator=C101 NewDesignator=C103
Change Component Designator: OldDesignator=C102 NewDesignator=C104
Change Component Designator: OldDesignator=C103 NewDesignator=C105
Change Component Designator: OldDesignator=C104 NewDesignator=C106
Change Component Designator: OldDesignator=C105 NewDesignator=C107
Change Component Designator: OldDesignator=C106 NewDesignator=C108
Change Component Designator: OldDesignator=C107 NewDesignator=C109
Change Component Designator: OldDesignator=C108 NewDesignator=C110
Change Component Designator: OldDesignator=C109 NewDesignator=C111
Change Component Designator: OldDesignator=C110 NewDesignator=C112
Change Component Designator: OldDesignator=C111 NewDesignator=C113
Change Component Designator: OldDesignator=C112 NewDesignator=C114
Change Component Designator: OldDesignator=C113 NewDesignator=C115
Change Component Designator: OldDesignator=D20 NewDesignator=D19
Change Component Designator: OldDesignator=D21 NewDesignator=D20
Change Component Designator: OldDesignator=D22 NewDesignator=D21
Change Component Designator: OldDesignator=D23 NewDesignator=D22
Change Component Designator: OldDesignator=D24 NewDesignator=D23
Change Component Designator: OldDesignator=D25 NewDesignator=D24
Change Component Designator: OldDesignator=D26 NewDesignator=D25
Change Component Designator: OldDesignator=D27 NewDesignator=D26
Change Component Designator: OldDesignator=D28 NewDesignator=D27
Change Component Designator: OldDesignator=D29 NewDesignator=D28
Change Component Designator: OldDesignator=D30 NewDesignator=D29
Change Component Designator: OldDesignator=D31 NewDesignator=D30
Change Component Designator: OldDesignator=D32 NewDesignator=D31
Change Component Designator: OldDesignator=D33 NewDesignator=D32
Change Component Designator: OldDesignator=D34 NewDesignator=D33
Change Component Designator: OldDesignator=D35 NewDesignator=D34
Change Component Designator: OldDesignator=D36 NewDesignator=D35
Change Component Designator: OldDesignator=D37 NewDesignator=D36
Change Component Designator: OldDesignator=D38 NewDesignator=D37
Change Component Designator: OldDesignator=D39 NewDesignator=D38
Change Component Designator: OldDesignator=R89 NewDesignator=R90
Change Component Designator: OldDesignator=R90 NewDesignator=R91
Change Component Designator: OldDesignator=R91 NewDesignator=R92
Change Component Designator: OldDesignator=R92 NewDesignator=R93
Change Component Designator: OldDesignator=R93 NewDesignator=R89
Change Component Designator: OldDesignator=R96 NewDesignator=R100
Change Component Designator: OldDesignator=R97 NewDesignator=R101
Change Component Designator: OldDesignator=R98 NewDesignator=R102
Change Component Designator: OldDesignator=R99 NewDesignator=R103
Change Component Designator: OldDesignator=R100 NewDesignator=R104
Change Component Designator: OldDesignator=R101 NewDesignator=R105
Change Component Designator: OldDesignator=R102 NewDesignator=R106
Change Component Designator: OldDesignator=R103 NewDesignator=R107
Change Component Designator: OldDesignator=R104 NewDesignator=R108
Change Component Designator: OldDesignator=R105 NewDesignator=R109
Change Component Designator: OldDesignator=R106 NewDesignator=R110
Change Component Designator: OldDesignator=R107 NewDesignator=R111
Change Component Designator: OldDesignator=R108 NewDesignator=R112
Change Component Designator: OldDesignator=R109 NewDesignator=R113
Change Component Designator: OldDesignator=R110 NewDesignator=R114
Change Component Designator: OldDesignator=R111 NewDesignator=R115
Change Component Designator: OldDesignator=R112 NewDesignator=R116
Change Component Designator: OldDesignator=R113 NewDesignator=R117
Change Component Designator: OldDesignator=R114 NewDesignator=R118
Change Component Designator: OldDesignator=R115 NewDesignator=R119
Change Component Designator: OldDesignator=R116 NewDesignator=R120
Change Component Designator: OldDesignator=R117 NewDesignator=R121
Change Component Designator: OldDesignator=R118 NewDesignator=R122
Change Component Designator: OldDesignator=R119 NewDesignator=R123
Change Component Designator: OldDesignator=R120 NewDesignator=R124
Change Component Designator: OldDesignator=R121 NewDesignator=R125
Change Component Designator: OldDesignator=R122 NewDesignator=R126
Change Component Designator: OldDesignator=R123 NewDesignator=R127
Change Component Designator: OldDesignator=R124 NewDesignator=R128
Change Component Designator: OldDesignator=R125 NewDesignator=R129
Change Component Designator: OldDesignator=R126 NewDesignator=R130
Change Component Designator: OldDesignator=R127 NewDesignator=R131
Change Component Designator: OldDesignator=R128 NewDesignator=R132
Change Component Designator: OldDesignator=R129 NewDesignator=R133
Change Component Designator: OldDesignator=R130 NewDesignator=R134
Change Component Designator: OldDesignator=R131 NewDesignator=R135
Change Component Designator: OldDesignator=R132 NewDesignator=R136
Change Component Designator: OldDesignator=R133 NewDesignator=R137
Change Component Designator: OldDesignator=R134 NewDesignator=R138
Change Component Designator: OldDesignator=R135 NewDesignator=R139
Change Component Designator: OldDesignator=R136 NewDesignator=R140
Change Component Designator: OldDesignator=R137 NewDesignator=R141
Change Component Designator: OldDesignator=R138 NewDesignator=R142
Change Component Designator: OldDesignator=R139 NewDesignator=R143
Change Component Designator: OldDesignator=R140 NewDesignator=R144
Change Component Designator: OldDesignator=R141 NewDesignator=R145
Change Component Designator: OldDesignator=R142 NewDesignator=R146
Change Component Designator: OldDesignator=R143 NewDesignator=R147
Change Component Designator: OldDesignator=R144 NewDesignator=R148
Change Component Designator: OldDesignator=R145 NewDesignator=R149
Change Component Designator: OldDesignator=R146 NewDesignator=R150
Change Component Designator: OldDesignator=R147 NewDesignator=R151
Change Component Designator: OldDesignator=R148 NewDesignator=R152
Change Component Designator: OldDesignator=R149 NewDesignator=R153
Change Component Designator: OldDesignator=R150 NewDesignator=R154
Change Component Designator: OldDesignator=R151 NewDesignator=R155
Change Component Designator: OldDesignator=R152 NewDesignator=R156
Change Component Designator: OldDesignator=R153 NewDesignator=R157
Change Component Designator: OldDesignator=R154 NewDesignator=R158
Change Component Designator: OldDesignator=R155 NewDesignator=R159
Change Component Designator: OldDesignator=R156 NewDesignator=R160
Change Component Designator: OldDesignator=R157 NewDesignator=R161
Change Component Designator: OldDesignator=R158 NewDesignator=R162
Change Component Designator: OldDesignator=R159 NewDesignator=R163
Change Component Designator: OldDesignator=R160 NewDesignator=R164
Change Component Designator: OldDesignator=R161 NewDesignator=R165
Change Component Designator: OldDesignator=R162 NewDesignator=R166
Change Component Designator: OldDesignator=R163 NewDesignator=R167
Change Component Designator: OldDesignator=R164 NewDesignator=R168
Change Component Designator: OldDesignator=R165 NewDesignator=R169
Change Component Designator: OldDesignator=R166 NewDesignator=R170
Change Component Designator: OldDesignator=R167 NewDesignator=R171
Change Component Designator: OldDesignator=R168 NewDesignator=R172
Change Component Designator: OldDesignator=R169 NewDesignator=R173
Change Component Designator: OldDesignator=R170 NewDesignator=R174
Change Component Designator: OldDesignator=R171 NewDesignator=R175
Change Component Designator: OldDesignator=U18 NewDesignator=U19
Change Component Designator: OldDesignator=U19 NewDesignator=U18
Change Component Designator: OldDesignator=U21 NewDesignator=U22
Change Component Designator: OldDesignator=U22 NewDesignator=U23
Change Component Designator: OldDesignator=U23 NewDesignator=U24
Change Component Designator: OldDesignator=U24 NewDesignator=U25
Added Component: Designator=C56(C1206)
Add component. Clean all parameters for all variants
Add component (AddParameter): Name = "LatestRevisionDate"; Value = "29-May-2009"; VariantName = "[No Variations]"
Add component (AddParameter): Name = "LatestRevisionNote"; Value = "IPC-7351 Footprint Added."; VariantName = "[No Variations]"
Add component (AddParameter): Name = "PackageDescription"; Value = "Chip Capacitor"; VariantName = "[No Variations]"
Add component (AddParameter): Name = "PackageReference"; Value = "C1206"; VariantName = "[No Variations]"
Add component (AddParameter): Name = "Published"; Value = "8-Jun-2000"; VariantName = "[No Variations]"
Add component (AddParameter): Name = "Publisher"; Value = "Altium Limited"; VariantName = "[No Variations]"
Add component (AddParameter): Name = "Value"; Value = "0.1uF/10V"; VariantName = "[No Variations]"
Added Component: Designator=C57(C1206)
Add component. Clean all parameters for all variants
Add component (AddParameter): Name = "LatestRevisionDate"; Value = "29-May-2009"; VariantName = "[No Variations]"
Add component (AddParameter): Name = "LatestRevisionNote"; Value = "IPC-7351 Footprint Added."; VariantName = "[No Variations]"
Add component (AddParameter): Name = "PackageDescription"; Value = "Chip Capacitor"; VariantName = "[No Variations]"
Add component (AddParameter): Name = "PackageReference"; Value = "C1206"; VariantName = "[No Variations]"
Add component (AddParameter): Name = "Published"; Value = "8-Jun-2000"; VariantName = "[No Variations]"
Add component (AddParameter): Name = "Publisher"; Value = "Altium Limited"; VariantName = "[No Variations]"
Add component (AddParameter): Name = "Value"; Value = "0.1uF/16V"; VariantName = "[No Variations]"
Added Component: Designator=R96(J1-0603)
Add component. Clean all parameters for all variants
Add component (AddParameter): Name = "LatestRevisionDate"; Value = "29-May-2009"; VariantName = "[No Variations]"
Add component (AddParameter): Name = "LatestRevisionNote"; Value = "IPC-7351 Footprint Added."; VariantName = "[No Variations]"
Add component (AddParameter): Name = "PackageDescription"; Value = "Chip Resistor"; VariantName = "[No Variations]"
Add component (AddParameter): Name = "PackageReference"; Value = "J1-0603"; VariantName = "[No Variations]"
Add component (AddParameter): Name = "Published"; Value = "8-Jun-2000"; VariantName = "[No Variations]"
Add component (AddParameter): Name = "Publisher"; Value = "Altium Limited"; VariantName = "[No Variations]"
Add component (AddParameter): Name = "Value"; Value = "10K"; VariantName = "[No Variations]"
Added Component: Designator=R97(J1-0603)
Add component. Clean all parameters for all variants
Add component (AddParameter): Name = "LatestRevisionDate"; Value = "29-May-2009"; VariantName = "[No Variations]"
Add component (AddParameter): Name = "LatestRevisionNote"; Value = "IPC-7351 Footprint Added."; VariantName = "[No Variations]"
Add component (AddParameter): Name = "PackageDescription"; Value = "Chip Resistor"; VariantName = "[No Variations]"
Add component (AddParameter): Name = "PackageReference"; Value = "J1-0603"; VariantName = "[No Variations]"
Add component (AddParameter): Name = "Published"; Value = "8-Jun-2000"; VariantName = "[No Variations]"
Add component (AddParameter): Name = "Publisher"; Value = "Altium Limited"; VariantName = "[No Variations]"
Add component (AddParameter): Name = "Value"; Value = "10K"; VariantName = "[No Variations]"
Added Component: Designator=R98(J1-0603)
Add component. Clean all parameters for all variants
Add component (AddParameter): Name = "LatestRevisionDate"; Value = "29-May-2009"; VariantName = "[No Variations]"
Add component (AddParameter): Name = "LatestRevisionNote"; Value = "IPC-7351 Footprint Added."; VariantName = "[No Variations]"
Add component (AddParameter): Name = "PackageDescription"; Value = "Chip Resistor"; VariantName = "[No Variations]"
Add component (AddParameter): Name = "PackageReference"; Value = "J1-0603"; VariantName = "[No Variations]"
Add component (AddParameter): Name = "Published"; Value = "8-Jun-2000"; VariantName = "[No Variations]"
Add component (AddParameter): Name = "Publisher"; Value = "Altium Limited"; VariantName = "[No Variations]"
Add component (AddParameter): Name = "Value"; Value = "10K"; VariantName = "[No Variations]"
Added Component: Designator=R99(J1-0603)
Add component. Clean all parameters for all variants
Add component (AddParameter): Name = "LatestRevisionDate"; Value = "29-May-2009"; VariantName = "[No Variations]"
Add component (AddParameter): Name = "LatestRevisionNote"; Value = "IPC-7351 Footprint Added."; VariantName = "[No Variations]"
Add component (AddParameter): Name = "PackageDescription"; Value = "Chip Resistor"; VariantName = "[No Variations]"
Add component (AddParameter): Name = "PackageReference"; Value = "J1-0603"; VariantName = "[No Variations]"
Add component (AddParameter): Name = "Published"; Value = "8-Jun-2000"; VariantName = "[No Variations]"
Add component (AddParameter): Name = "Publisher"; Value = "Altium Limited"; VariantName = "[No Variations]"
Add component (AddParameter): Name = "Value"; Value = "10K"; VariantName = "[No Variations]"
Added Pin To Net: NetName=VCC_iso_AO0 Pin=C52-1
Added Pin To Net: NetName=GND_ISO_AO Pin=C52-2
Added Pin To Net: NetName=+3.3V_ISO Pin=C56-1
Added Pin To Net: NetName=GND0 Pin=C56-2
Added Pin To Net: NetName=VCC_iso_AO1 Pin=C57-1
Added Pin To Net: NetName=PB11 Pin=R90-1
Added Pin To Net: NetName=PB12 Pin=R91-1
Added Pin To Net: NetName=VCC_iso_AO0 Pin=R92-2
Added Pin To Net: NetName=VCC_iso_AO0 Pin=R93-2
Added Pin To Net: NetName=NetIC11_8 Pin=R94-1
Added Pin To Net: NetName=PB11 Pin=R96-1
Added Pin To Net: NetName=+3.3V_ISO Pin=R96-2
Added Pin To Net: NetName=PB12 Pin=R97-1
Added Pin To Net: NetName=+3.3V_ISO Pin=R97-2
Added Pin To Net: NetName=VCC_iso_AO1 Pin=R98-2
Added Pin To Net: NetName=NetIC12_2 Pin=R99-1
Added Pin To Net: NetName=VCC_iso_AO1 Pin=R99-2
Added Pin To Net: NetName=NetIC12_8 Pin=R100-1
Added Pin To Net: NetName=PB12 Pin=U19-6
Added Pin To Net: NetName=PB11 Pin=U19-7
Added Pin To Net: NetName=VCC_iso_AO0 Pin=U19-16
Change Net Name : Old Net Name=GND_ISO_AO New Net Name=GND_ISO_AO0
Change Net Name : Old Net Name=NetC57_1 New Net Name=NetC53_1
Change Net Name : Old Net Name=NetC57_2 New Net Name=NetC53_2
Change Net Name : Old Net Name=NetC59_2 New Net Name=NetC61_2
Change Net Name : Old Net Name=NetC79_1 New Net Name=NetC81_1
Change Net Name : Old Net Name=NetC80_1 New Net Name=NetC82_1
Change Net Name : Old Net Name=NetC81_1 New Net Name=NetC83_1
Change Net Name : Old Net Name=NetC82_1 New Net Name=NetC84_1
Change Net Name : Old Net Name=NetC84_1 New Net Name=NetC86_1
Change Net Name : Old Net Name=NetC85_1 New Net Name=NetC87_1
Change Net Name : Old Net Name=NetC103_1 New Net Name=NetC105_1
Change Net Name : Old Net Name=NetC104_2 New Net Name=NetC106_2
Change Net Name : Old Net Name=NetC107_2 New Net Name=NetC109_2
Change Net Name : Old Net Name=NetC111_1 New Net Name=NetC113_1
Change Net Name : Old Net Name=NetC113_2 New Net Name=NetC115_2
Change Net Name : Old Net Name=NetD20_2 New Net Name=NetD19_2
Change Net Name : Old Net Name=NetD23_2 New Net Name=NetD22_2
Change Net Name : Old Net Name=NetD25_2 New Net Name=NetD24_2
Change Net Name : Old Net Name=NetD28_2 New Net Name=NetD27_2
Change Net Name : Old Net Name=NetD38_1 New Net Name=NetD37_1
Change Net Name : Old Net Name=NetD39_1 New Net Name=NetD38_1
Change Net Name : Old Net Name=NetD39_2 New Net Name=NetD38_2
Change Net Name : Old Net Name=NetR93_1 New Net Name=NetR89_1
Change Net Name : Old Net Name=NetR96_2 New Net Name=NetR100_2
Change Net Name : Old Net Name=NetR130_2 New Net Name=NetR134_2
Change Net Name : Old Net Name=NetR131_2 New Net Name=NetR135_2
Change Net Name : Old Net Name=NetR133_2 New Net Name=NetR137_2
Change Net Name : Old Net Name=NetR134_1 New Net Name=NetR138_1
Change Net Name : Old Net Name=NetR135_1 New Net Name=NetR139_1
Change Net Name : Old Net Name=NetR138_1 New Net Name=NetR142_1
Change Net Name : Old Net Name=NetR149_1 New Net Name=NetR153_1
Change Net Name : Old Net Name=NetR150_1 New Net Name=NetR154_1
Change Net Name : Old Net Name=NetR152_1 New Net Name=NetR156_1
Change Net Name : Old Net Name=NetR157_1 New Net Name=NetR161_1
Change Net Name : Old Net Name=NetR158_1 New Net Name=NetR162_1
Added Pin To Net: NetName=GND_ISO_AO1 Pin=C57-2
Added Pin To Net: NetName=GND_ISO_AO1 Pin=C59-1
Added Pin To Net: NetName=GND_ISO_AO1 Pin=C60-1
Added Pin To Net: NetName=GND_ISO_AO1 Pin=IC12-5
Added Pin To Net: NetName=GND_ISO_AO1 Pin=IC12-7
Added Pin To Net: NetName=GND_ISO_AO1 Pin=U20-3
Added Net: Name=GND_ISO_AO1
Added Pin To Net: NetName=NetIC12_3 Pin=IC12-3
Added Net: Name=NetIC12_3
Added Pin To Net: NetName=NetIC12_4 Pin=IC12-4
Added Net: Name=NetIC12_4
Added Pin To Net: NetName=NetR93_1 Pin=R93-1
Added Pin To Net: NetName=NetR93_1 Pin=U19-10
Added Net: Name=NetR93_1
Added Pin To Net: NetName=NetR98_1 Pin=R98-1
Added Net: Name=NetR98_1
Added Member To Class: ClassName=U_BV100011_ControlAO Member=Component C59 100nF/16V
Added Member To Class: ClassName=U_BV100011_ControlAO Member=Component C60 2.2uF/10V
Added Member To Class: ClassName=U_BV100011_ControlAO Member=Component R97 10K
Added Member To Class: ClassName=U_BV100011_ControlAO Member=Component R98 10K
Added Member To Class: ClassName=U_BV100011_ControlAO Member=Component R99 10K
Added Member To Class: ClassName=U_BV100011_ControlAO Member=Component R100 20K
