Removed Pin From Net: NetName=GND0 Pin=J2-68
Removed Pin From Net: NetName=GND0 Pin=J2-71
Removed Pin From Net: NetName=NetJ2_29 Pin=P1-1
Removed Pin From Net: NetName=NetJ2_31 Pin=P1-2
Removed Pin From Net: NetName=NetJ2_33 Pin=P1-3
Removed Pin From Net: NetName=NetJ2_35 Pin=P1-4
Removed Pin From Net: NetName=NetJ2_37 Pin=P1-5
Removed Pin From Net: NetName=NetJ2_39 Pin=P1-6
Removed Pin From Net: NetName=NetJ2_41 Pin=P1-7
Removed Pin From Net: NetName=NetJ2_43 Pin=P1-8
Removed Pin From Net: NetName=NetJ2_45 Pin=P1-9
Removed Pin From Net: NetName=NetJ2_47 Pin=P1-10
Removed Pin From Net: NetName=GND Pin=P5-P1
Removed Pin From Net: NetName=GND Pin=P5-P2
Removed Pin From Net: NetName=GND0 Pin=P6-P1
Removed Pin From Net: NetName=GND0 Pin=P6-P2
Added Pin To Net: NetName=NetJ2_47 Pin=P1-1
Added Pin To Net: NetName=NetJ2_45 Pin=P1-2
Added Pin To Net: NetName=NetJ2_43 Pin=P1-3
Added Pin To Net: NetName=NetJ2_41 Pin=P1-4
Added Pin To Net: NetName=NetJ2_39 Pin=P1-5
Added Pin To Net: NetName=NetJ2_37 Pin=P1-6
Added Pin To Net: NetName=NetJ2_35 Pin=P1-7
Added Pin To Net: NetName=NetJ2_33 Pin=P1-8
Added Pin To Net: NetName=NetJ2_31 Pin=P1-9
Added Pin To Net: NetName=NetJ2_29 Pin=P1-10
Added Room: Name=BV100011_ControlTopLevel
Added Room: Name=U_BV100011_ControlAI
Added Room: Name=U_BV100011_ControlAO
Added Room: Name=U_BV100011_ControlConnector
Added Room: Name=U_BV100011_ControlDI
Added Room: Name=U_BV100011_ControlDO
Added Room: Name=U_BV100011_ControlPower
Added Room: Name=U_BV100011_ControlRS485
