Added Member To Class: ClassName=BV100011_ControlPower Member=Component C2 Cap Semi
Added Member To Class: ClassName=BV100011_ControlPower Member=Component C3 Cap Semi
Added Member To Class: ClassName=BV100011_ControlPower Member=Component C5 Cap Semi
Added Member To Class: ClassName=BV100011_ControlPower Member=Component C6 Cap Semi
Added Member To Class: ClassName=BV100011_ControlPower Member=Component C8 Cap Semi
Added Member To Class: ClassName=BV100011_ControlPower Member=Component C11 Cap Semi
Added Member To Class: ClassName=BV100011_ControlPower Member=Component C13 Cap Semi
Added Member To Class: ClassName=BV100011_ControlPower Member=Component C15 Cap Semi
Added Member To Class: ClassName=BV100011_ControlPower Member=Component C17 Cap Semi
Added Member To Class: ClassName=BV100011_ControlPower Member=Component D1 DFLR1200
Added Member To Class: ClassName=BV100011_ControlPower Member=Component Q1 FDMS86252
Added Member To Class: ClassName=BV100011_ControlPower Member=Component R1 Res3
Added Member To Class: ClassName=BV100011_ControlPower Member=Component R2 Res3
Added Member To Class: ClassName=BV100011_ControlPower Member=Component R5 Res3
Added Member To Class: ClassName=BV100011_ControlPower Member=Component R7 Res3
Added Member To Class: ClassName=BV100011_ControlPower Member=Component R8 Res3
Added Member To Class: ClassName=BV100011_ControlPower Member=Component R10 Res3
Added Member To Class: ClassName=BV100011_ControlPower Member=Component R15 Res3
Added Member To Class: ClassName=BV100011_ControlPower Member=Component R16 Res3
Added Room: Name=BV100011_ControlPower
