Removed Pin From Net: NetName=NetJ1_63 Pin=U3-1
Removed Pin From Net: NetName=NetJ1_63 Pin=U3-2
Removed Pin From Net: NetName=NetJ1_61 Pin=U3-6
Removed Pin From Net: NetName=NetJ1_61 Pin=U3-7
Removed Pin From Net: NetName=NetJ1_59 Pin=U9-1
Removed Pin From Net: NetName=NetJ1_59 Pin=U9-2
Removed Pin From Net: NetName=NetJ1_57 Pin=U9-6
Removed Pin From Net: NetName=NetJ1_57 Pin=U9-7
Removed Pin From Net: NetName=NetJ1_55 Pin=U15-1
Removed Pin From Net: NetName=NetJ1_55 Pin=U15-2
Removed Pin From Net: NetName=NetJ1_53 Pin=U15-6
Removed Pin From Net: NetName=NetJ1_53 Pin=U15-7
Removed Pin From Net: NetName=NetJ1_51 Pin=U21-1
Removed Pin From Net: NetName=NetJ1_51 Pin=U21-2
Removed Pin From Net: NetName=NetJ1_49 Pin=U21-6
Removed Pin From Net: NetName=NetJ1_49 Pin=U21-7
Added Pin To Net: NetName=NetJ1_61 Pin=U3-1
Added Pin To Net: NetName=NetJ1_61 Pin=U3-2
Added Pin To Net: NetName=NetJ1_63 Pin=U3-6
Added Pin To Net: NetName=NetJ1_63 Pin=U3-7
Added Pin To Net: NetName=NetJ1_57 Pin=U9-1
Added Pin To Net: NetName=NetJ1_57 Pin=U9-2
Added Pin To Net: NetName=NetJ1_59 Pin=U9-6
Added Pin To Net: NetName=NetJ1_59 Pin=U9-7
Added Pin To Net: NetName=NetJ1_53 Pin=U15-1
Added Pin To Net: NetName=NetJ1_53 Pin=U15-2
Added Pin To Net: NetName=NetJ1_55 Pin=U15-6
Added Pin To Net: NetName=NetJ1_55 Pin=U15-7
Added Pin To Net: NetName=NetJ1_49 Pin=U21-1
Added Pin To Net: NetName=NetJ1_49 Pin=U21-2
Added Pin To Net: NetName=NetJ1_51 Pin=U21-6
Added Pin To Net: NetName=NetJ1_51 Pin=U21-7
Added Room: Name=U_BV100011_ControlAI
Added Room: Name=U_BV100011_ControlAO
Added Room: Name=U_BV100011_ControlConnector
Added Room: Name=U_BV100011_ControlDI
Added Room: Name=U_BV100011_ControlDO
Added Room: Name=U_BV100011_ControlIsolator
