Change Component Designator: Old Designator=C21 New Designator=C97
Change Component Designator: Old Designator=C24 New Designator=C95
Change Component Designator: Old Designator=C25 New Designator=C88
Change Component Designator: Old Designator=C26 New Designator=C89
Change Component Designator: Old Designator=C27 New Designator=C96
Change Component Designator: Old Designator=C28 New Designator=C87
Change Component Designator: Old Designator=C29 New Designator=C90
Change Component Designator: Old Designator=C30 New Designator=C86
Change Component Designator: Old Designator=C31 New Designator=C91
Change Component Designator: Old Designator=C32 New Designator=C93
Change Component Designator: Old Designator=C33 New Designator=C94
Change Component Designator: Old Designator=C34 New Designator=C84
Change Component Designator: Old Designator=C35 New Designator=C77
Change Component Designator: Old Designator=C36 New Designator=C76
Change Component Designator: Old Designator=C37 New Designator=C78
Change Component Designator: Old Designator=C38 New Designator=C79
Change Component Designator: Old Designator=C39 New Designator=C85
Change Component Designator: Old Designator=C52 New Designator=C75
Change Component Designator: Old Designator=C53 New Designator=C80
Change Component Designator: Old Designator=C55 New Designator=C81
Change Component Designator: Old Designator=C56 New Designator=C82
Change Component Designator: Old Designator=C57 New Designator=C83
Change Component Designator: Old Designator=C58 New Designator=C92
Change Component Designator: Old Designator=JP4 New Designator=JP3
Change Component Designator: Old Designator=JP6 New Designator=JP1
Change Component Designator: Old Designator=JP7 New Designator=JP2
Change Component Designator: Old Designator=L1 New Designator=L3
Change Component Designator: Old Designator=LD2 New Designator=LD1
Change Component Designator: Old Designator=LD3 New Designator=LD2
Change Component Designator: Old Designator=R30 New Designator=R137
Change Component Designator: Old Designator=R31 New Designator=R135
Change Component Designator: Old Designator=R35 New Designator=R136
Change Component Designator: Old Designator=R36 New Designator=R143
Change Component Designator: Old Designator=R37 New Designator=R141
Change Component Designator: Old Designator=R38 New Designator=R140
Change Component Designator: Old Designator=R58 New Designator=R142
Change Component Designator: Old Designator=R59 New Designator=R138
Change Component Designator: Old Designator=R60 New Designator=R139
Change Component Designator: Old Designator=R73 New Designator=R134
Change Component Designator: Old Designator=SB5 New Designator=SB7
Change Component Designator: Old Designator=SB6 New Designator=SB9
Change Component Designator: Old Designator=SB8 New Designator=SB21
Change Component Designator: Old Designator=SB9 New Designator=SB22
Change Component Designator: Old Designator=SB12 New Designator=SB23
Change Component Designator: Old Designator=SB13 New Designator=SB2
Change Component Designator: Old Designator=SB118 New Designator=SB13
Change Component Designator: Old Designator=SB123 New Designator=SB24
Change Component Designator: Old Designator=SB124 New Designator=SB25
Change Component Designator: Old Designator=SB125 New Designator=SB10
Change Component Designator: Old Designator=SB127 New Designator=SB8
Change Component Designator: Old Designator=SB129 New Designator=SB27
Change Component Designator: Old Designator=SB132 New Designator=SB12
Change Component Designator: Old Designator=SB133 New Designator=SB11
Change Component Designator: Old Designator=SB139 New Designator=SB6
Change Component Designator: Old Designator=SB142 New Designator=SB3
Change Component Designator: Old Designator=SB149 New Designator=SB20
Change Component Designator: Old Designator=SB152 New Designator=SB5
Change Component Designator: Old Designator=SB153 New Designator=SB29
Change Component Designator: Old Designator=SB154 New Designator=SB28
Change Component Designator: Old Designator=SB155 New Designator=SB30
Change Component Designator: Old Designator=SB156 New Designator=SB26
Change Component Designator: Old Designator=SB160 New Designator=SB4
Change Component Designator: Old Designator=SB161 New Designator=SB31
Change Component Designator: Old Designator=SB162 New Designator=SB33
Change Component Designator: Old Designator=SB164 New Designator=SB14
Change Component Designator: Old Designator=SB166 New Designator=SB32
Change Component Designator: Old Designator=SB173 New Designator=SB17
Change Component Designator: Old Designator=SB178 New Designator=SB15
Change Component Designator: Old Designator=SB180 New Designator=SB1
Change Component Designator: Old Designator=SB181 New Designator=SB16
Change Component Designator: Old Designator=SB182 New Designator=SB19
Change Component Designator: Old Designator=SB183 New Designator=SB18
Change Component Designator: Old Designator=U8 New Designator=U31
Change Component Designator: Old Designator=U8 New Designator=U31
Change Component Designator: Old Designator=U8 New Designator=U31
Change Component Designator: Old Designator=X2 New Designator=X1
Change Component Designator: Old Designator=X3 New Designator=X2
