Removed Pin From Net: NetName=GND0 Pin=J1-61
Removed Pin From Net: NetName=+5V_ISO Pin=J1-66
Added Component: Designator=IC5(SOIC127P600X175-8N)
Add component. Clean all parameters for all variants
Add component (AddParameter): Name = "Datasheet Link"; Value = "https://datasheets.maximintegrated.com/en/ds/MAX14783E.pdf"; VariantName = "[No Variations]"
Add component (AddParameter): Name = "Height"; Value = "1.75mm"; VariantName = "[No Variations]"
Add component (AddParameter): Name = "Manufacturer_Name"; Value = "Maxim Integrated"; VariantName = "[No Variations]"
Add component (AddParameter): Name = "Manufacturer_Part_Number"; Value = "MAX14783EASA+"; VariantName = "[No Variations]"
Add component (AddParameter): Name = "Mouser Part Number"; Value = "700-MAX14783EASA+"; VariantName = "[No Variations]"
Add component (AddParameter): Name = "Mouser Price/Stock"; Value = "https://www.mouser.com/Search/Refine.aspx?Keyword=700-MAX14783EASA%2B"; VariantName = "[No Variations]"
Add component (AddParameter): Name = "RS Part Number"; Value = ""; VariantName = "[No Variations]"
Add component (AddParameter): Name = "RS Price/Stock"; Value = ""; VariantName = "[No Variations]"
Added Component: Designator=IC6(SOIC127P600X175-8N)
Add component. Clean all parameters for all variants
Add component (AddParameter): Name = "Datasheet Link"; Value = "https://datasheets.maximintegrated.com/en/ds/MAX14784E-MAX14789E.pdf"; VariantName = "[No Variations]"
Add component (AddParameter): Name = "Height"; Value = "1.75mm"; VariantName = "[No Variations]"
Add component (AddParameter): Name = "Manufacturer_Name"; Value = "Maxim Integrated"; VariantName = "[No Variations]"
Add component (AddParameter): Name = "Manufacturer_Part_Number"; Value = "MAX14789EGSA+"; VariantName = "[No Variations]"
Add component (AddParameter): Name = "Mouser Part Number"; Value = "700-MAX14789EGSA+"; VariantName = "[No Variations]"
Add component (AddParameter): Name = "Mouser Price/Stock"; Value = "https://www.mouser.com/Search/Refine.aspx?Keyword=700-MAX14789EGSA%2B"; VariantName = "[No Variations]"
Add component (AddParameter): Name = "RS Part Number"; Value = ""; VariantName = "[No Variations]"
Add component (AddParameter): Name = "RS Price/Stock"; Value = ""; VariantName = "[No Variations]"
Added Pin To Net: NetName=+5V_ISO Pin=J1-59
Added Pin To Net: NetName=+5V_ISO Pin=J1-61
Added Pin To Net: NetName=GND0 Pin=J1-66
Added Pin To Net: NetName=NetR98_2 Pin=R98-2
Added Pin To Net: NetName=NetR98_2 Pin=U29-7
Added Net: Name=NetR98_2
Added Class: Name=U_BV100011_ControlRS485
Added Room: Name=U_BV100011_ControlAI
Added Room: Name=U_BV100011_ControlAO
Added Room: Name=U_BV100011_ControlConnector
Added Room: Name=U_BV100011_ControlDI
Added Room: Name=U_BV100011_ControlDO
Added Room: Name=U_BV100011_ControlIsolator
Added Room: Name=U_BV100011_ControlRS485
