Change Component Designator: OldDesignator=J7 NewDesignator=J8
Change Component Designator: OldDesignator=J8 NewDesignator=J9
Change Component Designator: OldDesignator=J9 NewDesignator=J10
Added Component: Designator=J7(M80-8820742)
Add component. Clean all parameters for all variants
Add component (AddParameter): Name = "Arrow Part Number"; Value = ""; VariantName = "[No Variations]"
Add component (AddParameter): Name = "Arrow Price/Stock"; Value = ""; VariantName = "[No Variations]"
Add component (AddParameter): Name = "Datasheet Link"; Value = "https://cdn.harwin.com/pdfs/M80-882.pdf"; VariantName = "[No Variations]"
Add component (AddParameter): Name = "Manufacturer_Name"; Value = "Harwin"; VariantName = "[No Variations]"
Add component (AddParameter): Name = "Manufacturer_Part_Number"; Value = "M80-8820742"; VariantName = "[No Variations]"
Add component (AddParameter): Name = "Mouser Part Number"; Value = "855-M80-8820742"; VariantName = "[No Variations]"
Add component (AddParameter): Name = "Mouser Price/Stock"; Value = "https://www.mouser.com/Search/Refine.aspx?Keyword=855-M80-8820742"; VariantName = "[No Variations]"
Added Pin To Net: NetName=+3.3V_ISO Pin=J7-5
Added Pin To Net: NetName=GND0 Pin=J7-6
Added Pin To Net: NetName=GND0 Pin=J7-7
Added Pin To Net: NetName=GND0 Pin=J7-8
Added Pin To Net: NetName=GND0 Pin=J7-9
Added Pin To Net: NetName=GND0 Pin=J7-10
Added Pin To Net: NetName=GND0 Pin=J7-11
Added Member To Class: ClassName=U_BV100011_ControlConnector Member=Component J7 M80-8820742
Added Member To Class: ClassName=U_BV100011_EERAM Member=Component SB18 Circuit Breaker
Added Member To Class: ClassName=U_BV100011_EERAM Member=Component SB19 Circuit Breaker
Added Member To Class: ClassName=U_BV100011_EERAM Member=Component SB20 Circuit Breaker
Added Member To Class: ClassName=U_BV100011_EERAM Member=Component SB21 Circuit Breaker
Added Member To Class: ClassName=U_BV100011_EERAM Member=Component SB22 Circuit Breaker
