Removed Pin From Net: NetName=GND Pin=C60-1
Removed Pin From Net: NetName=VIN Pin=C60-2
Removed Pin From Net: NetName=GND Pin=C61-1
Removed Pin From Net: NetName=VIN Pin=C61-2
Removed Pin From Net: NetName=GND Pin=C62-1
Removed Pin From Net: NetName=+5V Pin=C62-2
Removed Pin From Net: NetName=GND Pin=C63-1
Removed Pin From Net: NetName=+5V Pin=C63-2
Removed Pin From Net: NetName=GND Pin=C64-1
Removed Pin From Net: NetName=+5V Pin=C64-2
Removed Pin From Net: NetName=GND Pin=C65-1
Removed Pin From Net: NetName=GND Pin=D38-2
Removed Pin From Net: NetName=VIN Pin=IC6-1
Removed Pin From Net: NetName=GND Pin=IC6-5
Removed Pin From Net: NetName=GND Pin=IC6-8
Removed Pin From Net: NetName=GND Pin=IC6-11
Removed Pin From Net: NetName=+5V Pin=L1-2
Removed Pin From Net: NetName=VIN Pin=R122-1
Removed Pin From Net: NetName=+5V Pin=R123-2
Removed Pin From Net: NetName=GND Pin=R124-2
Removed Pin From Net: NetName=GND Pin=R125-1
Removed Member From Class: ClassName=U_BV100011_ControlPower Member=C59
Removed Member From Class: ClassName=U_BV100011_ControlPower Member=C64
Removed Member From Class: ClassName=U_BV100011_ControlPower Member=C65
Removed Member From Class: ClassName=U_BV100011_ControlPower Member=C66
Removed Member From Class: ClassName=U_BV100011_ControlPower Member=C67
Removed Member From Class: ClassName=U_BV100011_ControlPower Member=C68
Removed Member From Class: ClassName=U_BV100011_ControlPower Member=C69
Removed Member From Class: ClassName=U_BV100011_ControlPower Member=IC6
Removed Member From Class: ClassName=U_BV100011_ControlPower Member=L1
Removed Member From Class: ClassName=U_BV100011_ControlPower Member=R122
Removed Member From Class: ClassName=U_BV100011_ControlPower Member=R123
Removed Member From Class: ClassName=U_BV100011_ControlPower Member=R125
Removed Member From Class: ClassName=U_BV100011_ControlPower Member=R126
Change Component Designator: OldDesignator=C51 NewDesignator=C52
Change Component Designator: OldDesignator=C52 NewDesignator=C53
Change Component Designator: OldDesignator=C53 NewDesignator=C54
Change Component Designator: OldDesignator=C54 NewDesignator=C55
Change Component Designator: OldDesignator=C55 NewDesignator=C56
Change Component Designator: OldDesignator=C56 NewDesignator=C57
Change Component Designator: OldDesignator=C57 NewDesignator=C58
Change Component Designator: OldDesignator=C58 NewDesignator=C59
Change Component Designator: OldDesignator=C66 NewDesignator=C60
Change Component Designator: OldDesignator=C67 NewDesignator=C61
Change Component Designator: OldDesignator=C68 NewDesignator=C62
Change Component Designator: OldDesignator=C69 NewDesignator=C63
Change Component Designator: OldDesignator=C70 NewDesignator=C64
Change Component Designator: OldDesignator=C71 NewDesignator=C65
Change Component Designator: OldDesignator=C72 NewDesignator=C66
Change Component Designator: OldDesignator=C73 NewDesignator=C67
Change Component Designator: OldDesignator=C74 NewDesignator=C68
Change Component Designator: OldDesignator=C75 NewDesignator=C69
Change Component Designator: OldDesignator=C76 NewDesignator=C70
Change Component Designator: OldDesignator=C77 NewDesignator=C71
Change Component Designator: OldDesignator=C78 NewDesignator=C72
Change Component Designator: OldDesignator=C79 NewDesignator=C73
Change Component Designator: OldDesignator=C80 NewDesignator=C74
Change Component Designator: OldDesignator=C81 NewDesignator=C75
Change Component Designator: OldDesignator=C82 NewDesignator=C76
Change Component Designator: OldDesignator=C83 NewDesignator=C77
Change Component Designator: OldDesignator=C84 NewDesignator=C78
Change Component Designator: OldDesignator=C85 NewDesignator=C79
Change Component Designator: OldDesignator=C86 NewDesignator=C80
Change Component Designator: OldDesignator=C87 NewDesignator=C81
Change Component Designator: OldDesignator=C88 NewDesignator=C82
Change Component Designator: OldDesignator=C89 NewDesignator=C83
Change Component Designator: OldDesignator=C90 NewDesignator=C84
Change Component Designator: OldDesignator=C91 NewDesignator=C85
Change Component Designator: OldDesignator=C92 NewDesignator=C86
Change Component Designator: OldDesignator=C93 NewDesignator=C87
Change Component Designator: OldDesignator=C94 NewDesignator=C88
Change Component Designator: OldDesignator=C95 NewDesignator=C89
Change Component Designator: OldDesignator=C96 NewDesignator=C90
Change Component Designator: OldDesignator=C97 NewDesignator=C91
Change Component Designator: OldDesignator=C98 NewDesignator=C92
Change Component Designator: OldDesignator=C99 NewDesignator=C93
Change Component Designator: OldDesignator=C100 NewDesignator=C94
Change Component Designator: OldDesignator=C101 NewDesignator=C95
Change Component Designator: OldDesignator=C102 NewDesignator=C96
Change Component Designator: OldDesignator=C103 NewDesignator=C97
Change Component Designator: OldDesignator=C104 NewDesignator=C98
Change Component Designator: OldDesignator=C105 NewDesignator=C99
Change Component Designator: OldDesignator=D39 NewDesignator=D38
Change Component Designator: OldDesignator=IC7 NewDesignator=IC6
Change Component Designator: OldDesignator=IC8 NewDesignator=IC7
Change Component Designator: OldDesignator=IC9 NewDesignator=IC8
Change Component Designator: OldDesignator=L2 NewDesignator=L1
Change Component Designator: OldDesignator=L3 NewDesignator=L2
Change Component Designator: OldDesignator=R98 NewDesignator=R100
Change Component Designator: OldDesignator=R99 NewDesignator=R101
Change Component Designator: OldDesignator=R100 NewDesignator=R102
Change Component Designator: OldDesignator=R101 NewDesignator=R103
Change Component Designator: OldDesignator=R102 NewDesignator=R104
Change Component Designator: OldDesignator=R103 NewDesignator=R105
Change Component Designator: OldDesignator=R104 NewDesignator=R106
Change Component Designator: OldDesignator=R105 NewDesignator=R107
Change Component Designator: OldDesignator=R106 NewDesignator=R108
Change Component Designator: OldDesignator=R107 NewDesignator=R109
Change Component Designator: OldDesignator=R108 NewDesignator=R110
Change Component Designator: OldDesignator=R109 NewDesignator=R111
Change Component Designator: OldDesignator=R110 NewDesignator=R112
Change Component Designator: OldDesignator=R111 NewDesignator=R113
Change Component Designator: OldDesignator=R112 NewDesignator=R114
Change Component Designator: OldDesignator=R113 NewDesignator=R115
Change Component Designator: OldDesignator=R114 NewDesignator=R116
Change Component Designator: OldDesignator=R115 NewDesignator=R117
Change Component Designator: OldDesignator=R116 NewDesignator=R118
Change Component Designator: OldDesignator=R117 NewDesignator=R119
Change Component Designator: OldDesignator=R118 NewDesignator=R120
Change Component Designator: OldDesignator=R119 NewDesignator=R121
Change Component Designator: OldDesignator=R120 NewDesignator=R122
Change Component Designator: OldDesignator=R121 NewDesignator=R123
Change Component Designator: OldDesignator=R126 NewDesignator=R124
Change Component Designator: OldDesignator=R127 NewDesignator=R125
Change Component Designator: OldDesignator=R128 NewDesignator=R126
Change Component Designator: OldDesignator=R129 NewDesignator=R127
Change Component Designator: OldDesignator=R130 NewDesignator=R128
Change Component Designator: OldDesignator=R131 NewDesignator=R129
Change Component Designator: OldDesignator=R132 NewDesignator=R130
Change Component Designator: OldDesignator=R133 NewDesignator=R131
Change Component Designator: OldDesignator=R134 NewDesignator=R132
Change Component Designator: OldDesignator=R135 NewDesignator=R133
Change Component Designator: OldDesignator=R136 NewDesignator=R134
Change Component Designator: OldDesignator=R137 NewDesignator=R135
Change Component Designator: OldDesignator=R138 NewDesignator=R136
Change Component Designator: OldDesignator=R139 NewDesignator=R137
Change Component Designator: OldDesignator=R140 NewDesignator=R138
Change Component Designator: OldDesignator=R141 NewDesignator=R139
Change Component Designator: OldDesignator=R142 NewDesignator=R140
Change Component Designator: OldDesignator=R143 NewDesignator=R141
Change Component Designator: OldDesignator=R144 NewDesignator=R142
Change Component Designator: OldDesignator=R145 NewDesignator=R143
Change Component Designator: OldDesignator=R146 NewDesignator=R144
Change Component Designator: OldDesignator=R147 NewDesignator=R145
Change Component Designator: OldDesignator=R148 NewDesignator=R146
Change Component Designator: OldDesignator=R149 NewDesignator=R147
Change Component Designator: OldDesignator=R150 NewDesignator=R148
Change Component Designator: OldDesignator=R151 NewDesignator=R149
Change Component Designator: OldDesignator=R152 NewDesignator=R150
Change Component Designator: OldDesignator=R153 NewDesignator=R151
Change Component Designator: OldDesignator=R154 NewDesignator=R152
Change Component Designator: OldDesignator=R155 NewDesignator=R153
Change Component Designator: OldDesignator=R156 NewDesignator=R154
Change Component Designator: OldDesignator=R157 NewDesignator=R155
Change Component Designator: OldDesignator=R158 NewDesignator=R156
Change Component Designator: OldDesignator=R159 NewDesignator=R157
Change Component Designator: OldDesignator=R160 NewDesignator=R158
Change Component Designator: OldDesignator=R161 NewDesignator=R159
Change Component Designator: OldDesignator=R162 NewDesignator=R160
Change Component Designator: OldDesignator=R163 NewDesignator=R161
Change Component Designator: OldDesignator=R164 NewDesignator=R162
Change Component Designator: OldDesignator=R165 NewDesignator=R163
Change Component Designator: OldDesignator=R166 NewDesignator=R164
Change Component Designator: OldDesignator=R167 NewDesignator=R165
Added Component: Designator=C51(C1210)
Add component. Clean all parameters for all variants
Add component (AddParameter): Name = "LatestRevisionDate"; Value = "17-Jul-2002"; VariantName = "[No Variations]"
Add component (AddParameter): Name = "LatestRevisionNote"; Value = "Re-released for DXP Platform."; VariantName = "[No Variations]"
Add component (AddParameter): Name = "PackageReference"; Value = "RAD-0.3"; VariantName = "[No Variations]"
Add component (AddParameter): Name = "Published"; Value = "8-Jun-2000"; VariantName = "[No Variations]"
Add component (AddParameter): Name = "Publisher"; Value = "Altium Limited"; VariantName = "[No Variations]"
Add component (AddParameter): Name = "Value"; Value = "0.01uF"; VariantName = "[No Variations]"
Added Component: Designator=R98(R0805)
Add component. Clean all parameters for all variants
Added Component: Designator=R99(R0603)
Add component. Clean all parameters for all variants
Added Pin To Net: NetName=GND Pin=C51-1
Added Pin To Net: NetName=GND Pin=R99-1
Change Net Name : Old Net Name=NetC73_1 New Net Name=NetC67_1
Change Net Name : Old Net Name=NetC74_1 New Net Name=NetC68_1
Change Net Name : Old Net Name=NetC75_1 New Net Name=NetC69_1
Change Net Name : Old Net Name=NetC76_1 New Net Name=NetC70_1
Change Net Name : Old Net Name=NetC78_1 New Net Name=NetC72_1
Change Net Name : Old Net Name=NetC79_1 New Net Name=NetC73_1
Change Net Name : Old Net Name=NetC97_1 New Net Name=NetC91_1
Change Net Name : Old Net Name=NetC98_2 New Net Name=NetC92_2
Change Net Name : Old Net Name=NetC101_2 New Net Name=NetC95_2
Change Net Name : Old Net Name=NetC105_1 New Net Name=NetC99_1
Change Net Name : Old Net Name=NetD39_1 New Net Name=NetD38_1
Change Net Name : Old Net Name=NetD39_2 New Net Name=NetD38_2
Change Net Name : Old Net Name=NetIC7_1 New Net Name=NetIC6_1
Change Net Name : Old Net Name=NetIC7_2 New Net Name=NetIC6_2
Change Net Name : Old Net Name=NetIC7_4 New Net Name=NetIC6_4
Change Net Name : Old Net Name=NetIC8_1 New Net Name=NetIC7_1
Change Net Name : Old Net Name=NetIC8_3 New Net Name=NetIC7_3
Change Net Name : Old Net Name=NetIC8_4 New Net Name=NetIC7_4
Change Net Name : Old Net Name=NetIC8_5 New Net Name=NetIC7_5
Change Net Name : Old Net Name=NetIC9_1 New Net Name=NetIC8_1
Change Net Name : Old Net Name=NetIC9_3 New Net Name=NetIC8_3
Change Net Name : Old Net Name=NetL2_2 New Net Name=NetL1_2
Change Net Name : Old Net Name=NetR128_2 New Net Name=NetR126_2
Change Net Name : Old Net Name=NetR129_2 New Net Name=NetR127_2
Change Net Name : Old Net Name=NetR131_2 New Net Name=NetR129_2
Change Net Name : Old Net Name=NetR132_1 New Net Name=NetR130_1
Change Net Name : Old Net Name=NetR133_1 New Net Name=NetR131_1
Change Net Name : Old Net Name=NetR136_1 New Net Name=NetR134_1
Change Net Name : Old Net Name=NetR147_1 New Net Name=NetR145_1
Change Net Name : Old Net Name=NetR148_1 New Net Name=NetR146_1
Change Net Name : Old Net Name=NetR150_1 New Net Name=NetR148_1
Change Net Name : Old Net Name=NetR155_1 New Net Name=NetR153_1
Change Net Name : Old Net Name=NetR156_1 New Net Name=NetR154_1
Change Net Name : Old Net Name=NetR162_1 New Net Name=NetR160_1
Change Net Name : Old Net Name=NetR163_1 New Net Name=NetR161_1
Change Net Name : Old Net Name=NetR164_1 New Net Name=NetR162_1
Change Net Name : Old Net Name=NetR165_1 New Net Name=NetR163_1
Change Net Name : Old Net Name=NetR166_1 New Net Name=NetR164_1
Change Net Name : Old Net Name=NetR167_1 New Net Name=NetR165_1
Added Pin To Net: NetName=NetC51_2 Pin=C51-2
Added Pin To Net: NetName=NetC51_2 Pin=R98-1
Added Net: Name=NetC51_2
Added Pin To Net: NetName=NetF1_1 Pin=J7-1
Added Net: Name=NetF1_1
Added Pin To Net: NetName=NetF1_2 Pin=R98-2
Added Net: Name=NetF1_2
Added Pin To Net: NetName=NetQ3_4 Pin=R99-2
Added Net: Name=NetQ3_4
Added Member To Class: ClassName=BV100011_ControlTopLevel Member=Component C51 2.2uF 100V
Added Member To Class: ClassName=U_BV100011_ControlDI_8-15 Member=Component D30 SM15T33CA
Added Member To Class: ClassName=U_BV100011_ControlDI_8-15 Member=Component D31 SM15T33CA
Added Member To Class: ClassName=U_BV100011_ControlDI_8-15 Member=Component D32 SM15T33CA
Added Member To Class: ClassName=U_BV100011_ControlDI_8-15 Member=Component D33 SM15T33CA
Added Member To Class: ClassName=U_BV100011_ControlDI_8-15 Member=Component D34 SM15T33CA
Added Member To Class: ClassName=U_BV100011_ControlDI_8-15 Member=Component D35 SM15T33CA
Added Member To Class: ClassName=U_BV100011_ControlDI_8-15 Member=Component D36 SM15T33CA
Added Member To Class: ClassName=U_BV100011_ControlDI_8-15 Member=Component D37 SM15T33CA
Added Member To Class: ClassName=U_BV100011_ControlRS485 Member=Component D38 CDSOT23-SM712
Added Member To Class: ClassName=BV100011_ControlTopLevel Member=Component J7 1843800
Added Member To Class: ClassName=BV100011_ControlTopLevel Member=Component R98 1R
Added Member To Class: ClassName=BV100011_ControlTopLevel Member=Component R99 100K
