Removed Member From Class: ClassName=U_BV100011_ControlDI_8-15 Member=C63
Removed Member From Class: ClassName=U_BV100011_ControlDI_8-15 Member=C65
Removed Member From Class: ClassName=U_BV100011_ControlDI_8-15 Member=C67
Removed Member From Class: ClassName=U_BV100011_ControlDI_8-15 Member=C68
Removed Member From Class: ClassName=U_BV100011_ControlDI_8-15 Member=C69
Removed Member From Class: ClassName=U_BV100011_ControlDI_8-15 Member=C70
Removed Member From Class: ClassName=U_BV100011_ControlDI_8-15 Member=C72
Removed Member From Class: ClassName=U_BV100011_ControlPower Member=C72
Removed Member From Class: ClassName=U_BV100011_ControlDI_8-15 Member=C74
Removed Member From Class: ClassName=U_BV100011_ControlPower Member=C74
Removed Member From Class: ClassName=U_BV100011_ControlDI_8-15 Member=D38
Removed Member From Class: ClassName=U_BV100011_ControlDI_8-15 Member=D39
Removed Member From Class: ClassName=U_BV100011_ControlDI_8-15 Member=D40
Removed Member From Class: ClassName=U_BV100011_ControlDI_8-15 Member=D41
Removed Member From Class: ClassName=U_BV100011_ControlDI_8-15 Member=D42
Removed Member From Class: ClassName=U_BV100011_ControlDI_8-15 Member=IC6
Removed Member From Class: ClassName=U_BV100011_ControlConnector Member=J?
Removed Member From Class: ClassName=U_BV100011_ControlDI_8-15 Member=LED28
Removed Member From Class: ClassName=U_BV100011_ControlDI_8-15 Member=R123
Removed Member From Class: ClassName=U_BV100011_ControlDI_8-15 Member=R124
Removed Member From Class: ClassName=U_BV100011_ControlDI_8-15 Member=R125
Removed Member From Class: ClassName=U_BV100011_ControlDI_8-15 Member=R126
Removed Member From Class: ClassName=U_BV100011_ControlDI_8-15 Member=R127
Removed Member From Class: ClassName=U_BV100011_ControlDI_8-15 Member=R128
Removed Member From Class: ClassName=U_BV100011_ControlDI_8-15 Member=R129
Removed Member From Class: ClassName=U_BV100011_ControlDI_8-15 Member=R130
Removed Member From Class: ClassName=U_BV100011_ControlDI_8-15 Member=R131
Removed Member From Class: ClassName=U_BV100011_ControlDI_8-15 Member=R132
Removed Member From Class: ClassName=U_BV100011_ControlDI_8-15 Member=R133
Removed Member From Class: ClassName=U_BV100011_ControlDI_8-15 Member=R134
Change Component Designator: OldDesignator=J3 NewDesignator=J4
Change Component Designator: OldDesignator=J4 NewDesignator=J5
Change Component Designator: OldDesignator=J5 NewDesignator=J6
Change Component Designator: OldDesignator=J6 NewDesignator=J7
Change Component Designator: OldDesignator=J7 NewDesignator=J8
Change Component Designator: OldDesignator=J? NewDesignator=J3
Added Component: Designator=D30(DIONM8059X265N)
Add component. Clean all parameters for all variants
Add component (AddParameter): Name = "Allied_Number"; Value = "70390412"; VariantName = "[No Variations]"
Add component (AddParameter): Name = "Allied Price/Stock"; Value = "http://www.alliedelec.com/stmicroelectronics-sm15t33ca/70390412/"; VariantName = "[No Variations]"
Add component (AddParameter): Name = "Datasheet Link"; Value = "http://www.st.com/web/en/resource/technical/document/datasheet/CD00000724.pdf"; VariantName = "[No Variations]"
Add component (AddParameter): Name = "Height"; Value = "2.65mm"; VariantName = "[No Variations]"
Add component (AddParameter): Name = "Manufacturer_Name"; Value = "STMicroelectronics"; VariantName = "[No Variations]"
Add component (AddParameter): Name = "Manufacturer_Part_Number"; Value = "SM15T33CA"; VariantName = "[No Variations]"
Add component (AddParameter): Name = "Mouser Part Number"; Value = "511-SM15T33CA"; VariantName = "[No Variations]"
Add component (AddParameter): Name = "Mouser Price/Stock"; Value = "https://www.mouser.com/Search/Refine.aspx?Keyword=511-SM15T33CA"; VariantName = "[No Variations]"
Add component (AddParameter): Name = "RS Part Number"; Value = "9196428"; VariantName = "[No Variations]"
Add component (AddParameter): Name = "RS Price/Stock"; Value = "https://uk.rs-online.com/web/p/products/9196428"; VariantName = "[No Variations]"
Added Component: Designator=D31(DIONM8059X265N)
Add component. Clean all parameters for all variants
Add component (AddParameter): Name = "Allied_Number"; Value = "70390412"; VariantName = "[No Variations]"
Add component (AddParameter): Name = "Allied Price/Stock"; Value = "http://www.alliedelec.com/stmicroelectronics-sm15t33ca/70390412/"; VariantName = "[No Variations]"
Add component (AddParameter): Name = "Datasheet Link"; Value = "http://www.st.com/web/en/resource/technical/document/datasheet/CD00000724.pdf"; VariantName = "[No Variations]"
Add component (AddParameter): Name = "Height"; Value = "2.65mm"; VariantName = "[No Variations]"
Add component (AddParameter): Name = "Manufacturer_Name"; Value = "STMicroelectronics"; VariantName = "[No Variations]"
Add component (AddParameter): Name = "Manufacturer_Part_Number"; Value = "SM15T33CA"; VariantName = "[No Variations]"
Add component (AddParameter): Name = "Mouser Part Number"; Value = "511-SM15T33CA"; VariantName = "[No Variations]"
Add component (AddParameter): Name = "Mouser Price/Stock"; Value = "https://www.mouser.com/Search/Refine.aspx?Keyword=511-SM15T33CA"; VariantName = "[No Variations]"
Add component (AddParameter): Name = "RS Part Number"; Value = "9196428"; VariantName = "[No Variations]"
Add component (AddParameter): Name = "RS Price/Stock"; Value = "https://uk.rs-online.com/web/p/products/9196428"; VariantName = "[No Variations]"
Added Component: Designator=D32(DIONM8059X265N)
Add component. Clean all parameters for all variants
Add component (AddParameter): Name = "Allied_Number"; Value = "70390412"; VariantName = "[No Variations]"
Add component (AddParameter): Name = "Allied Price/Stock"; Value = "http://www.alliedelec.com/stmicroelectronics-sm15t33ca/70390412/"; VariantName = "[No Variations]"
Add component (AddParameter): Name = "Datasheet Link"; Value = "http://www.st.com/web/en/resource/technical/document/datasheet/CD00000724.pdf"; VariantName = "[No Variations]"
Add component (AddParameter): Name = "Height"; Value = "2.65mm"; VariantName = "[No Variations]"
Add component (AddParameter): Name = "Manufacturer_Name"; Value = "STMicroelectronics"; VariantName = "[No Variations]"
Add component (AddParameter): Name = "Manufacturer_Part_Number"; Value = "SM15T33CA"; VariantName = "[No Variations]"
Add component (AddParameter): Name = "Mouser Part Number"; Value = "511-SM15T33CA"; VariantName = "[No Variations]"
Add component (AddParameter): Name = "Mouser Price/Stock"; Value = "https://www.mouser.com/Search/Refine.aspx?Keyword=511-SM15T33CA"; VariantName = "[No Variations]"
Add component (AddParameter): Name = "RS Part Number"; Value = "9196428"; VariantName = "[No Variations]"
Add component (AddParameter): Name = "RS Price/Stock"; Value = "https://uk.rs-online.com/web/p/products/9196428"; VariantName = "[No Variations]"
Added Component: Designator=D33(DIONM8059X265N)
Add component. Clean all parameters for all variants
Add component (AddParameter): Name = "Allied_Number"; Value = "70390412"; VariantName = "[No Variations]"
Add component (AddParameter): Name = "Allied Price/Stock"; Value = "http://www.alliedelec.com/stmicroelectronics-sm15t33ca/70390412/"; VariantName = "[No Variations]"
Add component (AddParameter): Name = "Datasheet Link"; Value = "http://www.st.com/web/en/resource/technical/document/datasheet/CD00000724.pdf"; VariantName = "[No Variations]"
Add component (AddParameter): Name = "Height"; Value = "2.65mm"; VariantName = "[No Variations]"
Add component (AddParameter): Name = "Manufacturer_Name"; Value = "STMicroelectronics"; VariantName = "[No Variations]"
Add component (AddParameter): Name = "Manufacturer_Part_Number"; Value = "SM15T33CA"; VariantName = "[No Variations]"
Add component (AddParameter): Name = "Mouser Part Number"; Value = "511-SM15T33CA"; VariantName = "[No Variations]"
Add component (AddParameter): Name = "Mouser Price/Stock"; Value = "https://www.mouser.com/Search/Refine.aspx?Keyword=511-SM15T33CA"; VariantName = "[No Variations]"
Add component (AddParameter): Name = "RS Part Number"; Value = "9196428"; VariantName = "[No Variations]"
Add component (AddParameter): Name = "RS Price/Stock"; Value = "https://uk.rs-online.com/web/p/products/9196428"; VariantName = "[No Variations]"
Added Component: Designator=D34(DIONM8059X265N)
Add component. Clean all parameters for all variants
Add component (AddParameter): Name = "Allied_Number"; Value = "70390412"; VariantName = "[No Variations]"
Add component (AddParameter): Name = "Allied Price/Stock"; Value = "http://www.alliedelec.com/stmicroelectronics-sm15t33ca/70390412/"; VariantName = "[No Variations]"
Add component (AddParameter): Name = "Datasheet Link"; Value = "http://www.st.com/web/en/resource/technical/document/datasheet/CD00000724.pdf"; VariantName = "[No Variations]"
Add component (AddParameter): Name = "Height"; Value = "2.65mm"; VariantName = "[No Variations]"
Add component (AddParameter): Name = "Manufacturer_Name"; Value = "STMicroelectronics"; VariantName = "[No Variations]"
Add component (AddParameter): Name = "Manufacturer_Part_Number"; Value = "SM15T33CA"; VariantName = "[No Variations]"
Add component (AddParameter): Name = "Mouser Part Number"; Value = "511-SM15T33CA"; VariantName = "[No Variations]"
Add component (AddParameter): Name = "Mouser Price/Stock"; Value = "https://www.mouser.com/Search/Refine.aspx?Keyword=511-SM15T33CA"; VariantName = "[No Variations]"
Add component (AddParameter): Name = "RS Part Number"; Value = "9196428"; VariantName = "[No Variations]"
Add component (AddParameter): Name = "RS Price/Stock"; Value = "https://uk.rs-online.com/web/p/products/9196428"; VariantName = "[No Variations]"
Added Component: Designator=D35(DIONM8059X265N)
Add component. Clean all parameters for all variants
Add component (AddParameter): Name = "Allied_Number"; Value = "70390412"; VariantName = "[No Variations]"
Add component (AddParameter): Name = "Allied Price/Stock"; Value = "http://www.alliedelec.com/stmicroelectronics-sm15t33ca/70390412/"; VariantName = "[No Variations]"
Add component (AddParameter): Name = "Datasheet Link"; Value = "http://www.st.com/web/en/resource/technical/document/datasheet/CD00000724.pdf"; VariantName = "[No Variations]"
Add component (AddParameter): Name = "Height"; Value = "2.65mm"; VariantName = "[No Variations]"
Add component (AddParameter): Name = "Manufacturer_Name"; Value = "STMicroelectronics"; VariantName = "[No Variations]"
Add component (AddParameter): Name = "Manufacturer_Part_Number"; Value = "SM15T33CA"; VariantName = "[No Variations]"
Add component (AddParameter): Name = "Mouser Part Number"; Value = "511-SM15T33CA"; VariantName = "[No Variations]"
Add component (AddParameter): Name = "Mouser Price/Stock"; Value = "https://www.mouser.com/Search/Refine.aspx?Keyword=511-SM15T33CA"; VariantName = "[No Variations]"
Add component (AddParameter): Name = "RS Part Number"; Value = "9196428"; VariantName = "[No Variations]"
Add component (AddParameter): Name = "RS Price/Stock"; Value = "https://uk.rs-online.com/web/p/products/9196428"; VariantName = "[No Variations]"
Added Component: Designator=D36(DIONM8059X265N)
Add component. Clean all parameters for all variants
Add component (AddParameter): Name = "Allied_Number"; Value = "70390412"; VariantName = "[No Variations]"
Add component (AddParameter): Name = "Allied Price/Stock"; Value = "http://www.alliedelec.com/stmicroelectronics-sm15t33ca/70390412/"; VariantName = "[No Variations]"
Add component (AddParameter): Name = "Datasheet Link"; Value = "http://www.st.com/web/en/resource/technical/document/datasheet/CD00000724.pdf"; VariantName = "[No Variations]"
Add component (AddParameter): Name = "Height"; Value = "2.65mm"; VariantName = "[No Variations]"
Add component (AddParameter): Name = "Manufacturer_Name"; Value = "STMicroelectronics"; VariantName = "[No Variations]"
Add component (AddParameter): Name = "Manufacturer_Part_Number"; Value = "SM15T33CA"; VariantName = "[No Variations]"
Add component (AddParameter): Name = "Mouser Part Number"; Value = "511-SM15T33CA"; VariantName = "[No Variations]"
Add component (AddParameter): Name = "Mouser Price/Stock"; Value = "https://www.mouser.com/Search/Refine.aspx?Keyword=511-SM15T33CA"; VariantName = "[No Variations]"
Add component (AddParameter): Name = "RS Part Number"; Value = "9196428"; VariantName = "[No Variations]"
Add component (AddParameter): Name = "RS Price/Stock"; Value = "https://uk.rs-online.com/web/p/products/9196428"; VariantName = "[No Variations]"
Added Component: Designator=D37(DIONM8059X265N)
Add component. Clean all parameters for all variants
Add component (AddParameter): Name = "Allied_Number"; Value = "70390412"; VariantName = "[No Variations]"
Add component (AddParameter): Name = "Allied Price/Stock"; Value = "http://www.alliedelec.com/stmicroelectronics-sm15t33ca/70390412/"; VariantName = "[No Variations]"
Add component (AddParameter): Name = "Datasheet Link"; Value = "http://www.st.com/web/en/resource/technical/document/datasheet/CD00000724.pdf"; VariantName = "[No Variations]"
Add component (AddParameter): Name = "Height"; Value = "2.65mm"; VariantName = "[No Variations]"
Add component (AddParameter): Name = "Manufacturer_Name"; Value = "STMicroelectronics"; VariantName = "[No Variations]"
Add component (AddParameter): Name = "Manufacturer_Part_Number"; Value = "SM15T33CA"; VariantName = "[No Variations]"
Add component (AddParameter): Name = "Mouser Part Number"; Value = "511-SM15T33CA"; VariantName = "[No Variations]"
Add component (AddParameter): Name = "Mouser Price/Stock"; Value = "https://www.mouser.com/Search/Refine.aspx?Keyword=511-SM15T33CA"; VariantName = "[No Variations]"
Add component (AddParameter): Name = "RS Part Number"; Value = "9196428"; VariantName = "[No Variations]"
Add component (AddParameter): Name = "RS Price/Stock"; Value = "https://uk.rs-online.com/web/p/products/9196428"; VariantName = "[No Variations]"
Added Pin To Net: NetName=DI11 Pin=D30-1
Added Pin To Net: NetName=GND Pin=D30-2
Added Pin To Net: NetName=DI10 Pin=D31-1
Added Pin To Net: NetName=GND Pin=D31-2
Added Pin To Net: NetName=DI9 Pin=D32-1
Added Pin To Net: NetName=GND Pin=D32-2
Added Pin To Net: NetName=DI8 Pin=D33-1
Added Pin To Net: NetName=GND Pin=D33-2
Added Pin To Net: NetName=DI15 Pin=D34-1
Added Pin To Net: NetName=GND Pin=D34-2
Added Pin To Net: NetName=DI14 Pin=D35-1
Added Pin To Net: NetName=GND Pin=D35-2
Added Pin To Net: NetName=DI13 Pin=D36-1
Added Pin To Net: NetName=GND Pin=D36-2
Added Pin To Net: NetName=DI12 Pin=D37-1
Added Pin To Net: NetName=GND Pin=D37-2
Change Net Name : Old Net Name=NetJ6_3 New Net Name=NetJ7_3
Change Net Name : Old Net Name=NetJ6_4 New Net Name=NetJ7_4
Change Net Name : Old Net Name=NetJ?_1 New Net Name=NetJ3_1
Change Net Name : Old Net Name=NetJ?_2 New Net Name=NetJ3_2
Change Net Name : Old Net Name=NetJ?_3 New Net Name=NetJ3_3
Change Net Name : Old Net Name=NetJ?_4 New Net Name=NetJ3_4
Change Net Name : Old Net Name=NetJ?_5 New Net Name=NetJ3_5
Change Net Name : Old Net Name=NetJ?_6 New Net Name=NetJ3_6
Change Net Name : Old Net Name=NetJ?_7 New Net Name=NetJ3_7
Change Net Name : Old Net Name=NetJ?_8 New Net Name=NetJ3_8
Added Member To Class: ClassName=U_BV100011_ControlDI_8-15 Member=Component C51 Cap Semi
Added Member To Class: ClassName=U_BV100011_ControlDI_8-15 Member=Component C52 Cap Semi
Added Member To Class: ClassName=U_BV100011_ControlDI_8-15 Member=Component C53 Cap Semi
Added Member To Class: ClassName=U_BV100011_ControlDI_8-15 Member=Component C54 Cap Semi
Added Member To Class: ClassName=U_BV100011_ControlDI_8-15 Member=Component C55 Cap Semi
Added Member To Class: ClassName=U_BV100011_ControlDI_8-15 Member=Component C56 Cap Semi
Added Member To Class: ClassName=U_BV100011_ControlDI_8-15 Member=Component C57 Cap Semi
Added Member To Class: ClassName=U_BV100011_ControlDI_8-15 Member=Component C58 Cap Semi
Added Member To Class: ClassName=U_BV100011_ControlPower Member=Component C59 Cap Semi
Added Member To Class: ClassName=U_BV100011_ControlPower Member=Component C60 Cap Semi
Added Member To Class: ClassName=U_BV100011_ControlPower Member=Component C61 Cap Semi
Added Member To Class: ClassName=U_BV100011_ControlPower Member=Component C62 Cap Semi
Added Member To Class: ClassName=U_BV100011_ControlPower Member=Component C64 Cap Semi
Added Member To Class: ClassName=U_BV100011_ControlPower Member=Component C66 Cap Semi
Added Member To Class: ClassName=U_BV100011_ControlDI_8-15 Member=Component D30 SM15T33CA
Added Member To Class: ClassName=U_BV100011_ControlDI_8-15 Member=Component D31 SM15T33CA
Added Member To Class: ClassName=U_BV100011_ControlDI_8-15 Member=Component D32 SM15T33CA
Added Member To Class: ClassName=U_BV100011_ControlDI_8-15 Member=Component D33 SM15T33CA
Added Member To Class: ClassName=U_BV100011_ControlDI_8-15 Member=Component D34 SM15T33CA
Added Member To Class: ClassName=U_BV100011_ControlDI_8-15 Member=Component D35 SM15T33CA
Added Member To Class: ClassName=U_BV100011_ControlDI_8-15 Member=Component D36 SM15T33CA
Added Member To Class: ClassName=U_BV100011_ControlDI_8-15 Member=Component D37 SM15T33CA
Added Member To Class: ClassName=U_BV100011_ControlRS485 Member=Component IC7 MAX14783EASA+
Added Member To Class: ClassName=U_BV100011_ControlConnector Member=Component J7 2.5mm pitch
Added Member To Class: ClassName=U_BV100011_ControlDI_8-15 Member=Component LED20 KP-2012SGC
Added Member To Class: ClassName=U_BV100011_ControlConnector Member=Component P1 Header 3
Added Member To Class: ClassName=U_BV100011_ControlDI_8-15 Member=Component R99 Res3
Added Member To Class: ClassName=U_BV100011_ControlDI_8-15 Member=Component R100 Res3
Added Member To Class: ClassName=U_BV100011_ControlDI_8-15 Member=Component R101 Res3
Added Member To Class: ClassName=U_BV100011_ControlDI_8-15 Member=Component R102 Res3
Added Member To Class: ClassName=U_BV100011_ControlDI_8-15 Member=Component R103 Res3
Added Member To Class: ClassName=U_BV100011_ControlDI_8-15 Member=Component R104 Res3
Added Member To Class: ClassName=U_BV100011_ControlDI_8-15 Member=Component R105 Res3
Added Member To Class: ClassName=U_BV100011_ControlDI_8-15 Member=Component R106 Res3
Added Member To Class: ClassName=U_BV100011_ControlDI_8-15 Member=Component R107 Res3
Added Member To Class: ClassName=U_BV100011_ControlDI_8-15 Member=Component R108 Res3
Added Member To Class: ClassName=U_BV100011_ControlDI_8-15 Member=Component R109 Res3
Added Member To Class: ClassName=U_BV100011_ControlDI_8-15 Member=Component R110 Res3
