Added Component: Designator=C60(0402C)
Add component. Clean all parameters for all variants
Add component (AddParameter): Name = "Manuf_1"; Value = "YAGEO"; VariantName = "[No Variations]"
Add component (AddParameter): Name = "Manuf_Part_1"; Value = "CC0402KRX7R7BB104"; VariantName = "[No Variations]"
Add component (AddParameter): Name = "Order"; Value = "CC0402KRX7R7BB104"; VariantName = "[No Variations]"
Add component (AddParameter): Name = "Revision"; Value = "July-2002: Re-released for DXP Platform."; VariantName = "[No Variations]"
Add component (AddParameter): Name = "Value"; Value = "100nF"; VariantName = "[No Variations]"
Added Component: Designator=C63(TAN-A)
Add component. Clean all parameters for all variants
Add component (AddParameter): Name = "ECCN_US/EU"; Value = "n/a"; VariantName = "[No Variations]"
Add component (AddParameter): Name = "Manuf_1"; Value = "VISHAY"; VariantName = "[No Variations]"
Add component (AddParameter): Name = "Manuf_Part_1"; Value = "293D106X9010A2TE3"; VariantName = "[No Variations]"
Add component (AddParameter): Name = "Order"; Value = ""; VariantName = "[No Variations]"
Add component (AddParameter): Name = "Revision"; Value = "July-2002: Re-released for DXP Platform."; VariantName = "[No Variations]"
Add component (AddParameter): Name = "Value"; Value = "10uF"; VariantName = "[No Variations]"
Added Component: Designator=C66(0402C)
Add component. Clean all parameters for all variants
Add component (AddParameter): Name = "ECCN_US/EU"; Value = "n/a"; VariantName = "[No Variations]"
Add component (AddParameter): Name = "Manuf_1"; Value = "AVX"; VariantName = "[No Variations]"
Add component (AddParameter): Name = "Manuf_Part_1"; Value = "0402YC471KAT4A"; VariantName = "[No Variations]"
Add component (AddParameter): Name = "Order"; Value = "0402YC471KAT4A"; VariantName = "[No Variations]"
Add component (AddParameter): Name = "Revision"; Value = "July-2002: Re-released for DXP Platform."; VariantName = "[No Variations]"
Add component (AddParameter): Name = "Value"; Value = "470pF"; VariantName = "[No Variations]"
Added Component: Designator=C67(0603C)
Add component. Clean all parameters for all variants
Add component (AddParameter): Name = "ECCN_US/EU"; Value = "n/a"; VariantName = "[No Variations]"
Add component (AddParameter): Name = "Manuf_1"; Value = "YAGEO"; VariantName = "[No Variations]"
Add component (AddParameter): Name = "Manuf_Part_1"; Value = "CC0603KRX5R7BB105"; VariantName = "[No Variations]"
Add component (AddParameter): Name = "Order"; Value = "CC0603KRX5R7BB105"; VariantName = "[No Variations]"
Add component (AddParameter): Name = "Revision"; Value = "July-2002: Re-released for DXP Platform."; VariantName = "[No Variations]"
Add component (AddParameter): Name = "Value"; Value = "1uF"; VariantName = "[No Variations]"
Added Component: Designator=C73(TAN-A)
Add component. Clean all parameters for all variants
Add component (AddParameter): Name = "ECCN_US/EU"; Value = "n/a"; VariantName = "[No Variations]"
Add component (AddParameter): Name = "Manuf_1"; Value = "VISHAY"; VariantName = "[No Variations]"
Add component (AddParameter): Name = "Manuf_Part_1"; Value = "293D106X9010A2TE3"; VariantName = "[No Variations]"
Add component (AddParameter): Name = "Order"; Value = ""; VariantName = "[No Variations]"
Add component (AddParameter): Name = "Revision"; Value = "July-2002: Re-released for DXP Platform."; VariantName = "[No Variations]"
Add component (AddParameter): Name = "Value"; Value = "10uF"; VariantName = "[No Variations]"
Added Component: Designator=C74(0402C)
Add component. Clean all parameters for all variants
Add component (AddParameter): Name = "Manuf_1"; Value = "YAGEO"; VariantName = "[No Variations]"
Add component (AddParameter): Name = "Manuf_Part_1"; Value = "CC0402KRX7R7BB104"; VariantName = "[No Variations]"
Add component (AddParameter): Name = "Order"; Value = "CC0402KRX7R7BB104"; VariantName = "[No Variations]"
Add component (AddParameter): Name = "Revision"; Value = "July-2002: Re-released for DXP Platform."; VariantName = "[No Variations]"
Add component (AddParameter): Name = "Value"; Value = "100nF"; VariantName = "[No Variations]"
Added Component: Designator=C81(0402C)
Add component. Clean all parameters for all variants
Add component (AddParameter): Name = "Manuf_1"; Value = "YAGEO"; VariantName = "[No Variations]"
Add component (AddParameter): Name = "Manuf_Part_1"; Value = "CC0402KRX7R7BB104"; VariantName = "[No Variations]"
Add component (AddParameter): Name = "Order"; Value = "CC0402KRX7R7BB104"; VariantName = "[No Variations]"
Add component (AddParameter): Name = "Revision"; Value = "July-2002: Re-released for DXP Platform."; VariantName = "[No Variations]"
Add component (AddParameter): Name = "Value"; Value = "100nF"; VariantName = "[No Variations]"
Added Component: Designator=C82(0402C)
Add component. Clean all parameters for all variants
Add component (AddParameter): Name = "Manuf_1"; Value = "YAGEO"; VariantName = "[No Variations]"
Add component (AddParameter): Name = "Manuf_Part_1"; Value = "CC0402KRX7R7BB104"; VariantName = "[No Variations]"
Add component (AddParameter): Name = "Order"; Value = "CC0402KRX7R7BB104"; VariantName = "[No Variations]"
Add component (AddParameter): Name = "Revision"; Value = "July-2002: Re-released for DXP Platform."; VariantName = "[No Variations]"
Add component (AddParameter): Name = "Value"; Value = "100nF"; VariantName = "[No Variations]"
Added Component: Designator=C83(0402C)
Add component. Clean all parameters for all variants
Add component (AddParameter): Name = "Manuf_1"; Value = "YAGEO"; VariantName = "[No Variations]"
Add component (AddParameter): Name = "Manuf_Part_1"; Value = "CC0402KRX7R7BB104"; VariantName = "[No Variations]"
Add component (AddParameter): Name = "Order"; Value = "CC0402KRX7R7BB104"; VariantName = "[No Variations]"
Add component (AddParameter): Name = "Revision"; Value = "July-2002: Re-released for DXP Platform."; VariantName = "[No Variations]"
Add component (AddParameter): Name = "Value"; Value = "100nF"; VariantName = "[No Variations]"
Added Component: Designator=CN9(RJ45_HR961160C)
Add component. Clean all parameters for all variants
Add component (AddParameter): Name = "Distrib"; Value = "Sub Co"; VariantName = "[No Variations]"
Add component (AddParameter): Name = "Manuf_1"; Value = "HanRun"; VariantName = "[No Variations]"
Add component (AddParameter): Name = "Manuf_2"; Value = "Pulse Electronics Corporation"; VariantName = "[No Variations]"
Add component (AddParameter): Name = "Manuf_3"; Value = "K.O.D International Holding"; VariantName = "[No Variations]"
Add component (AddParameter): Name = "Manuf_Part_1"; Value = "HR961160C"; VariantName = "[No Variations]"
Add component (AddParameter): Name = "Manuf_Part_2"; Value = "J3011G21DNLT"; VariantName = "[No Variations]"
Add component (AddParameter): Name = "Manuf_Part_3"; Value = "RMT-119A-12F6-GY-04"; VariantName = "[No Variations]"
Add component (AddParameter): Name = "Order"; Value = ""; VariantName = "[No Variations]"
Added Component: Designator=L2(0603L)
Add component. Clean all parameters for all variants
Add component (AddParameter): Name = "Description_2"; Value = "Bead,30R,5A,0603,MPZ1608S300A,TDK"; VariantName = "[No Variations]"
Add component (AddParameter): Name = "Description_3"; Value = "Bead,600R,350mA,0603,FCM1608KF-601T03,Tai-tech"; VariantName = "[No Variations]"
Add component (AddParameter): Name = "ECCN_US/EU"; Value = "n/a"; VariantName = "[No Variations]"
Add component (AddParameter): Name = "Manuf_1"; Value = "MURATA"; VariantName = "[No Variations]"
Add component (AddParameter): Name = "Manuf_2"; Value = "TDK"; VariantName = "[No Variations]"
Add component (AddParameter): Name = "Manuf_3"; Value = "Tai-tech"; VariantName = "[No Variations]"
Add component (AddParameter): Name = "Manuf_Part_1"; Value = "BLM18PG121SN1D"; VariantName = "[No Variations]"
Add component (AddParameter): Name = "Manuf_Part_2"; Value = "MPZ1608S300A"; VariantName = "[No Variations]"
Add component (AddParameter): Name = "Manuf_Part_3"; Value = "FCM1608KF-601T03"; VariantName = "[No Variations]"
Add component (AddParameter): Name = "Order"; Value = ""; VariantName = "[No Variations]"
Add component (AddParameter): Name = "Revision"; Value = "July-2002: Re-released for DXP Platform."; VariantName = "[No Variations]"
Add component (AddParameter): Name = "Value"; Value = "100uH"; VariantName = "[No Variations]"
Added Component: Designator=R65(0402R)
Add component. Clean all parameters for all variants
Add component (AddParameter): Name = "Distrib"; Value = "FARNELL"; VariantName = "[No Variations]"
Add component (AddParameter): Name = "ECCN_US/EU"; Value = "n/a"; VariantName = "[No Variations]"
Add component (AddParameter): Name = "Manuf_1"; Value = "YAGEO"; VariantName = "[No Variations]"
Add component (AddParameter): Name = "Manuf_Part_1"; Value = "RC0402FR-071K5L"; VariantName = "[No Variations]"
Add component (AddParameter): Name = "Order"; Value = "RC0402FR-071K5L"; VariantName = "[No Variations]"
Add component (AddParameter): Name = "Value"; Value = "1K5"; VariantName = "[No Variations]"
Added Component: Designator=R66(0402R)
Add component. Clean all parameters for all variants
Add component (AddParameter): Name = "Distrib"; Value = "FARNELL"; VariantName = "[No Variations]"
Add component (AddParameter): Name = "ECCN_US/EU"; Value = "n/a"; VariantName = "[No Variations]"
Add component (AddParameter): Name = "Manuf_1"; Value = "YAGEO"; VariantName = "[No Variations]"
Add component (AddParameter): Name = "Manuf_Part_1"; Value = "RC0402FR-0733RL"; VariantName = "[No Variations]"
Add component (AddParameter): Name = "Order"; Value = ""; VariantName = "[No Variations]"
Add component (AddParameter): Name = "Value"; Value = "33"; VariantName = "[No Variations]"
Added Component: Designator=R67(0402R)
Add component. Clean all parameters for all variants
Add component (AddParameter): Name = "ECCN_US/EU"; Value = "n/a"; VariantName = "[No Variations]"
Add component (AddParameter): Name = "Manuf_1"; Value = "YAGEO"; VariantName = "[No Variations]"
Add component (AddParameter): Name = "Manuf_Part_1"; Value = "RT0402FRE074K7L"; VariantName = "[No Variations]"
Add component (AddParameter): Name = "Order"; Value = "RT0402FRE074K7L"; VariantName = "[No Variations]"
Add component (AddParameter): Name = "Value"; Value = "4K7"; VariantName = "[No Variations]"
Added Component: Designator=R68(0402R)
Add component. Clean all parameters for all variants
Add component (AddParameter): Name = "ECCN_US/EU"; Value = "n/a"; VariantName = "[No Variations]"
Add component (AddParameter): Name = "Manuf_1"; Value = "YAGEO"; VariantName = "[No Variations]"
Add component (AddParameter): Name = "Manuf_Part_1"; Value = "RT0402FRE074K7L"; VariantName = "[No Variations]"
Add component (AddParameter): Name = "Order"; Value = "RT0402FRE074K7L"; VariantName = "[No Variations]"
Add component (AddParameter): Name = "Value"; Value = "4K7"; VariantName = "[No Variations]"
Added Component: Designator=R69(0402R)
Add component. Clean all parameters for all variants
Add component (AddParameter): Name = "Distrib"; Value = "FARNELL"; VariantName = "[No Variations]"
Add component (AddParameter): Name = "ECCN_US/EU"; Value = "n/a"; VariantName = "[No Variations]"
Add component (AddParameter): Name = "Manuf_1"; Value = "YAGEO"; VariantName = "[No Variations]"
Add component (AddParameter): Name = "Manuf_Part_1"; Value = "RC0402FR-0733RL"; VariantName = "[No Variations]"
Add component (AddParameter): Name = "Order"; Value = ""; VariantName = "[No Variations]"
Add component (AddParameter): Name = "Value"; Value = "33"; VariantName = "[No Variations]"
Added Component: Designator=R70(0402R)
Add component. Clean all parameters for all variants
Add component (AddParameter): Name = "ECCN_US/EU"; Value = "n/a"; VariantName = "[No Variations]"
Add component (AddParameter): Name = "Manuf_1"; Value = "YAGEO"; VariantName = "[No Variations]"
Add component (AddParameter): Name = "Manuf_Part_1"; Value = "RT0402FRE074K7L"; VariantName = "[No Variations]"
Add component (AddParameter): Name = "Order"; Value = "RT0402FRE074K7L"; VariantName = "[No Variations]"
Add component (AddParameter): Name = "Value"; Value = "4K7"; VariantName = "[No Variations]"
Added Component: Designator=R71(0402R)
Add component. Clean all parameters for all variants
Add component (AddParameter): Name = "Distrib"; Value = "FARNELL"; VariantName = "[No Variations]"
Add component (AddParameter): Name = "ECCN_US/EU"; Value = "n/a"; VariantName = "[No Variations]"
Add component (AddParameter): Name = "Manuf_1"; Value = "YAGEO"; VariantName = "[No Variations]"
Add component (AddParameter): Name = "Manuf_Part_1"; Value = "RC0402FR-0733RL"; VariantName = "[No Variations]"
Add component (AddParameter): Name = "Order"; Value = ""; VariantName = "[No Variations]"
Add component (AddParameter): Name = "Value"; Value = "33"; VariantName = "[No Variations]"
Added Component: Designator=R73(0402R)
Add component. Clean all parameters for all variants
Add component (AddParameter): Name = "ECCN_US/EU"; Value = "n/a"; VariantName = "[No Variations]"
Add component (AddParameter): Name = "Manuf_1"; Value = "YAGEO"; VariantName = "[No Variations]"
Add component (AddParameter): Name = "Manuf_Part_1"; Value = "RT0402FRE074K7L"; VariantName = "[No Variations]"
Add component (AddParameter): Name = "Order"; Value = "RT0402FRE074K7L"; VariantName = "[No Variations]"
Add component (AddParameter): Name = "Value"; Value = "4K7"; VariantName = "[No Variations]"
Added Component: Designator=R77(0402R)
Add component. Clean all parameters for all variants
Add component (AddParameter): Name = "ECCN_US/EU"; Value = "n/a"; VariantName = "[No Variations]"
Add component (AddParameter): Name = "Manuf_1"; Value = "YAGEO"; VariantName = "[No Variations]"
Add component (AddParameter): Name = "Manuf_Part_1"; Value = "RT0402FRE074K7L"; VariantName = "[No Variations]"
Add component (AddParameter): Name = "Order"; Value = "RT0402FRE074K7L"; VariantName = "[No Variations]"
Add component (AddParameter): Name = "Value"; Value = "4K7"; VariantName = "[No Variations]"
Added Component: Designator=R78(0402R)
Add component. Clean all parameters for all variants
Add component (AddParameter): Name = "Distrib"; Value = "FARNELL"; VariantName = "[No Variations]"
Add component (AddParameter): Name = "ECCN_US/EU"; Value = "n/a"; VariantName = "[No Variations]"
Add component (AddParameter): Name = "Manuf_1"; Value = "YAGEO"; VariantName = "[No Variations]"
Add component (AddParameter): Name = "Manuf_Part_1"; Value = "RC0402FR-07100RL"; VariantName = "[No Variations]"
Add component (AddParameter): Name = "Order"; Value = "9239111"; VariantName = "[No Variations]"
Add component (AddParameter): Name = "Value"; Value = "100"; VariantName = "[No Variations]"
Added Component: Designator=R84(0603R)
Add component. Clean all parameters for all variants
Add component (AddParameter): Name = "Distrib"; Value = "FARNELL"; VariantName = "[No Variations]"
Add component (AddParameter): Name = "ECCN_US/EU"; Value = "n/a"; VariantName = "[No Variations]"
Add component (AddParameter): Name = "Manuf_1"; Value = "VISHAY"; VariantName = "[No Variations]"
Add component (AddParameter): Name = "Manuf_Part_1"; Value = "MCT 0603-50 1% P5 12K1"; VariantName = "[No Variations]"
Add component (AddParameter): Name = "Order"; Value = "2325243"; VariantName = "[No Variations]"
Add component (AddParameter): Name = "Value"; Value = "12K1"; VariantName = "[No Variations]"
Added Component: Designator=R88(0402R)
Add component. Clean all parameters for all variants
Add component (AddParameter): Name = "ECCN_US/EU"; Value = "n/a"; VariantName = "[No Variations]"
Add component (AddParameter): Name = "Manuf_1"; Value = "YAGEO"; VariantName = "[No Variations]"
Add component (AddParameter): Name = "Manuf_Part_1"; Value = "RC0402FR-0710KL"; VariantName = "[No Variations]"
Add component (AddParameter): Name = "Order"; Value = "RC0402FR-0710KL"; VariantName = "[No Variations]"
Add component (AddParameter): Name = "Value"; Value = "10K"; VariantName = "[No Variations]"
Added Component: Designator=R89(0402R)
Add component. Clean all parameters for all variants
Add component (AddParameter): Name = "Distrib"; Value = "DIGIKEY"; VariantName = "[No Variations]"
Add component (AddParameter): Name = "ECCN_US/EU"; Value = "n/a"; VariantName = "[No Variations]"
Add component (AddParameter): Name = "Manuf_1"; Value = "YAGEO"; VariantName = "[No Variations]"
Add component (AddParameter): Name = "Manuf_Part_1"; Value = "RC0402FR-07330RL"; VariantName = "[No Variations]"
Add component (AddParameter): Name = "Order"; Value = "RC0402FR-07330RL"; VariantName = "[No Variations]"
Add component (AddParameter): Name = "Value"; Value = "330"; VariantName = "[No Variations]"
Added Component: Designator=R90(0402R)
Add component. Clean all parameters for all variants
Add component (AddParameter): Name = "Distrib"; Value = "FARNELL"; VariantName = "[No Variations]"
Add component (AddParameter): Name = "ECCN_US/EU"; Value = "n/a"; VariantName = "[No Variations]"
Add component (AddParameter): Name = "Manuf_1"; Value = "YAGEO"; VariantName = "[No Variations]"
Add component (AddParameter): Name = "Manuf_Part_1"; Value = "RC0402FR-0749R9L"; VariantName = "[No Variations]"
Add component (AddParameter): Name = "Order"; Value = ""; VariantName = "[No Variations]"
Add component (AddParameter): Name = "Value"; Value = "49.9"; VariantName = "[No Variations]"
Added Component: Designator=R91(0402R)
Add component. Clean all parameters for all variants
Add component (AddParameter): Name = "Distrib"; Value = "FARNELL"; VariantName = "[No Variations]"
Add component (AddParameter): Name = "ECCN_US/EU"; Value = "n/a"; VariantName = "[No Variations]"
Add component (AddParameter): Name = "Manuf_1"; Value = "YAGEO"; VariantName = "[No Variations]"
Add component (AddParameter): Name = "Manuf_Part_1"; Value = "RC0402FR-0749R9L"; VariantName = "[No Variations]"
Add component (AddParameter): Name = "Order"; Value = ""; VariantName = "[No Variations]"
Add component (AddParameter): Name = "Value"; Value = "49.9"; VariantName = "[No Variations]"
Added Component: Designator=R92(0402R)
Add component. Clean all parameters for all variants
Add component (AddParameter): Name = "Distrib"; Value = "FARNELL"; VariantName = "[No Variations]"
Add component (AddParameter): Name = "ECCN_US/EU"; Value = "n/a"; VariantName = "[No Variations]"
Add component (AddParameter): Name = "Manuf_1"; Value = "YAGEO"; VariantName = "[No Variations]"
Add component (AddParameter): Name = "Manuf_Part_1"; Value = "RC0402FR-0749R9L"; VariantName = "[No Variations]"
Add component (AddParameter): Name = "Order"; Value = ""; VariantName = "[No Variations]"
Add component (AddParameter): Name = "Value"; Value = "49.9"; VariantName = "[No Variations]"
Added Component: Designator=R93(0402R)
Add component. Clean all parameters for all variants
Add component (AddParameter): Name = "Distrib"; Value = "FARNELL"; VariantName = "[No Variations]"
Add component (AddParameter): Name = "ECCN_US/EU"; Value = "n/a"; VariantName = "[No Variations]"
Add component (AddParameter): Name = "Manuf_1"; Value = "YAGEO"; VariantName = "[No Variations]"
Add component (AddParameter): Name = "Manuf_Part_1"; Value = "RC0402FR-0749R9L"; VariantName = "[No Variations]"
Add component (AddParameter): Name = "Order"; Value = ""; VariantName = "[No Variations]"
Add component (AddParameter): Name = "Value"; Value = "49.9"; VariantName = "[No Variations]"
Added Component: Designator=R94(0402R)
Add component. Clean all parameters for all variants
Add component (AddParameter): Name = "Distrib"; Value = "DIGIKEY"; VariantName = "[No Variations]"
Add component (AddParameter): Name = "ECCN_US/EU"; Value = "n/a"; VariantName = "[No Variations]"
Add component (AddParameter): Name = "Manuf_1"; Value = "YAGEO"; VariantName = "[No Variations]"
Add component (AddParameter): Name = "Manuf_Part_1"; Value = "RC0402FR-07330RL"; VariantName = "[No Variations]"
Add component (AddParameter): Name = "Order"; Value = "RC0402FR-07330RL"; VariantName = "[No Variations]"
Add component (AddParameter): Name = "Value"; Value = "330"; VariantName = "[No Variations]"
Added Component: Designator=R95(0402R)
Add component. Clean all parameters for all variants
Add component (AddParameter): Name = "ECCN_US/EU"; Value = "n/a"; VariantName = "[No Variations]"
Add component (AddParameter): Name = "Manuf_1"; Value = "YAGEO"; VariantName = "[No Variations]"
Add component (AddParameter): Name = "Manuf_Part_1"; Value = "RC0402FR-0710KL"; VariantName = "[No Variations]"
Add component (AddParameter): Name = "Order"; Value = "RC0402FR-0710KL"; VariantName = "[No Variations]"
Add component (AddParameter): Name = "Value"; Value = "10K"; VariantName = "[No Variations]"
Added Component: Designator=U9(QFN24_0R5_4X4)
Add component. Clean all parameters for all variants
Add component (AddParameter): Name = "Distrib"; Value = "MICROCHIP"; VariantName = "[No Variations]"
Add component (AddParameter): Name = "Manuf_1"; Value = "MICROCHIP"; VariantName = "[No Variations]"
Add component (AddParameter): Name = "Manuf_Part_1"; Value = "LAN8742A-CZ-TR"; VariantName = "[No Variations]"
Add component (AddParameter): Name = "Order"; Value = "LAN8742A-CZ-TR"; VariantName = "[No Variations]"
Added Pin To Net: NetName=GND Pin=C60-1
Added Pin To Net: NetName=GND Pin=C63-2
Added Pin To Net: NetName=GND Pin=C66-1
Added Pin To Net: NetName=GND Pin=C67-1
Added Pin To Net: NetName=GND Pin=C73-2
Added Pin To Net: NetName=GND Pin=C74-1
Added Pin To Net: NetName=GND Pin=C81-1
Added Pin To Net: NetName=GND Pin=C82-1
Added Pin To Net: NetName=GND Pin=C83-1
Added Pin To Net: NetName=GND Pin=CN9-10
Added Pin To Net: NetName=GND Pin=CN9-13
Added Pin To Net: NetName=GND Pin=CN9-14
Added Pin To Net: NetName=GND Pin=R68-1
Added Pin To Net: NetName=GND Pin=R84-2
Added Pin To Net: NetName=GND Pin=R88-1
Added Pin To Net: NetName=GND Pin=R89-1
Added Pin To Net: NetName=GND Pin=R94-1
Added Pin To Net: NetName=GND Pin=R95-1
Added Pin To Net: NetName=GND Pin=U9-25
Added Pin To Net: NetName=3V3 Pin=C60-2
Added Pin To Net: NetName=3V3 Pin=C63-1
Added Pin To Net: NetName=3V3 Pin=C82-2
Added Pin To Net: NetName=3V3 Pin=C83-2
Added Pin To Net: NetName=3V3 Pin=CN9-5
Added Pin To Net: NetName=3V3 Pin=CN9-6
Added Pin To Net: NetName=3V3 Pin=L2-2
Added Pin To Net: NetName=3V3 Pin=R65-2
Added Pin To Net: NetName=3V3 Pin=R67-2
Added Pin To Net: NetName=3V3 Pin=R70-2
Added Pin To Net: NetName=3V3 Pin=R73-2
Added Pin To Net: NetName=3V3 Pin=R77-2
Added Pin To Net: NetName=3V3 Pin=R90-1
Added Pin To Net: NetName=3V3 Pin=R91-1
Added Pin To Net: NetName=3V3 Pin=R92-1
Added Pin To Net: NetName=3V3 Pin=R93-1
Added Pin To Net: NetName=3V3 Pin=U9-9
Added Net: Name=3V3
Added Pin To Net: NetName=NetC66_2 Pin=C66-2
Added Pin To Net: NetName=NetC66_2 Pin=C67-2
Added Pin To Net: NetName=NetC66_2 Pin=U9-6
Added Net: Name=NetC66_2
Added Pin To Net: NetName=NetC73_1 Pin=C73-1
Added Pin To Net: NetName=NetC73_1 Pin=C74-2
Added Pin To Net: NetName=NetC73_1 Pin=C81-2
Added Pin To Net: NetName=NetC73_1 Pin=L2-1
Added Pin To Net: NetName=NetC73_1 Pin=U9-1
Added Pin To Net: NetName=NetC73_1 Pin=U9-19
Added Net: Name=NetC73_1
Added Pin To Net: NetName=NetCN9_1 Pin=CN9-1
Added Pin To Net: NetName=NetCN9_1 Pin=R95-2
Added Pin To Net: NetName=NetCN9_1 Pin=U9-2
Added Net: Name=NetCN9_1
Added Pin To Net: NetName=NetCN9_2 Pin=CN9-2
Added Pin To Net: NetName=NetCN9_2 Pin=R94-2
Added Net: Name=NetCN9_2
Added Pin To Net: NetName=NetCN9_11 Pin=CN9-11
Added Pin To Net: NetName=NetCN9_11 Pin=R89-2
Added Net: Name=NetCN9_11
Added Pin To Net: NetName=NetCN9_12 Pin=CN9-12
Added Pin To Net: NetName=NetCN9_12 Pin=R88-2
Added Pin To Net: NetName=NetCN9_12 Pin=U9-3
Added Net: Name=NetCN9_12
Added Pin To Net: NetName=NetR65_1 Pin=R65-1
Added Pin To Net: NetName=NetR65_1 Pin=U9-12
Added Net: Name=NetR65_1
Added Pin To Net: NetName=NetR66_1 Pin=R66-1
Added Pin To Net: NetName=NetR66_1 Pin=R67-1
Added Pin To Net: NetName=NetR66_1 Pin=U9-11
Added Net: Name=NetR66_1
Added Pin To Net: NetName=NetR69_1 Pin=R69-1
Added Pin To Net: NetName=NetR69_1 Pin=R70-1
Added Pin To Net: NetName=NetR69_1 Pin=U9-8
Added Net: Name=NetR69_1
Added Pin To Net: NetName=NetR71_1 Pin=R71-1
Added Pin To Net: NetName=NetR71_1 Pin=R73-1
Added Pin To Net: NetName=NetR71_1 Pin=U9-7
Added Net: Name=NetR71_1
Added Pin To Net: NetName=NetR77_1 Pin=R77-1
Added Pin To Net: NetName=NetR77_1 Pin=U9-14
Added Net: Name=NetR77_1
Added Pin To Net: NetName=NetR84_1 Pin=R84-1
Added Pin To Net: NetName=NetR84_1 Pin=U9-24
Added Net: Name=NetR84_1
Added Pin To Net: NetName=NetU9_13 Pin=U9-13
Added Net: Name=NetU9_13
Added Pin To Net: NetName=NetU9_15 Pin=U9-15
Added Net: Name=NetU9_15
Added Pin To Net: NetName=NetU9_16 Pin=U9-16
Added Net: Name=NetU9_16
Added Pin To Net: NetName=NetU9_17 Pin=U9-17
Added Net: Name=NetU9_17
Added Pin To Net: NetName=NetU9_18 Pin=U9-18
Added Net: Name=NetU9_18
Added Pin To Net: NetName=OSC_25M Pin=R78-1
Added Net: Name=OSC_25M
Added Pin To Net: NetName=RD_N Pin=CN9-8
Added Pin To Net: NetName=RD_N Pin=R90-2
Added Pin To Net: NetName=RD_N Pin=U9-22
Added Net: Name=RD_N
Added Pin To Net: NetName=RD_P Pin=CN9-7
Added Pin To Net: NetName=RD_P Pin=R91-2
Added Pin To Net: NetName=RD_P Pin=U9-23
Added Net: Name=RD_P
Added Pin To Net: NetName=TD_N Pin=CN9-4
Added Pin To Net: NetName=TD_N Pin=R92-2
Added Pin To Net: NetName=TD_N Pin=U9-20
Added Net: Name=TD_N
Added Pin To Net: NetName=TD_P Pin=CN9-3
Added Pin To Net: NetName=TD_P Pin=R93-2
Added Pin To Net: NetName=TD_P Pin=U9-21
Added Net: Name=TD_P
Added Class: Name=U_BV100011_Ethernet
Added Differential Pair: Name=RD
Added Differential Pair: Name=TD
Added Rule: Name=Schematic Matched Net Lengths
Added Rule: Name=Schematic Matched Net Lengths_1
Added Rule: Name=Schematic Matched Net Lengths_2
Added Rule: Name=Schematic Matched Net Lengths_3
