Removed Member From Class: ClassName=U_BV100011_ControlConnector Member=J8
Removed Member From Class: ClassName=U_BV100011_ControlAI Member=R162
Removed Member From Class: ClassName=U_BV100011_ControlAI Member=R163
Removed Member From Class: ClassName=U_BV100011_ControlAI Member=R164
Removed Member From Class: ClassName=U_BV100011_ControlAO Member=R165
Removed Member From Class: ClassName=U_BV100011_ControlAO Member=R166
Removed Member From Class: ClassName=U_BV100011_ControlAO Member=R167
Added Component: Designator=IC8(SOT65P210X110-5N)
Add component. Clean all parameters for all variants
Add component (AddParameter): Name = "Allied_Number"; Value = "70389952"; VariantName = "[No Variations]"
Add component (AddParameter): Name = "Allied Price/Stock"; Value = "http://www.alliedelec.com/stmicroelectronics-esdalc6v1w5/70389952/"; VariantName = "[No Variations]"
Add component (AddParameter): Name = "Datasheet Link"; Value = "http://www.st.com/web/en/resource/technical/document/datasheet/CD00002946.pdf"; VariantName = "[No Variations]"
Add component (AddParameter): Name = "Height"; Value = "1.1mm"; VariantName = "[No Variations]"
Add component (AddParameter): Name = "Manufacturer_Name"; Value = "STMicroelectronics"; VariantName = "[No Variations]"
Add component (AddParameter): Name = "Manufacturer_Part_Number"; Value = "ESDALC6V1W5"; VariantName = "[No Variations]"
Add component (AddParameter): Name = "Mouser Part Number"; Value = "511-ESDALC6V1W5"; VariantName = "[No Variations]"
Add component (AddParameter): Name = "Mouser Price/Stock"; Value = "https://www.mouser.com/Search/Refine.aspx?Keyword=511-ESDALC6V1W5"; VariantName = "[No Variations]"
Add component (AddParameter): Name = "RS Part Number"; Value = "0250044P"; VariantName = "[No Variations]"
Add component (AddParameter): Name = "RS Price/Stock"; Value = "http://uk.rs-online.com/web/p/products/0250044P"; VariantName = "[No Variations]"
Added Component: Designator=IC9(SOT65P210X110-5N)
Add component. Clean all parameters for all variants
Add component (AddParameter): Name = "Allied_Number"; Value = "70389952"; VariantName = "[No Variations]"
Add component (AddParameter): Name = "Allied Price/Stock"; Value = "http://www.alliedelec.com/stmicroelectronics-esdalc6v1w5/70389952/"; VariantName = "[No Variations]"
Add component (AddParameter): Name = "Datasheet Link"; Value = "http://www.st.com/web/en/resource/technical/document/datasheet/CD00002946.pdf"; VariantName = "[No Variations]"
Add component (AddParameter): Name = "Height"; Value = "1.1mm"; VariantName = "[No Variations]"
Add component (AddParameter): Name = "Manufacturer_Name"; Value = "STMicroelectronics"; VariantName = "[No Variations]"
Add component (AddParameter): Name = "Manufacturer_Part_Number"; Value = "ESDALC6V1W5"; VariantName = "[No Variations]"
Add component (AddParameter): Name = "Mouser Part Number"; Value = "511-ESDALC6V1W5"; VariantName = "[No Variations]"
Add component (AddParameter): Name = "Mouser Price/Stock"; Value = "https://www.mouser.com/Search/Refine.aspx?Keyword=511-ESDALC6V1W5"; VariantName = "[No Variations]"
Add component (AddParameter): Name = "RS Part Number"; Value = "0250044P"; VariantName = "[No Variations]"
Add component (AddParameter): Name = "RS Price/Stock"; Value = "http://uk.rs-online.com/web/p/products/0250044P"; VariantName = "[No Variations]"
Added Pin To Net: NetName=NetIC8_1 Pin=IC8-1
Added Pin To Net: NetName=GND0 Pin=IC8-2
Added Pin To Net: NetName=NetIC8_3 Pin=IC8-3
Added Pin To Net: NetName=NetIC8_4 Pin=IC8-4
Added Pin To Net: NetName=NetIC8_5 Pin=IC8-5
Added Pin To Net: NetName=NetIC9_1 Pin=IC9-1
Added Pin To Net: NetName=GND0 Pin=IC9-2
Added Pin To Net: NetName=NetIC9_3 Pin=IC9-3
Added Member To Class: ClassName=U_BV100011_DEBUG Member=Component IC8 ESDALC6V1W5
Added Member To Class: ClassName=U_BV100011_DEBUG Member=Component IC9 ESDALC6V1W5
Added Member To Class: ClassName=U_BV100011_ControlConnector Member=Component J2 2.5mm pitch
Added Member To Class: ClassName=U_BV100011_ControlAI Member=Component R86 167K
Added Member To Class: ClassName=U_BV100011_ControlAI Member=Component R87 55K
Added Member To Class: ClassName=U_BV100011_ControlAI Member=Component R88 167K
Added Member To Class: ClassName=U_BV100011_ControlAO Member=Component R89 10K
Added Member To Class: ClassName=U_BV100011_ControlAO Member=Component R90 10K
Added Member To Class: ClassName=U_BV100011_ControlAO Member=Component R91 10K
