Change Component Designator: OldDesignator=C60 NewDesignator=C64
Change Component Designator: OldDesignator=C61 NewDesignator=C65
Change Component Designator: OldDesignator=C62 NewDesignator=C66
Change Component Designator: OldDesignator=C63 NewDesignator=C67
Change Component Designator: OldDesignator=C64 NewDesignator=C68
Change Component Designator: OldDesignator=C65 NewDesignator=C69
Change Component Designator: OldDesignator=C66 NewDesignator=C70
Change Component Designator: OldDesignator=C67 NewDesignator=C71
Change Component Designator: OldDesignator=C68 NewDesignator=C72
Change Component Designator: OldDesignator=C69 NewDesignator=C73
Change Component Designator: OldDesignator=C70 NewDesignator=C74
Change Component Designator: OldDesignator=C71 NewDesignator=C75
Change Component Designator: OldDesignator=C72 NewDesignator=C76
Change Component Designator: OldDesignator=C73 NewDesignator=C77
Change Component Designator: OldDesignator=C74 NewDesignator=C78
Change Component Designator: OldDesignator=C75 NewDesignator=C79
Change Component Designator: OldDesignator=C76 NewDesignator=C80
Change Component Designator: OldDesignator=C77 NewDesignator=C81
Change Component Designator: OldDesignator=C78 NewDesignator=C82
Change Component Designator: OldDesignator=C79 NewDesignator=C83
Change Component Designator: OldDesignator=C80 NewDesignator=C84
Change Component Designator: OldDesignator=C81 NewDesignator=C85
Change Component Designator: OldDesignator=C82 NewDesignator=C86
Change Component Designator: OldDesignator=C83 NewDesignator=C87
Change Component Designator: OldDesignator=C84 NewDesignator=C88
Change Component Designator: OldDesignator=C85 NewDesignator=C89
Change Component Designator: OldDesignator=C86 NewDesignator=C90
Change Component Designator: OldDesignator=C87 NewDesignator=C91
Change Component Designator: OldDesignator=C88 NewDesignator=C92
Change Component Designator: OldDesignator=C89 NewDesignator=C93
Change Component Designator: OldDesignator=C90 NewDesignator=C94
Change Component Designator: OldDesignator=C91 NewDesignator=C95
Change Component Designator: OldDesignator=C92 NewDesignator=C96
Change Component Designator: OldDesignator=C93 NewDesignator=C97
Change Component Designator: OldDesignator=C94 NewDesignator=C98
Change Component Designator: OldDesignator=C95 NewDesignator=C99
Change Component Designator: OldDesignator=C96 NewDesignator=C100
Change Component Designator: OldDesignator=C97 NewDesignator=C101
Change Component Designator: OldDesignator=C98 NewDesignator=C102
Change Component Designator: OldDesignator=C99 NewDesignator=C103
Change Component Designator: OldDesignator=D38 NewDesignator=D39
Change Component Designator: OldDesignator=L1 NewDesignator=L2
Change Component Designator: OldDesignator=L2 NewDesignator=L3
Added Component: Designator=C60(C1210)
Add component. Clean all parameters for all variants
Add component (AddParameter): Name = "LatestRevisionDate"; Value = "29-May-2009"; VariantName = "[No Variations]"
Add component (AddParameter): Name = "LatestRevisionNote"; Value = "IPC-7351 Footprint Added."; VariantName = "[No Variations]"
Add component (AddParameter): Name = "PackageDescription"; Value = "Chip Capacitor"; VariantName = "[No Variations]"
Add component (AddParameter): Name = "PackageReference"; Value = "C1206"; VariantName = "[No Variations]"
Add component (AddParameter): Name = "Published"; Value = "8-Jun-2000"; VariantName = "[No Variations]"
Add component (AddParameter): Name = "Publisher"; Value = "Altium Limited"; VariantName = "[No Variations]"
Add component (AddParameter): Name = "Value"; Value = "100pF/50V"; VariantName = "[No Variations]"
Added Component: Designator=C61(CAPAE1030X1050N)
Add component. Clean all parameters for all variants
Add component (AddParameter): Name = "Arrow Part Number"; Value = "UUD1H221MNL1GS"; VariantName = "[No Variations]"
Add component (AddParameter): Name = "Arrow Price/Stock"; Value = "https://www.arrow.com/en/products/uud1h221mnl1gs/nichicon"; VariantName = "[No Variations]"
Add component (AddParameter): Name = "Datasheet Link"; Value = "https://componentsearchengine.com/Datasheets/2/UUD1H221MNL1GS.pdf"; VariantName = "[No Variations]"
Add component (AddParameter): Name = "Height"; Value = "10.5mm"; VariantName = "[No Variations]"
Add component (AddParameter): Name = "Manufacturer_Name"; Value = "Nichicon"; VariantName = "[No Variations]"
Add component (AddParameter): Name = "Manufacturer_Part_Number"; Value = "UUD1H221MNL1GS"; VariantName = "[No Variations]"
Add component (AddParameter): Name = "Mouser Part Number"; Value = "647-UUD1H221MNL"; VariantName = "[No Variations]"
Add component (AddParameter): Name = "Mouser Price/Stock"; Value = "https://www.mouser.co.uk/ProductDetail/Nichicon/UUD1H221MNL1GS?qs=vtpzqDgAobnaECklx3mHVg%3D%3D"; VariantName = "[No Variations]"
Added Component: Designator=C62(CAPAE1030X1050N)
Add component. Clean all parameters for all variants
Add component (AddParameter): Name = "Arrow Part Number"; Value = "UUD1H221MNL1GS"; VariantName = "[No Variations]"
Add component (AddParameter): Name = "Arrow Price/Stock"; Value = "https://www.arrow.com/en/products/uud1h221mnl1gs/nichicon"; VariantName = "[No Variations]"
Add component (AddParameter): Name = "Datasheet Link"; Value = "https://componentsearchengine.com/Datasheets/2/UUD1H221MNL1GS.pdf"; VariantName = "[No Variations]"
Add component (AddParameter): Name = "Height"; Value = "10.5mm"; VariantName = "[No Variations]"
Add component (AddParameter): Name = "Manufacturer_Name"; Value = "Nichicon"; VariantName = "[No Variations]"
Add component (AddParameter): Name = "Manufacturer_Part_Number"; Value = "UUD1H221MNL1GS"; VariantName = "[No Variations]"
Add component (AddParameter): Name = "Mouser Part Number"; Value = "647-UUD1H221MNL"; VariantName = "[No Variations]"
Add component (AddParameter): Name = "Mouser Price/Stock"; Value = "https://www.mouser.co.uk/ProductDetail/Nichicon/UUD1H221MNL1GS?qs=vtpzqDgAobnaECklx3mHVg%3D%3D"; VariantName = "[No Variations]"
Added Component: Designator=C63(C1210)
Add component. Clean all parameters for all variants
Add component (AddParameter): Name = "LatestRevisionDate"; Value = "29-May-2009"; VariantName = "[No Variations]"
Add component (AddParameter): Name = "LatestRevisionNote"; Value = "IPC-7351 Footprint Added."; VariantName = "[No Variations]"
Add component (AddParameter): Name = "PackageDescription"; Value = "Chip Capacitor"; VariantName = "[No Variations]"
Add component (AddParameter): Name = "PackageReference"; Value = "C1206"; VariantName = "[No Variations]"
Add component (AddParameter): Name = "Published"; Value = "8-Jun-2000"; VariantName = "[No Variations]"
Add component (AddParameter): Name = "Publisher"; Value = "Altium Limited"; VariantName = "[No Variations]"
Add component (AddParameter): Name = "Value"; Value = "100pF/50V"; VariantName = "[No Variations]"
Added Component: Designator=D38(DIOM6959X262N)
Add component. Clean all parameters for all variants
Add component (AddParameter): Name = "Arrow Part Number"; Value = ""; VariantName = "[No Variations]"
Add component (AddParameter): Name = "Arrow Price/Stock"; Value = ""; VariantName = "[No Variations]"
Add component (AddParameter): Name = "Datasheet Link"; Value = "http://www.hygroup.com.tw/upfiles/ADUpload/all_/SS32%20thru%20SS310(242-243).pdf"; VariantName = "[No Variations]"
Add component (AddParameter): Name = "Height"; Value = "2.62mm"; VariantName = "[No Variations]"
Add component (AddParameter): Name = "Manufacturer_Name"; Value = "HY Electronic Corp"; VariantName = "[No Variations]"
Add component (AddParameter): Name = "Manufacturer_Part_Number"; Value = "SS34"; VariantName = "[No Variations]"
Add component (AddParameter): Name = "Mouser Part Number"; Value = ""; VariantName = "[No Variations]"
Add component (AddParameter): Name = "Mouser Price/Stock"; Value = ""; VariantName = "[No Variations]"
Added Component: Designator=L1(WE-PD_1030/105054)
Add component. Clean all parameters for all variants
Add component (AddParameter): Name = "Arrow Part Number"; Value = ""; VariantName = "[No Variations]"
Add component (AddParameter): Name = "Arrow Price/Stock"; Value = ""; VariantName = "[No Variations]"
Add component (AddParameter): Name = "Datasheet Link"; Value = ""; VariantName = "[No Variations]"
Add component (AddParameter): Name = "Manufacturer_Name"; Value = "Wurth Elektronik"; VariantName = "[No Variations]"
Add component (AddParameter): Name = "Manufacturer_Part_Number"; Value = "7447714068"; VariantName = "[No Variations]"
Add component (AddParameter): Name = "Mouser Part Number"; Value = "710-7447714068"; VariantName = "[No Variations]"
Add component (AddParameter): Name = "Mouser Price/Stock"; Value = "https://www.mouser.com/Search/Refine.aspx?Keyword=710-7447714068"; VariantName = "[No Variations]"
Added Pin To Net: NetName=GND Pin=C60-1
Added Pin To Net: NetName=+5V Pin=C60-2
Added Pin To Net: NetName=+5V Pin=C61-1
Added Pin To Net: NetName=GND Pin=C61-2
Added Pin To Net: NetName=VIN Pin=C62-1
Added Pin To Net: NetName=GND Pin=C62-2
Added Pin To Net: NetName=GND Pin=C63-1
Added Pin To Net: NetName=VIN Pin=C63-2
Added Pin To Net: NetName=GND Pin=D38-2
Added Pin To Net: NetName=VIN Pin=J8-1
Added Pin To Net: NetName=GND Pin=J8-3
Added Pin To Net: NetName=+5V Pin=J8-4
Added Pin To Net: NetName=GND Pin=J8-5
Added Pin To Net: NetName=+5V Pin=L1-2
Change Net Name : Old Net Name=NetC67_1 New Net Name=NetC71_1
Change Net Name : Old Net Name=NetC68_1 New Net Name=NetC72_1
Change Net Name : Old Net Name=NetC69_1 New Net Name=NetC73_1
Change Net Name : Old Net Name=NetC70_1 New Net Name=NetC74_1
Change Net Name : Old Net Name=NetC72_1 New Net Name=NetC76_1
Change Net Name : Old Net Name=NetC73_1 New Net Name=NetC77_1
Change Net Name : Old Net Name=NetC91_1 New Net Name=NetC95_1
Change Net Name : Old Net Name=NetC92_2 New Net Name=NetC96_2
Change Net Name : Old Net Name=NetC95_2 New Net Name=NetC99_2
Change Net Name : Old Net Name=NetC99_1 New Net Name=NetC103_1
Change Net Name : Old Net Name=NetD38_1 New Net Name=NetD39_1
Change Net Name : Old Net Name=NetD38_2 New Net Name=NetD39_2
Change Net Name : Old Net Name=NetL1_2 New Net Name=NetL2_2
Added Pin To Net: NetName=NetD38_1 Pin=D38-1
Added Pin To Net: NetName=NetD38_1 Pin=J8-2
Added Pin To Net: NetName=NetD38_1 Pin=L1-1
Added Net: Name=NetD38_1
Added Member To Class: ClassName=U_BV100011_ControlPower Member=Component C64 1uF_X5R_0603
Added Member To Class: ClassName=U_BV100011_ControlPower Member=Component C65 1uF_X5R_0603
Added Member To Class: ClassName=U_BV100011_ControlPower Member=Component C66 100nF
Added Member To Class: ClassName=U_BV100011_ControlPower Member=Component C67 100nF
Added Member To Class: ClassName=U_BV100011_ControlPower Member=Component D38 SS34
Added Member To Class: ClassName=U_BV100011_ControlPower Member=Component L1 7447714068
