Removed Pin From Net: NetName=GND Pin=C60-1
Removed Pin From Net: NetName=GND Pin=C63-2
Removed Pin From Net: NetName=GND Pin=C66-1
Removed Pin From Net: NetName=GND Pin=C67-1
Removed Pin From Net: NetName=GND Pin=C73-2
Removed Pin From Net: NetName=GND Pin=C74-1
Removed Pin From Net: NetName=GND Pin=C81-1
Removed Pin From Net: NetName=GND Pin=CN9-10
Removed Pin From Net: NetName=GND Pin=CN9-13
Removed Pin From Net: NetName=GND Pin=CN9-14
Removed Pin From Net: NetName=GND0 Pin=P1-1
Removed Pin From Net: NetName=+5V_ISO Pin=P1-3
Removed Pin From Net: NetName=GND0 Pin=P2-4
Removed Pin From Net: NetName=GND0 Pin=P3-4
Removed Pin From Net: NetName=GND0 Pin=P3-7
Removed Pin From Net: NetName=GND Pin=R68-1
Removed Pin From Net: NetName=GND Pin=R84-2
Removed Pin From Net: NetName=GND Pin=R88-1
Removed Pin From Net: NetName=GND Pin=R89-1
Removed Pin From Net: NetName=GND Pin=R94-1
Removed Pin From Net: NetName=GND Pin=R95-1
Removed Pin From Net: NetName=GND Pin=U9-25
Removed Pin From Net: NetName=GND0 Pin=U28-5
Removed Member From Class: ClassName=U_BV100011_Ethernet Member=C60
Removed Member From Class: ClassName=U_BV100011_Ethernet Member=C63
Removed Member From Class: ClassName=U_BV100011_Ethernet Member=C66
Removed Member From Class: ClassName=U_BV100011_Ethernet Member=C67
Removed Member From Class: ClassName=U_BV100011_Ethernet Member=C73
Removed Member From Class: ClassName=U_BV100011_Ethernet Member=C74
Removed Member From Class: ClassName=U_BV100011_Ethernet Member=C81
Removed Member From Class: ClassName=U_BV100011_Ethernet Member=C82
Removed Member From Class: ClassName=U_BV100011_Ethernet Member=C83
Removed Member From Class: ClassName=U_BV100011_Ethernet Member=L2
Removed Member From Class: ClassName=U_BV100011_ControlConnector Member=P1
Removed Member From Class: ClassName=U_BV100011_ControlConnector Member=P2
Removed Member From Class: ClassName=U_BV100011_ControlConnector Member=P3
Removed Member From Class: ClassName=U_BV100011_Ethernet Member=R65
Removed Member From Class: ClassName=U_BV100011_Ethernet Member=R66
Removed Member From Class: ClassName=U_BV100011_Ethernet Member=R67
Removed Member From Class: ClassName=U_BV100011_Ethernet Member=R68
Removed Member From Class: ClassName=U_BV100011_Ethernet Member=R69
Removed Member From Class: ClassName=U_BV100011_Ethernet Member=R70
Removed Member From Class: ClassName=U_BV100011_Ethernet Member=R71
Removed Member From Class: ClassName=U_BV100011_Ethernet Member=R73
Removed Member From Class: ClassName=U_BV100011_Ethernet Member=R77
Removed Member From Class: ClassName=U_BV100011_Ethernet Member=R78
Removed Member From Class: ClassName=U_BV100011_Ethernet Member=R84
Removed Member From Class: ClassName=U_BV100011_Ethernet Member=R88
Removed Member From Class: ClassName=U_BV100011_Ethernet Member=R89
Removed Member From Class: ClassName=U_BV100011_Ethernet Member=R90
Removed Member From Class: ClassName=U_BV100011_Ethernet Member=R91
Removed Member From Class: ClassName=U_BV100011_Ethernet Member=R92
Removed Member From Class: ClassName=U_BV100011_Ethernet Member=R93
Removed Member From Class: ClassName=U_BV100011_Ethernet Member=R94
Removed Member From Class: ClassName=U_BV100011_Ethernet Member=R95
Removed Member From Class: ClassName=U_BV100011_Ethernet Member=U9
Removed Member From Class: ClassName=U_BV100011_ControlConnector Member=U28
Change Component Designator: OldDesignator=C60 NewDesignator=C103
Change Component Designator: OldDesignator=C63 NewDesignator=C104
Change Component Designator: OldDesignator=C66 NewDesignator=C102
Change Component Designator: OldDesignator=C67 NewDesignator=C105
Change Component Designator: OldDesignator=C73 NewDesignator=C101
Change Component Designator: OldDesignator=C74 NewDesignator=C100
Change Component Designator: OldDesignator=C81 NewDesignator=C99
Change Component Designator: OldDesignator=C82 NewDesignator=C97
Change Component Designator: OldDesignator=C83 NewDesignator=C98
Change Component Designator: OldDesignator=CN9 NewDesignator=CN2
Change Component Designator: OldDesignator=L2 NewDesignator=L4
Change Component Designator: OldDesignator=P4 NewDesignator=P1
Change Component Designator: OldDesignator=P5 NewDesignator=P2
Change Component Designator: OldDesignator=R65 NewDesignator=R149
Change Component Designator: OldDesignator=R66 NewDesignator=R159
Change Component Designator: OldDesignator=R67 NewDesignator=R151
Change Component Designator: OldDesignator=R68 NewDesignator=R165
Change Component Designator: OldDesignator=R69 NewDesignator=R156
Change Component Designator: OldDesignator=R70 NewDesignator=R150
Change Component Designator: OldDesignator=R71 NewDesignator=R157
Change Component Designator: OldDesignator=R73 NewDesignator=R153
Change Component Designator: OldDesignator=R77 NewDesignator=R152
Change Component Designator: OldDesignator=R78 NewDesignator=R164
Change Component Designator: OldDesignator=R84 NewDesignator=R158
Change Component Designator: OldDesignator=R88 NewDesignator=R161
Change Component Designator: OldDesignator=R89 NewDesignator=R162
Change Component Designator: OldDesignator=R90 NewDesignator=R147
Change Component Designator: OldDesignator=R91 NewDesignator=R154
Change Component Designator: OldDesignator=R92 NewDesignator=R148
Change Component Designator: OldDesignator=R93 NewDesignator=R155
Change Component Designator: OldDesignator=R94 NewDesignator=R163
Change Component Designator: OldDesignator=R95 NewDesignator=R160
Change Component Designator: OldDesignator=U9 NewDesignator=U31
Change Component Designator: OldDesignator=U29 NewDesignator=U28
Change Component Designator: OldDesignator=U30 NewDesignator=U29
Change Component Designator: OldDesignator=U31 NewDesignator=U30
Added Pin To Net: NetName=+3.3V_ISO Pin=C97-2
Added Pin To Net: NetName=+3.3V_ISO Pin=C98-2
Added Pin To Net: NetName=GND0 Pin=C99-1
Added Pin To Net: NetName=GND0 Pin=C100-1
Added Pin To Net: NetName=GND0 Pin=C101-2
Added Pin To Net: NetName=GND0 Pin=C102-1
Added Pin To Net: NetName=GND0 Pin=C103-1
Added Pin To Net: NetName=+3.3V_ISO Pin=C103-2
Added Pin To Net: NetName=+3.3V_ISO Pin=C104-1
Added Pin To Net: NetName=GND0 Pin=C104-2
Added Pin To Net: NetName=GND0 Pin=C105-1
Added Pin To Net: NetName=+3.3V_ISO Pin=CN2-5
Added Pin To Net: NetName=+3.3V_ISO Pin=CN2-6
Added Pin To Net: NetName=GND0 Pin=CN2-10
Added Pin To Net: NetName=GND0 Pin=CN2-13
Added Pin To Net: NetName=GND0 Pin=CN2-14
Added Pin To Net: NetName=+3.3V_ISO Pin=L4-2
Added Pin To Net: NetName=+3.3V_ISO Pin=R147-1
Added Pin To Net: NetName=+3.3V_ISO Pin=R148-1
Added Pin To Net: NetName=+3.3V_ISO Pin=R149-2
Added Pin To Net: NetName=+3.3V_ISO Pin=R150-2
Added Pin To Net: NetName=+3.3V_ISO Pin=R151-2
Added Pin To Net: NetName=+3.3V_ISO Pin=R152-2
Added Pin To Net: NetName=+3.3V_ISO Pin=R153-2
Added Pin To Net: NetName=+3.3V_ISO Pin=R154-1
Added Pin To Net: NetName=+3.3V_ISO Pin=R155-1
Added Pin To Net: NetName=GND0 Pin=R158-2
Added Pin To Net: NetName=GND0 Pin=R160-1
Added Pin To Net: NetName=GND0 Pin=R161-1
Added Pin To Net: NetName=GND0 Pin=R162-1
Added Pin To Net: NetName=GND0 Pin=R163-1
Added Pin To Net: NetName=GND0 Pin=R165-1
Added Pin To Net: NetName=+3.3V_ISO Pin=U31-9
Added Pin To Net: NetName=GND0 Pin=U31-25
Change Net Name : Old Net Name=NetC66_2 New Net Name=NetC102_2
Change Net Name : Old Net Name=NetC73_1 New Net Name=NetC99_2
Change Net Name : Old Net Name=NetCN9_1 New Net Name=NetCN2_1
Change Net Name : Old Net Name=NetCN9_2 New Net Name=NetCN2_2
Change Net Name : Old Net Name=NetCN9_11 New Net Name=NetCN2_11
Change Net Name : Old Net Name=NetCN9_12 New Net Name=NetCN2_12
Change Net Name : Old Net Name=NetR65_1 New Net Name=NetR149_1
Change Net Name : Old Net Name=NetR66_1 New Net Name=NetR151_1
Change Net Name : Old Net Name=NetR69_1 New Net Name=NetR150_1
Change Net Name : Old Net Name=NetR71_1 New Net Name=NetR153_1
Change Net Name : Old Net Name=NetR77_1 New Net Name=NetR152_1
Change Net Name : Old Net Name=NetR84_1 New Net Name=NetR158_1
Change Net Name : Old Net Name=NetU9_13 New Net Name=NetU31_13
Change Net Name : Old Net Name=NetU9_15 New Net Name=NetU31_15
Change Net Name : Old Net Name=NetU9_16 New Net Name=NetU31_16
Change Net Name : Old Net Name=NetU9_17 New Net Name=NetU31_17
Change Net Name : Old Net Name=NetU9_18 New Net Name=NetU31_18
Added Pin To Net: NetName=NetR156_2 Pin=R156-2
Added Net: Name=NetR156_2
Added Pin To Net: NetName=NetR157_2 Pin=R157-2
Added Net: Name=NetR157_2
Added Pin To Net: NetName=NetR159_2 Pin=R159-2
Added Net: Name=NetR159_2
Added Pin To Net: NetName=NetR164_2 Pin=R164-2
Added Pin To Net: NetName=NetR164_2 Pin=U31-5
Added Net: Name=NetR164_2
Added Pin To Net: NetName=NetR165_2 Pin=R165-2
Added Pin To Net: NetName=NetR165_2 Pin=U31-10
Added Net: Name=NetR165_2
Added Member To Class: ClassName=U_BV100011_Ethernet Member=Component C97 100nF
Added Member To Class: ClassName=U_BV100011_Ethernet Member=Component C98 100nF
Added Member To Class: ClassName=U_BV100011_Ethernet Member=Component C99 100nF
Added Member To Class: ClassName=U_BV100011_Ethernet Member=Component C100 100nF
Added Member To Class: ClassName=U_BV100011_Ethernet Member=Component C101 10uF
Added Member To Class: ClassName=U_BV100011_Ethernet Member=Component C102 470pF
Added Member To Class: ClassName=U_BV100011_Ethernet Member=Component C103 100nF
Added Member To Class: ClassName=U_BV100011_Ethernet Member=Component C104 10uF
Added Member To Class: ClassName=U_BV100011_Ethernet Member=Component C105 1uF
Added Member To Class: ClassName=U_BV100011_Ethernet Member=Component L4 BLM18PG121SN1D
Added Member To Class: ClassName=U_BV100011_Ethernet Member=Component R147 50
Added Member To Class: ClassName=U_BV100011_Ethernet Member=Component R148 50
Added Member To Class: ClassName=U_BV100011_Ethernet Member=Component R149 1K5
Added Member To Class: ClassName=U_BV100011_Ethernet Member=Component R150 4K7
Added Member To Class: ClassName=U_BV100011_Ethernet Member=Component R151 4K7
Added Member To Class: ClassName=U_BV100011_Ethernet Member=Component R152 4K7
Added Member To Class: ClassName=U_BV100011_Ethernet Member=Component R153 4K7
Added Member To Class: ClassName=U_BV100011_Ethernet Member=Component R154 50
Added Member To Class: ClassName=U_BV100011_Ethernet Member=Component R155 50
Added Member To Class: ClassName=U_BV100011_Ethernet Member=Component R156 33
Added Member To Class: ClassName=U_BV100011_Ethernet Member=Component R157 33
Added Member To Class: ClassName=U_BV100011_Ethernet Member=Component R158 12K1
Added Member To Class: ClassName=U_BV100011_Ethernet Member=Component R159 33
Added Member To Class: ClassName=U_BV100011_Ethernet Member=Component R160 10K
Added Member To Class: ClassName=U_BV100011_Ethernet Member=Component R161 10K
Added Member To Class: ClassName=U_BV100011_Ethernet Member=Component R162 330
Added Member To Class: ClassName=U_BV100011_Ethernet Member=Component R163 330
Added Member To Class: ClassName=U_BV100011_Ethernet Member=Component R164 100
Added Member To Class: ClassName=U_BV100011_Ethernet Member=Component R165 4K7
Added Member To Class: ClassName=U_BV100011_Ethernet Member=Component U31 LAN8742A-CZ-TR
