Removed Pin From Net: NetName=VCC_iso_AO Pin=C45-2
Removed Pin From Net: NetName=VCC_iso_AO Pin=C47-2
Removed Pin From Net: NetName=Vref_AO Pin=C48-2
Removed Pin From Net: NetName=VCC_iso_AO Pin=IC3-1
Removed Pin From Net: NetName=VCC_iso_AO Pin=IC4-1
Removed Pin From Net: NetName=Vref_AO Pin=IC4-6
Removed Pin From Net: NetName=Vref_AO Pin=R95-2
Removed Pin From Net: NetName=VCC_iso_AO Pin=U26-8
Removed Pin From Net: NetName=VCC_iso_AO Pin=U27-8
Change Component Designator: OldDesignator=D19 NewDesignator=D20
Change Component Designator: OldDesignator=D20 NewDesignator=D21
Change Component Designator: OldDesignator=D21 NewDesignator=D22
Change Component Designator: OldDesignator=D22 NewDesignator=D23
Change Component Designator: OldDesignator=D23 NewDesignator=D24
Change Component Designator: OldDesignator=D24 NewDesignator=D25
Change Component Designator: OldDesignator=D25 NewDesignator=D26
Change Component Designator: OldDesignator=D26 NewDesignator=D27
Change Component Designator: OldDesignator=D27 NewDesignator=D28
Change Component Designator: OldDesignator=D28 NewDesignator=D29
Change Component Designator: OldDesignator=D29 NewDesignator=D30
Change Component Designator: OldDesignator=D30 NewDesignator=D31
Change Component Designator: OldDesignator=D31 NewDesignator=D32
Change Component Designator: OldDesignator=D32 NewDesignator=D33
Change Component Designator: OldDesignator=D33 NewDesignator=D34
Change Component Designator: OldDesignator=D34 NewDesignator=D35
Change Component Designator: OldDesignator=D35 NewDesignator=D36
Change Component Designator: OldDesignator=D36 NewDesignator=D37
Change Component Designator: OldDesignator=D37 NewDesignator=D38
Change Component Designator: OldDesignator=D38 NewDesignator=D39
Change Component Designator: OldDesignator=D39 NewDesignator=D40
Change Component Designator: OldDesignator=D40 NewDesignator=D41
Added Component: Designator=D19(SOT95P240X120-3N)
Add component. Clean all parameters for all variants
Add component (AddParameter): Name = "Datasheet Link"; Value = "https://www.arrow.com/en/products/bat54c/rectron"; VariantName = "[No Variations]"
Add component (AddParameter): Name = "Height"; Value = "1.2mm"; VariantName = "[No Variations]"
Add component (AddParameter): Name = "Manufacturer_Name"; Value = "Rectron"; VariantName = "[No Variations]"
Add component (AddParameter): Name = "Manufacturer_Part_Number"; Value = "BAT54C"; VariantName = "[No Variations]"
Add component (AddParameter): Name = "Mouser Part Number"; Value = "583-BAT54C"; VariantName = "[No Variations]"
Add component (AddParameter): Name = "Mouser Price/Stock"; Value = "https://www.mouser.com/Search/Refine.aspx?Keyword=583-BAT54C"; VariantName = "[No Variations]"
Add component (AddParameter): Name = "RS Part Number"; Value = ""; VariantName = "[No Variations]"
Add component (AddParameter): Name = "RS Price/Stock"; Value = ""; VariantName = "[No Variations]"
Added Pin To Net: NetName=VCC_iso_AO Pin=D19-3
Change Net Name : Old Net Name=NetD19_2 New Net Name=NetD20_2
Change Net Name : Old Net Name=NetD22_2 New Net Name=NetD23_2
Change Net Name : Old Net Name=NetD24_2 New Net Name=NetD25_2
Change Net Name : Old Net Name=NetD27_2 New Net Name=NetD28_2
Change Net Name : Old Net Name=NetD29_2 New Net Name=NetD30_2
Change Net Name : Old Net Name=NetD39_1 New Net Name=NetD40_1
Change Net Name : Old Net Name=NetD40_1 New Net Name=NetD41_1
Change Net Name : Old Net Name=NetD40_2 New Net Name=NetD41_2
Change Net Name : Old Net Name=Vref_AO New Net Name=Vref_AO0
Added Pin To Net: NetName=VCC_iso_AO0 Pin=C45-2
Added Pin To Net: NetName=VCC_iso_AO0 Pin=D19-1
Added Pin To Net: NetName=VCC_iso_AO0 Pin=IC3-1
Added Pin To Net: NetName=VCC_iso_AO0 Pin=U26-8
Added Net: Name=VCC_iso_AO0
Added Pin To Net: NetName=VCC_iso_AO1 Pin=C47-2
Added Pin To Net: NetName=VCC_iso_AO1 Pin=D19-2
Added Pin To Net: NetName=VCC_iso_AO1 Pin=IC4-1
Added Pin To Net: NetName=VCC_iso_AO1 Pin=U27-8
Added Net: Name=VCC_iso_AO1
Added Pin To Net: NetName=Vref_AO1 Pin=C48-2
Added Pin To Net: NetName=Vref_AO1 Pin=IC4-6
Added Pin To Net: NetName=Vref_AO1 Pin=R95-2
Added Net: Name=Vref_AO1
Added Member To Class: ClassName=U_BV100011_ControlAO Member=Component D29 1N4007
Added Room: Name=BV100011_ControlTopLevel
Added Room: Name=U_BV100011_ControlAI
Added Room: Name=U_BV100011_ControlAO
Added Room: Name=U_BV100011_ControlConnector
Added Room: Name=U_BV100011_ControlDI
Added Room: Name=U_BV100011_ControlDI_8-15
Added Room: Name=U_BV100011_ControlDO
Added Room: Name=U_BV100011_ControlPower
Added Room: Name=U_BV100011_ControlRS485
