Change Component Designator: Old Designator=C51 New Designator=C59
Change Component Designator: Old Designator=C52 New Designator=C60
Change Component Designator: Old Designator=C53 New Designator=C61
Change Component Designator: Old Designator=C54 New Designator=C62
Change Component Designator: Old Designator=C55 New Designator=C63
Change Component Designator: Old Designator=C56 New Designator=C64
Change Component Designator: Old Designator=C57 New Designator=C65
Change Component Designator: Old Designator=C58 New Designator=C66
Change Component Designator: Old Designator=C59 New Designator=C67
Change Component Designator: Old Designator=C60 New Designator=C68
Change Component Designator: Old Designator=C61 New Designator=C69
Change Component Designator: Old Designator=C62 New Designator=C70
Change Component Designator: Old Designator=C63 New Designator=C71
Change Component Designator: Old Designator=D30 New Designator=D38
Change Component Designator: Old Designator=D31 New Designator=D39
Change Component Designator: Old Designator=IC5 New Designator=IC6
Change Component Designator: Old Designator=LED20 New Designator=LED28
Change Component Designator: Old Designator=R99 New Designator=R123
Change Component Designator: Old Designator=R100 New Designator=R124
Change Component Designator: Old Designator=R101 New Designator=R125
Change Component Designator: Old Designator=R102 New Designator=R126
Change Component Designator: Old Designator=R103 New Designator=R127
Change Component Designator: Old Designator=R104 New Designator=R128
Change Component Designator: Old Designator=R105 New Designator=R129
Change Component Designator: Old Designator=R106 New Designator=R130
