Removed Pin From Net: NetName=GND0 Pin=C66-1
Removed Pin From Net: NetName=+5V_ISO Pin=C66-2
Removed Pin From Net: NetName=GND0 Pin=C67-1
Removed Pin From Net: NetName=+5V_ISO Pin=C67-2
Removed Pin From Net: NetName=GND0 Pin=C68-1
Removed Pin From Net: NetName=GND0 Pin=C69-1
Removed Pin From Net: NetName=GND0 Pin=C70-1
Removed Pin From Net: NetName=+3.3V_ISO Pin=C70-2
Removed Pin From Net: NetName=GND0 Pin=C71-1
Removed Pin From Net: NetName=+3.3V_ISO Pin=C71-2
Removed Pin From Net: NetName=GND0 Pin=D40-2
Removed Pin From Net: NetName=+3.3V_ISO Pin=L2-2
Removed Pin From Net: NetName=GND0 Pin=LED28-1
Removed Pin From Net: NetName=+5V_ISO Pin=R126-1
Removed Pin From Net: NetName=+3.3V_ISO Pin=R127-2
Removed Pin From Net: NetName=+3.3V_ISO Pin=R128-2
Removed Pin From Net: NetName=GND0 Pin=R129-1
Removed Pin From Net: NetName=GND0 Pin=U28-2
Removed Pin From Net: NetName=+5V_ISO Pin=U28-5
Removed Member From Class: ClassName=U_BV100011_ControlPower Member=C70
Removed Member From Class: ClassName=U_BV100011_ControlPower Member=C71
Removed Member From Class: ClassName=U_BV100011_ControlPower Member=D40
Removed Member From Class: ClassName=U_BV100011_ControlPower Member=L2
Removed Member From Class: ClassName=U_BV100011_ControlPower Member=LED28
Removed Member From Class: ClassName=U_BV100011_ControlPower Member=R127
Removed Member From Class: ClassName=U_BV100011_ControlPower Member=R128
Removed Member From Class: ClassName=U_BV100011_ControlPower Member=R129
Change Component Footprint: Designator=C66 Old Footprint=C1210 New Footprint=0603C
Change Component Footprint: Designator=C67 Old Footprint=C1210 New Footprint=0603C
Change Component Footprint: Designator=C68 Old Footprint=C1210 New Footprint=0603C
Change Component Footprint: Designator=C69 Old Footprint=C1210 New Footprint=0603C
Change Component Footprint: Designator=R126 Old Footprint=J1-0603 New Footprint=0603R
Change Component Footprint: Designator=U28 Old Footprint=SOT95P280X145-5N New Footprint=DFN6_0R95_3x3_TP
Change Component Comment : Designator=C66 Old Comment=2.2UF (16V) New Comment=1uF_X5R_0603
Change Component Comment : Designator=C69 Old Comment=10UF (10V) New Comment=100nF
Change Component Comment : Designator=C67 Old Comment=10UF (16V) New Comment=1uF_X5R_0603
Change Component Comment : Designator=C68 Old Comment=10UF (16V) New Comment=100nF
Change Component Comment : Designator=R126 Old Comment=100K New Comment=1K
Change Component Comment : Designator=U28 Old Comment=LMR10510XMFE New Comment=LD39050PU33R
Change Component Designator: OldDesignator=C72 NewDesignator=C70
Change Component Designator: OldDesignator=C73 NewDesignator=C71
Change Component Designator: OldDesignator=C74 NewDesignator=C72
Change Component Designator: OldDesignator=C75 NewDesignator=C73
Change Component Designator: OldDesignator=C76 NewDesignator=C74
Change Component Designator: OldDesignator=C77 NewDesignator=C75
Change Component Designator: OldDesignator=C78 NewDesignator=C76
Change Component Designator: OldDesignator=C79 NewDesignator=C77
Change Component Designator: OldDesignator=C80 NewDesignator=C78
Change Component Designator: OldDesignator=C81 NewDesignator=C79
Change Component Designator: OldDesignator=C82 NewDesignator=C80
Change Component Designator: OldDesignator=C83 NewDesignator=C81
Change Component Designator: OldDesignator=C84 NewDesignator=C82
Change Component Designator: OldDesignator=C85 NewDesignator=C83
Change Component Designator: OldDesignator=C86 NewDesignator=C84
Change Component Designator: OldDesignator=C87 NewDesignator=C85
Change Component Designator: OldDesignator=C88 NewDesignator=C86
Change Component Designator: OldDesignator=C89 NewDesignator=C87
Change Component Designator: OldDesignator=C90 NewDesignator=C88
Change Component Designator: OldDesignator=C91 NewDesignator=C89
Change Component Designator: OldDesignator=C92 NewDesignator=C90
Change Component Designator: OldDesignator=C93 NewDesignator=C91
Change Component Designator: OldDesignator=C94 NewDesignator=C92
Change Component Designator: OldDesignator=C95 NewDesignator=C93
Change Component Designator: OldDesignator=C96 NewDesignator=C94
Change Component Designator: OldDesignator=C97 NewDesignator=C95
Change Component Designator: OldDesignator=C98 NewDesignator=C96
Change Component Designator: OldDesignator=C99 NewDesignator=C97
Change Component Designator: OldDesignator=C100 NewDesignator=C98
Change Component Designator: OldDesignator=C101 NewDesignator=C99
Change Component Designator: OldDesignator=C102 NewDesignator=C100
Change Component Designator: OldDesignator=C103 NewDesignator=C101
Change Component Designator: OldDesignator=C104 NewDesignator=C102
Change Component Designator: OldDesignator=C105 NewDesignator=C103
Change Component Designator: OldDesignator=C106 NewDesignator=C104
Change Component Designator: OldDesignator=C107 NewDesignator=C105
Change Component Designator: OldDesignator=D41 NewDesignator=D40
Change Component Designator: OldDesignator=L3 NewDesignator=L2
Change Component Designator: OldDesignator=L4 NewDesignator=L3
Change Component Designator: OldDesignator=LD1 NewDesignator=LD2
Change Component Designator: OldDesignator=LD2 NewDesignator=LD3
Change Component Designator: OldDesignator=R130 NewDesignator=R127
Change Component Designator: OldDesignator=R131 NewDesignator=R128
Change Component Designator: OldDesignator=R132 NewDesignator=R129
Change Component Designator: OldDesignator=R133 NewDesignator=R130
Change Component Designator: OldDesignator=R134 NewDesignator=R131
Change Component Designator: OldDesignator=R135 NewDesignator=R132
Change Component Designator: OldDesignator=R136 NewDesignator=R133
Change Component Designator: OldDesignator=R137 NewDesignator=R134
Change Component Designator: OldDesignator=R138 NewDesignator=R135
Change Component Designator: OldDesignator=R139 NewDesignator=R136
Change Component Designator: OldDesignator=R140 NewDesignator=R137
Change Component Designator: OldDesignator=R141 NewDesignator=R138
Change Component Designator: OldDesignator=R142 NewDesignator=R139
Change Component Designator: OldDesignator=R143 NewDesignator=R140
Change Component Designator: OldDesignator=R144 NewDesignator=R141
Change Component Designator: OldDesignator=R145 NewDesignator=R142
Change Component Designator: OldDesignator=R146 NewDesignator=R143
Change Component Designator: OldDesignator=R147 NewDesignator=R144
Change Component Designator: OldDesignator=R148 NewDesignator=R145
Change Component Designator: OldDesignator=R149 NewDesignator=R146
Change Component Designator: OldDesignator=R150 NewDesignator=R147
Change Component Designator: OldDesignator=R151 NewDesignator=R148
Change Component Designator: OldDesignator=R152 NewDesignator=R149
Change Component Designator: OldDesignator=R153 NewDesignator=R150
Change Component Designator: OldDesignator=R154 NewDesignator=R151
Change Component Designator: OldDesignator=R155 NewDesignator=R152
Change Component Designator: OldDesignator=R156 NewDesignator=R153
Change Component Designator: OldDesignator=R157 NewDesignator=R154
Change Component Designator: OldDesignator=R158 NewDesignator=R155
Change Component Designator: OldDesignator=R159 NewDesignator=R156
Change Component Designator: OldDesignator=R160 NewDesignator=R157
Change Component Designator: OldDesignator=R161 NewDesignator=R158
Change Component Designator: OldDesignator=R162 NewDesignator=R159
Change Component Designator: OldDesignator=R163 NewDesignator=R160
Change Component Designator: OldDesignator=R164 NewDesignator=R161
Change component parameters: Designator = "C68"; Footprint = "0603C"; UniqueID = "\IWLEPMDY\SAZMGDPM"
Change component parameters. Clean all parameters for all variants
Change component parameters (AddParameter): Name = "Revision"; Value = "July-2002: Re-released for DXP Platform."; VariantName = "[No Variations]"
Change component parameters (AddParameter): Name = "Value"; Value = "100nF"; VariantName = "[No Variations]"
Change component parameters: Designator = "C69"; Footprint = "0603C"; UniqueID = "\IWLEPMDY\OKDTFBZO"
Change component parameters. Clean all parameters for all variants
Change component parameters (AddParameter): Name = "Revision"; Value = "July-2002: Re-released for DXP Platform."; VariantName = "[No Variations]"
Change component parameters (AddParameter): Name = "Value"; Value = "100nF"; VariantName = "[No Variations]"
Change component parameters: Designator = "R126"; Footprint = "0603R"; UniqueID = "\IWLEPMDY\YODGODSB"
Change component parameters. Clean all parameters for all variants
Change component parameters (AddParameter): Name = "Value"; Value = "10K"; VariantName = "[No Variations]"
Change component parameters: Designator = "C66"; Footprint = "0603C"; UniqueID = "\IWLEPMDY\EXXMJSCI"
Change component parameters. Clean all parameters for all variants
Change component parameters (AddParameter): Name = "Manufacturer"; Value = ""; VariantName = "[No Variations]"
Change component parameters (AddParameter): Name = "Manufacturer P/N"; Value = ""; VariantName = "[No Variations]"
Change component parameters (AddParameter): Name = "Order code Farnell"; Value = "1288202RL"; VariantName = "[No Variations]"
Change component parameters (AddParameter): Name = "Order code RS"; Value = ""; VariantName = "[No Variations]"
Change component parameters (AddParameter): Name = "Power"; Value = ""; VariantName = "[No Variations]"
Change component parameters (AddParameter): Name = "Rated voltage"; Value = "25V"; VariantName = "[No Variations]"
Change component parameters (AddParameter): Name = "STS Code"; Value = ""; VariantName = "[No Variations]"
Change component parameters (AddParameter): Name = "Technology"; Value = "X5R"; VariantName = "[No Variations]"
Change component parameters (AddParameter): Name = "Temperature  Factor"; Value = ""; VariantName = "[No Variations]"
Change component parameters (AddParameter): Name = "Temperature Max"; Value = "+125°C"; VariantName = "[No Variations]"
Change component parameters (AddParameter): Name = "Temperature Min"; Value = "-55°C"; VariantName = "[No Variations]"
Change component parameters (AddParameter): Name = "Tolerance"; Value = "10%"; VariantName = "[No Variations]"
Change component parameters (AddParameter): Name = "Value"; Value = "1µF"; VariantName = "[No Variations]"
Change component parameters: Designator = "C67"; Footprint = "0603C"; UniqueID = "\IWLEPMDY\FLHDEKDZ"
Change component parameters. Clean all parameters for all variants
Change component parameters (AddParameter): Name = "Manufacturer"; Value = ""; VariantName = "[No Variations]"
Change component parameters (AddParameter): Name = "Manufacturer P/N"; Value = ""; VariantName = "[No Variations]"
Change component parameters (AddParameter): Name = "Order code Farnell"; Value = "1288202RL"; VariantName = "[No Variations]"
Change component parameters (AddParameter): Name = "Order code RS"; Value = ""; VariantName = "[No Variations]"
Change component parameters (AddParameter): Name = "Power"; Value = ""; VariantName = "[No Variations]"
Change component parameters (AddParameter): Name = "Rated voltage"; Value = "25V"; VariantName = "[No Variations]"
Change component parameters (AddParameter): Name = "STS Code"; Value = ""; VariantName = "[No Variations]"
Change component parameters (AddParameter): Name = "Technology"; Value = "X5R"; VariantName = "[No Variations]"
Change component parameters (AddParameter): Name = "Temperature  Factor"; Value = ""; VariantName = "[No Variations]"
Change component parameters (AddParameter): Name = "Temperature Max"; Value = "+125°C"; VariantName = "[No Variations]"
Change component parameters (AddParameter): Name = "Temperature Min"; Value = "-55°C"; VariantName = "[No Variations]"
Change component parameters (AddParameter): Name = "Tolerance"; Value = "10%"; VariantName = "[No Variations]"
Change component parameters (AddParameter): Name = "Value"; Value = "1µF"; VariantName = "[No Variations]"
Added Component: Designator=LD1(0603D-G)
Add component. Clean all parameters for all variants
Add component (AddParameter): Name = "Published"; Value = "8-Jun-2000"; VariantName = "[No Variations]"
Add component (AddParameter): Name = "Publisher"; Value = "Altium Limited"; VariantName = "[No Variations]"
Add component (AddParameter): Name = "Revision"; Value = "July-2002: Re-released for DXP Platform."; VariantName = "[No Variations]"
Added Pin To Net: NetName=+5V_ISO Pin=C66-1
Added Pin To Net: NetName=GND Pin=C66-2
Added Pin To Net: NetName=+3.3V_ISO Pin=C67-1
Added Pin To Net: NetName=GND Pin=C68-1
Added Pin To Net: NetName=GND Pin=LD1-2
Added Pin To Net: NetName=+5V_ISO Pin=R126-2
Added Pin To Net: NetName=+5V_ISO Pin=U28-1
Added Pin To Net: NetName=GND Pin=U28-2
Added Pin To Net: NetName=+3.3V_ISO Pin=U28-4
Added Pin To Net: NetName=+5V_ISO Pin=U28-6
Change Net Name : Old Net Name=NetC75_1 New Net Name=NetC73_1
Change Net Name : Old Net Name=NetC76_1 New Net Name=NetC74_1
Change Net Name : Old Net Name=NetC77_1 New Net Name=NetC75_1
Change Net Name : Old Net Name=NetC78_1 New Net Name=NetC76_1
Change Net Name : Old Net Name=NetC80_1 New Net Name=NetC78_1
Change Net Name : Old Net Name=NetC81_1 New Net Name=NetC79_1
Change Net Name : Old Net Name=NetC99_1 New Net Name=NetC97_1
Change Net Name : Old Net Name=NetC100_2 New Net Name=NetC98_2
Change Net Name : Old Net Name=NetC103_2 New Net Name=NetC101_2
Change Net Name : Old Net Name=NetC107_1 New Net Name=NetC105_1
Change Net Name : Old Net Name=NetD41_1 New Net Name=NetD40_1
Change Net Name : Old Net Name=NetD41_2 New Net Name=NetD40_2
Change Net Name : Old Net Name=NetL3_2 New Net Name=NetL2_2
Change Net Name : Old Net Name=NetLD1_1 New Net Name=NetLD2_1
Change Net Name : Old Net Name=NetLD2_1 New Net Name=NetLD3_1
Change Net Name : Old Net Name=NetR131_2 New Net Name=NetR128_2
Change Net Name : Old Net Name=NetR132_2 New Net Name=NetR129_2
Change Net Name : Old Net Name=NetR134_2 New Net Name=NetR131_2
Change Net Name : Old Net Name=NetR135_1 New Net Name=NetR132_1
Change Net Name : Old Net Name=NetR136_1 New Net Name=NetR133_1
Change Net Name : Old Net Name=NetR139_1 New Net Name=NetR136_1
Change Net Name : Old Net Name=NetR150_1 New Net Name=NetR147_1
Change Net Name : Old Net Name=NetR151_1 New Net Name=NetR148_1
Change Net Name : Old Net Name=NetR153_1 New Net Name=NetR150_1
Change Net Name : Old Net Name=NetR158_1 New Net Name=NetR155_1
Change Net Name : Old Net Name=NetR159_1 New Net Name=NetR156_1
Added Pin To Net: NetName=NetC67_2 Pin=C67-2
Added Pin To Net: NetName=NetC67_2 Pin=C69-1
Added Pin To Net: NetName=NetC67_2 Pin=U28-0
Added Net: Name=NetC67_2
Added Pin To Net: NetName=NetLD1_1 Pin=LD1-1
Added Pin To Net: NetName=NetLD1_1 Pin=R126-1
Added Net: Name=NetLD1_1
Added Member To Class: ClassName=U_BV100011_ControlPower Member=Component LD1 Green
