Removed Pin From Net: NetName=VIN Pin=IC2-1
Removed Pin From Net: NetName=GND Pin=IC2-5
Removed Pin From Net: NetName=GND Pin=IC2-8
Removed Pin From Net: NetName=GND Pin=IC2-11
Removed Member From Class: ClassName=U_BV100011_ControlPower Member=C24
Removed Member From Class: ClassName=U_BV100011_ControlPower Member=C25
Removed Member From Class: ClassName=U_BV100011_ControlPower Member=C26
Removed Member From Class: ClassName=U_BV100011_ControlPower Member=C27
Removed Member From Class: ClassName=U_BV100011_ControlPower Member=C28
Removed Member From Class: ClassName=U_BV100011_ControlPower Member=C29
Removed Member From Class: ClassName=U_BV100011_ControlPower Member=C30
Removed Member From Class: ClassName=U_BV100011_ControlPower Member=D5
Removed Member From Class: ClassName=U_BV100011_ControlPower Member=IC2
Removed Member From Class: ClassName=U_BV100011_ControlPower Member=R23
Removed Member From Class: ClassName=U_BV100011_ControlPower Member=R24
Removed Member From Class: ClassName=U_BV100011_ControlPower Member=R25
Removed Member From Class: ClassName=U_BV100011_ControlPower Member=R26
Change Component Designator: OldDesignator=C24 NewDesignator=C48
Change Component Designator: OldDesignator=C25 NewDesignator=C49
Change Component Designator: OldDesignator=C26 NewDesignator=C50
Change Component Designator: OldDesignator=C27 NewDesignator=C51
Change Component Designator: OldDesignator=C28 NewDesignator=C52
Change Component Designator: OldDesignator=C29 NewDesignator=C53
Change Component Designator: OldDesignator=C30 NewDesignator=C54
Change Component Designator: OldDesignator=C48 NewDesignator=C55
Change Component Designator: OldDesignator=C49 NewDesignator=C56
Change Component Designator: OldDesignator=C50 NewDesignator=C57
Change Component Designator: OldDesignator=C51 NewDesignator=C58
Change Component Designator: OldDesignator=D5 NewDesignator=D29
Change Component Designator: OldDesignator=D29 NewDesignator=D30
Change Component Designator: OldDesignator=D30 NewDesignator=D31
Change Component Designator: OldDesignator=D31 NewDesignator=D32
Change Component Designator: OldDesignator=IC5 NewDesignator=IC6
Change Component Designator: OldDesignator=IC6 NewDesignator=IC7
Change Component Designator: OldDesignator=R23 NewDesignator=R99
Change Component Designator: OldDesignator=R24 NewDesignator=R100
Change Component Designator: OldDesignator=R25 NewDesignator=R101
Change Component Designator: OldDesignator=R26 NewDesignator=R102
Change Component Designator: OldDesignator=R99 NewDesignator=R103
Change Component Designator: OldDesignator=R100 NewDesignator=R104
Change Component Designator: OldDesignator=R101 NewDesignator=R105
Change Component Designator: OldDesignator=R102 NewDesignator=R106
Added Pin To Net: NetName=+3.3V_ISO Pin=IC2-2
Added Pin To Net: NetName=NetIC2_4 Pin=IC2-4
Added Pin To Net: NetName=NetIC2_5 Pin=IC2-5
Added Pin To Net: NetName=NetC13_2 Pin=IC2-6
Added Pin To Net: NetName=NetC11_2 Pin=IC2-7
Added Pin To Net: NetName=NetC10_2 Pin=IC2-8
Added Pin To Net: NetName=NetC9_2 Pin=IC2-9
Added Pin To Net: NetName=NetC22_1 Pin=IC2-11
Change Net Name : Old Net Name=NetD29_1 New Net Name=NetD30_1
Change Net Name : Old Net Name=NetD29_2 New Net Name=NetD30_2
Change Net Name : Old Net Name=NetD30_1 New Net Name=NetD31_1
Change Net Name : Old Net Name=NetD30_2 New Net Name=NetD31_2
Change Net Name : Old Net Name=NetD31_1 New Net Name=NetD32_1
Change Net Name : Old Net Name=NetD31_2 New Net Name=NetD32_2
Change Net Name : Old Net Name=NetIC5_1 New Net Name=NetIC6_1
Change Net Name : Old Net Name=NetIC5_2 New Net Name=NetIC6_2
Change Net Name : Old Net Name=NetIC5_4 New Net Name=NetIC6_4
Change Net Name : Old Net Name=NetIC6_2 New Net Name=NetIC7_2
Change Net Name : Old Net Name=NetIC6_3 New Net Name=NetIC7_3
Change Net Name : Old Net Name=NetR100_2 New Net Name=NetR104_2
Change Net Name : Old Net Name=NetR101_2 New Net Name=NetR105_2
Added Pin To Net: NetName=NetC48_1 Pin=C48-1
Added Net: Name=NetC48_1
Added Pin To Net: NetName=NetC48_2 Pin=C48-2
Added Pin To Net: NetName=NetC48_2 Pin=D29-1
Added Net: Name=NetC48_2
Added Pin To Net: NetName=NetC54_2 Pin=C54-2
Added Net: Name=NetC54_2
Added Pin To Net: NetName=NetIC5_2 Pin=R99-2
Added Net: Name=NetIC5_2
Added Pin To Net: NetName=NetIC5_6 Pin=R100-1
Added Pin To Net: NetName=NetIC5_6 Pin=R102-2
Added Net: Name=NetIC5_6
Added Pin To Net: NetName=NetIC5_7 Pin=R101-1
Added Net: Name=NetIC5_7
Added Member To Class: ClassName=U_BV100011_ControlPower Member=Component C48 Cap Semi
Added Member To Class: ClassName=U_BV100011_ControlPower Member=Component C49 Cap Semi
Added Member To Class: ClassName=U_BV100011_ControlPower Member=Component C50 Cap Semi
Added Member To Class: ClassName=U_BV100011_ControlPower Member=Component C51 Cap Semi
Added Member To Class: ClassName=U_BV100011_ControlPower Member=Component C52 Cap Semi
Added Member To Class: ClassName=U_BV100011_ControlPower Member=Component C53 Cap Semi
Added Member To Class: ClassName=U_BV100011_ControlPower Member=Component C54 Cap Semi
Added Member To Class: ClassName=U_BV100011_ControlPower Member=Component D29 STTH4R02UY
Added Member To Class: ClassName=U_BV100011_ControlPower Member=Component R99 Res3
Added Member To Class: ClassName=U_BV100011_ControlPower Member=Component R100 Res3
Added Member To Class: ClassName=U_BV100011_ControlPower Member=Component R101 Res3
Added Member To Class: ClassName=U_BV100011_ControlPower Member=Component R102 Res3
