Change Component Designator: OldDesignator=J1 NewDesignator=J2
Change Component Designator: OldDesignator=J2 NewDesignator=J3
Change Component Designator: OldDesignator=J3 NewDesignator=J1
Added Component: Designator=P1(HDR1X10)
Add component. Clean all parameters for all variants
Add component (AddParameter): Name = "LatestRevisionDate"; Value = "17-Jul-2002"; VariantName = "[No Variations]"
Add component (AddParameter): Name = "LatestRevisionNote"; Value = "Re-released for DXP Platform."; VariantName = "[No Variations]"
Add component (AddParameter): Name = "Publisher"; Value = "Altium Limited"; VariantName = "[No Variations]"
Added Component: Designator=P2(HDR1X10)
Add component. Clean all parameters for all variants
Add component (AddParameter): Name = "LatestRevisionDate"; Value = "17-Jul-2002"; VariantName = "[No Variations]"
Add component (AddParameter): Name = "LatestRevisionNote"; Value = "Re-released for DXP Platform."; VariantName = "[No Variations]"
Add component (AddParameter): Name = "Publisher"; Value = "Altium Limited"; VariantName = "[No Variations]"
Added Pin To Net: NetName=GND Pin=P1-7
Added Pin To Net: NetName=GND Pin=P2-7
Change Net Name : Old Net Name=NetJ3_10 New Net Name=NetJ1_10
Change Net Name : Old Net Name=NetJ3_12 New Net Name=NetJ1_12
Change Net Name : Old Net Name=NetJ3_14 New Net Name=NetJ1_14
Change Net Name : Old Net Name=NetJ3_16 New Net Name=NetJ1_16
Change Net Name : Old Net Name=NetJ3_18 New Net Name=NetJ1_18
Change Net Name : Old Net Name=NetJ3_20 New Net Name=NetJ1_20
Change Net Name : Old Net Name=NetJ3_21 New Net Name=NetJ1_21
Change Net Name : Old Net Name=NetJ3_22 New Net Name=NetJ1_22
Change Net Name : Old Net Name=NetJ3_23 New Net Name=NetJ1_23
Change Net Name : Old Net Name=NetJ3_24 New Net Name=NetJ1_24
Change Net Name : Old Net Name=NetJ3_25 New Net Name=NetJ1_25
Change Net Name : Old Net Name=NetJ3_26 New Net Name=NetJ1_26
Change Net Name : Old Net Name=NetJ3_27 New Net Name=NetJ1_27
Change Net Name : Old Net Name=NetJ3_28 New Net Name=NetJ1_28
Change Net Name : Old Net Name=NetJ3_29 New Net Name=NetJ1_29
Change Net Name : Old Net Name=NetJ3_30 New Net Name=NetJ1_30
Change Net Name : Old Net Name=NetJ3_31 New Net Name=NetJ1_31
Change Net Name : Old Net Name=NetJ3_32 New Net Name=NetJ1_32
Change Net Name : Old Net Name=NetJ3_33 New Net Name=NetJ1_33
Change Net Name : Old Net Name=NetJ3_34 New Net Name=NetJ1_34
Change Net Name : Old Net Name=NetJ3_35 New Net Name=NetJ1_35
Change Net Name : Old Net Name=NetJ3_36 New Net Name=NetJ1_36
Change Net Name : Old Net Name=NetJ3_37 New Net Name=NetJ1_37
Change Net Name : Old Net Name=NetJ3_38 New Net Name=NetJ1_38
Change Net Name : Old Net Name=NetJ3_39 New Net Name=NetJ1_39
Change Net Name : Old Net Name=NetJ3_40 New Net Name=NetJ1_40
Change Net Name : Old Net Name=NetJ3_41 New Net Name=NetJ1_41
Change Net Name : Old Net Name=NetJ3_42 New Net Name=NetJ1_42
Change Net Name : Old Net Name=NetJ3_43 New Net Name=NetJ1_43
Change Net Name : Old Net Name=NetJ3_44 New Net Name=NetJ1_44
Change Net Name : Old Net Name=NetJ3_45 New Net Name=NetJ1_45
Change Net Name : Old Net Name=NetJ3_46 New Net Name=NetJ1_46
Change Net Name : Old Net Name=NetJ3_47 New Net Name=NetJ1_47
Change Net Name : Old Net Name=NetJ3_48 New Net Name=NetJ1_48
Change Net Name : Old Net Name=NetJ3_49 New Net Name=NetJ1_49
Change Net Name : Old Net Name=NetJ3_50 New Net Name=NetJ1_50
Change Net Name : Old Net Name=NetJ3_51 New Net Name=NetJ1_51
Change Net Name : Old Net Name=NetJ3_52 New Net Name=NetJ1_52
Change Net Name : Old Net Name=NetJ3_53 New Net Name=NetJ1_53
Change Net Name : Old Net Name=NetJ3_54 New Net Name=NetJ1_54
Change Net Name : Old Net Name=NetJ3_55 New Net Name=NetJ1_55
Change Net Name : Old Net Name=NetJ3_56 New Net Name=NetJ1_56
Added Pin To Net: NetName=NetP1_1 Pin=P1-1
Added Net: Name=NetP1_1
Added Pin To Net: NetName=NetP1_2 Pin=P1-2
Added Net: Name=NetP1_2
Added Pin To Net: NetName=NetP1_3 Pin=P1-3
Added Net: Name=NetP1_3
Added Pin To Net: NetName=NetP1_4 Pin=P1-4
Added Net: Name=NetP1_4
Added Pin To Net: NetName=NetP1_5 Pin=P1-5
Added Net: Name=NetP1_5
Added Pin To Net: NetName=NetP1_6 Pin=P1-6
Added Net: Name=NetP1_6
Added Pin To Net: NetName=NetP1_8 Pin=P1-8
Added Net: Name=NetP1_8
Added Pin To Net: NetName=NetP1_9 Pin=P1-9
Added Net: Name=NetP1_9
Added Pin To Net: NetName=NetP1_10 Pin=P1-10
Added Net: Name=NetP1_10
Added Pin To Net: NetName=NetP2_1 Pin=P2-1
Added Net: Name=NetP2_1
Added Pin To Net: NetName=NetP2_2 Pin=P2-2
Added Net: Name=NetP2_2
Added Pin To Net: NetName=NetP2_3 Pin=P2-3
Added Net: Name=NetP2_3
Added Pin To Net: NetName=NetP2_4 Pin=P2-4
Added Net: Name=NetP2_4
Added Pin To Net: NetName=NetP2_5 Pin=P2-5
Added Net: Name=NetP2_5
Added Pin To Net: NetName=NetP2_6 Pin=P2-6
Added Net: Name=NetP2_6
Added Pin To Net: NetName=NetP2_8 Pin=P2-8
Added Net: Name=NetP2_8
Added Pin To Net: NetName=NetP2_9 Pin=P2-9
Added Net: Name=NetP2_9
Added Pin To Net: NetName=NetP2_10 Pin=P2-10
Added Net: Name=NetP2_10
Added Member To Class: ClassName=U_BV100011_ControlConnector Member=Component P1 Header 10
Added Member To Class: ClassName=U_BV100011_ControlConnector Member=Component P2 Header 10
