Change Component Designator: OldDesignator=R84 NewDesignator=R85
Change Component Designator: OldDesignator=R85 NewDesignator=R87
Change Component Designator: OldDesignator=R86 NewDesignator=R88
Change Component Designator: OldDesignator=R87 NewDesignator=R89
Change Component Designator: OldDesignator=R88 NewDesignator=R90
Change Component Designator: OldDesignator=R89 NewDesignator=R91
Change Component Designator: OldDesignator=R90 NewDesignator=R92
Change Component Designator: OldDesignator=R91 NewDesignator=R93
Change Component Designator: OldDesignator=R92 NewDesignator=R94
Change Component Designator: OldDesignator=R93 NewDesignator=R95
Change Component Designator: OldDesignator=R94 NewDesignator=R96
Change Component Designator: OldDesignator=R95 NewDesignator=R97
Change Component Designator: OldDesignator=R96 NewDesignator=R98
Change Component Designator: OldDesignator=R97 NewDesignator=R99
Change Component Designator: OldDesignator=R98 NewDesignator=R100
Change Component Designator: OldDesignator=R99 NewDesignator=R101
Change Component Designator: OldDesignator=R100 NewDesignator=R102
Change Component Designator: OldDesignator=R101 NewDesignator=R103
Change Component Designator: OldDesignator=R102 NewDesignator=R104
Change Component Designator: OldDesignator=R103 NewDesignator=R105
Change Component Designator: OldDesignator=R104 NewDesignator=R106
Change Component Designator: OldDesignator=R105 NewDesignator=R107
Change Component Designator: OldDesignator=R106 NewDesignator=R108
Change Component Designator: OldDesignator=R107 NewDesignator=R109
Change Component Designator: OldDesignator=R108 NewDesignator=R110
Change Component Designator: OldDesignator=R109 NewDesignator=R111
Change Component Designator: OldDesignator=R110 NewDesignator=R112
Change Component Designator: OldDesignator=R111 NewDesignator=R113
Change Component Designator: OldDesignator=R112 NewDesignator=R114
Change Component Designator: OldDesignator=R113 NewDesignator=R115
Change Component Designator: OldDesignator=R114 NewDesignator=R116
Change Component Designator: OldDesignator=R115 NewDesignator=R117
Change Component Designator: OldDesignator=R116 NewDesignator=R118
Change Component Designator: OldDesignator=R117 NewDesignator=R119
Change Component Designator: OldDesignator=R118 NewDesignator=R120
Change Component Designator: OldDesignator=R119 NewDesignator=R121
Change Component Designator: OldDesignator=R120 NewDesignator=R122
Change Component Designator: OldDesignator=R121 NewDesignator=R123
Change Component Designator: OldDesignator=R122 NewDesignator=R124
Change Component Designator: OldDesignator=R123 NewDesignator=R125
Change Component Designator: OldDesignator=R124 NewDesignator=R126
Change Component Designator: OldDesignator=R125 NewDesignator=R127
Change Component Designator: OldDesignator=R126 NewDesignator=R128
Change Component Designator: OldDesignator=R127 NewDesignator=R129
Change Component Designator: OldDesignator=R128 NewDesignator=R130
Change Component Designator: OldDesignator=R129 NewDesignator=R131
Change Component Designator: OldDesignator=R130 NewDesignator=R132
Change Component Designator: OldDesignator=R131 NewDesignator=R133
Change Component Designator: OldDesignator=R132 NewDesignator=R134
Change Component Designator: OldDesignator=R133 NewDesignator=R135
Change Component Designator: OldDesignator=R134 NewDesignator=R136
Change Component Designator: OldDesignator=R135 NewDesignator=R137
Change Component Designator: OldDesignator=R136 NewDesignator=R138
Change Component Designator: OldDesignator=R137 NewDesignator=R139
Change Component Designator: OldDesignator=R138 NewDesignator=R140
Change Component Designator: OldDesignator=R139 NewDesignator=R141
Change Component Designator: OldDesignator=R140 NewDesignator=R142
Change Component Designator: OldDesignator=R141 NewDesignator=R143
Change Component Designator: OldDesignator=R142 NewDesignator=R144
Change Component Designator: OldDesignator=R143 NewDesignator=R145
Change Component Designator: OldDesignator=R144 NewDesignator=R146
Change Component Designator: OldDesignator=R145 NewDesignator=R147
Change Component Designator: OldDesignator=R146 NewDesignator=R148
Change Component Designator: OldDesignator=R147 NewDesignator=R149
Change Component Designator: OldDesignator=R148 NewDesignator=R150
Change Component Designator: OldDesignator=R149 NewDesignator=R151
Change Component Designator: OldDesignator=R150 NewDesignator=R152
Change Component Designator: OldDesignator=R151 NewDesignator=R153
Change Component Designator: OldDesignator=R152 NewDesignator=R154
Change Component Designator: OldDesignator=R153 NewDesignator=R155
Change Component Designator: OldDesignator=R154 NewDesignator=R156
Change Component Designator: OldDesignator=R155 NewDesignator=R157
Change Component Designator: OldDesignator=R156 NewDesignator=R158
Change Component Designator: OldDesignator=R157 NewDesignator=R159
Change Component Designator: OldDesignator=R158 NewDesignator=R160
Change Component Designator: OldDesignator=R159 NewDesignator=R161
Change Component Designator: OldDesignator=R160 NewDesignator=R162
Change Component Designator: OldDesignator=R161 NewDesignator=R163
Change Component Designator: OldDesignator=R162 NewDesignator=R164
Change Component Designator: OldDesignator=R163 NewDesignator=R165
Change Component Designator: OldDesignator=R164 NewDesignator=R166
Change Component Designator: OldDesignator=R165 NewDesignator=R167
Change Component Designator: OldDesignator=R166 NewDesignator=R168
Change Component Designator: OldDesignator=R167 NewDesignator=R169
Added Component: Designator=R84(J1-0603)
Add component. Clean all parameters for all variants
Add component (AddParameter): Name = "LatestRevisionDate"; Value = "29-May-2009"; VariantName = "[No Variations]"
Add component (AddParameter): Name = "LatestRevisionNote"; Value = "IPC-7351 Footprint Added."; VariantName = "[No Variations]"
Add component (AddParameter): Name = "PackageDescription"; Value = "Chip Resistor"; VariantName = "[No Variations]"
Add component (AddParameter): Name = "PackageReference"; Value = "J1-0603"; VariantName = "[No Variations]"
Add component (AddParameter): Name = "Published"; Value = "8-Jun-2000"; VariantName = "[No Variations]"
Add component (AddParameter): Name = "Publisher"; Value = "Altium Limited"; VariantName = "[No Variations]"
Add component (AddParameter): Name = "Value"; Value = "55K"; VariantName = "[No Variations]"
Added Component: Designator=R86(J1-0603)
Add component. Clean all parameters for all variants
Add component (AddParameter): Name = "LatestRevisionDate"; Value = "29-May-2009"; VariantName = "[No Variations]"
Add component (AddParameter): Name = "LatestRevisionNote"; Value = "IPC-7351 Footprint Added."; VariantName = "[No Variations]"
Add component (AddParameter): Name = "PackageDescription"; Value = "Chip Resistor"; VariantName = "[No Variations]"
Add component (AddParameter): Name = "PackageReference"; Value = "J1-0603"; VariantName = "[No Variations]"
Add component (AddParameter): Name = "Published"; Value = "8-Jun-2000"; VariantName = "[No Variations]"
Add component (AddParameter): Name = "Publisher"; Value = "Altium Limited"; VariantName = "[No Variations]"
Add component (AddParameter): Name = "Value"; Value = "55K"; VariantName = "[No Variations]"
Added Pin To Net: NetName=GND Pin=R84-1
Added Pin To Net: NetName=NetIC9_7 Pin=R84-2
Added Pin To Net: NetName=NetIC9_6 Pin=R86-1
Added Pin To Net: NetName=GND Pin=R86-2
Change Net Name : Old Net Name=NetR85_2 New Net Name=NetR87_2
Change Net Name : Old Net Name=NetR86_2 New Net Name=NetR88_2
Change Net Name : Old Net Name=NetR87_1 New Net Name=NetR89_1
Change Net Name : Old Net Name=NetR89_1 New Net Name=NetR91_1
Change Net Name : Old Net Name=NetR95_1 New Net Name=NetR97_1
Change Net Name : Old Net Name=NetR96_2 New Net Name=NetR98_2
Change Net Name : Old Net Name=NetR97_1 New Net Name=NetR99_1
Change Net Name : Old Net Name=NetR98_2 New Net Name=NetR100_2
Change Net Name : Old Net Name=NetR128_2 New Net Name=NetR130_2
Change Net Name : Old Net Name=NetR129_2 New Net Name=NetR131_2
Change Net Name : Old Net Name=NetR131_2 New Net Name=NetR133_2
Change Net Name : Old Net Name=NetR132_1 New Net Name=NetR134_1
Change Net Name : Old Net Name=NetR133_1 New Net Name=NetR135_1
Change Net Name : Old Net Name=NetR136_1 New Net Name=NetR138_1
Change Net Name : Old Net Name=NetR147_1 New Net Name=NetR149_1
Change Net Name : Old Net Name=NetR148_1 New Net Name=NetR150_1
Change Net Name : Old Net Name=NetR150_1 New Net Name=NetR152_1
Change Net Name : Old Net Name=NetR155_1 New Net Name=NetR157_1
Change Net Name : Old Net Name=NetR156_1 New Net Name=NetR158_1
Change Net Name : Old Net Name=NetR162_1 New Net Name=NetR164_1
Change Net Name : Old Net Name=NetR163_1 New Net Name=NetR165_1
Change Net Name : Old Net Name=NetR164_1 New Net Name=NetR166_1
Change Net Name : Old Net Name=NetR165_1 New Net Name=NetR167_1
Change Net Name : Old Net Name=NetR166_1 New Net Name=NetR168_1
Change Net Name : Old Net Name=NetR167_1 New Net Name=NetR169_1
Added Member To Class: ClassName=U_BV100011_ControlAI Member=Component R91 55K
Added Member To Class: ClassName=U_BV100011_ControlAI Member=Component R92 167K
