Removed Pin From Net: NetName=GND Pin=P1-7
Removed Pin From Net: NetName=GND Pin=P2-7
Removed Pin From Net: NetName=NetJ1_23 Pin=R30-1
Removed Pin From Net: NetName=NetJ1_25 Pin=R31-1
Removed Pin From Net: NetName=NetJ1_27 Pin=R32-1
Removed Pin From Net: NetName=NetJ1_29 Pin=R33-1
Removed Pin From Net: NetName=NetJ1_31 Pin=R34-1
Removed Pin From Net: NetName=NetJ1_33 Pin=R35-1
Removed Pin From Net: NetName=NetJ1_35 Pin=R36-1
Removed Pin From Net: NetName=NetJ1_37 Pin=R37-1
Removed Pin From Net: NetName=NetJ1_39 Pin=R38-1
Removed Pin From Net: NetName=NetJ1_41 Pin=R39-1
Removed Pin From Net: NetName=NetJ1_43 Pin=R40-1
Removed Pin From Net: NetName=NetJ1_43 Pin=R43-1
Removed Pin From Net: NetName=NetJ1_41 Pin=R44-1
Removed Pin From Net: NetName=NetJ1_39 Pin=R47-1
Removed Pin From Net: NetName=NetJ1_37 Pin=R48-1
Removed Pin From Net: NetName=NetJ1_35 Pin=R49-1
Removed Pin From Net: NetName=NetJ1_33 Pin=R50-1
Removed Pin From Net: NetName=NetJ1_31 Pin=R51-1
Removed Pin From Net: NetName=NetJ1_29 Pin=R52-1
Removed Pin From Net: NetName=NetJ1_27 Pin=R53-1
Removed Pin From Net: NetName=NetJ1_45 Pin=U3-1
Removed Pin From Net: NetName=NetJ1_45 Pin=U3-2
Removed Pin From Net: NetName=NetJ1_49 Pin=U9-1
Removed Pin From Net: NetName=NetJ1_49 Pin=U9-2
Removed Pin From Net: NetName=NetJ1_51 Pin=U9-6
Removed Pin From Net: NetName=NetJ1_51 Pin=U9-7
Removed Pin From Net: NetName=NetJ1_53 Pin=U15-1
Removed Pin From Net: NetName=NetJ1_53 Pin=U15-2
Removed Pin From Net: NetName=NetJ1_55 Pin=U15-6
Removed Pin From Net: NetName=NetJ1_55 Pin=U15-7
Removed Pin From Net: NetName=NetJ1_57 Pin=U21-1
Removed Pin From Net: NetName=NetJ1_57 Pin=U21-2
Removed Pin From Net: NetName=NetJ1_59 Pin=U21-6
Removed Pin From Net: NetName=NetJ1_59 Pin=U21-7
Change Component Comment : Designator=P1 Old Comment=Header 10 New Comment=LAN
Change Component Comment : Designator=P2 Old Comment=Header 10 New Comment=LAN
Added Pin To Net: NetName=GND0 Pin=J1-21
Added Pin To Net: NetName=GND0 Pin=J1-47
Added Pin To Net: NetName=NetJ1_22 Pin=P1-1
Added Pin To Net: NetName=NetJ1_24 Pin=P1-2
Added Pin To Net: NetName=NetJ1_26 Pin=P1-3
Added Pin To Net: NetName=NetJ1_28 Pin=P1-4
Added Pin To Net: NetName=NetJ1_30 Pin=P1-5
Added Pin To Net: NetName=NetJ1_32 Pin=P1-6
Added Pin To Net: NetName=NetJ1_34 Pin=P1-7
Added Pin To Net: NetName=NetJ1_36 Pin=P1-8
Added Pin To Net: NetName=NetJ1_38 Pin=P1-9
Added Pin To Net: NetName=NetJ1_40 Pin=P1-10
Added Pin To Net: NetName=+5V_ISO Pin=P2-1
Added Pin To Net: NetName=+5V_ISO Pin=P2-2
Added Pin To Net: NetName=+3.3V_ISO Pin=P2-5
Added Pin To Net: NetName=+3.3V_ISO Pin=P2-6
Added Pin To Net: NetName=GND0 Pin=P2-9
Added Pin To Net: NetName=GND0 Pin=P2-10
Added Pin To Net: NetName=NetJ1_23 Pin=R29-1
Added Pin To Net: NetName=NetJ1_25 Pin=R30-1
Added Pin To Net: NetName=NetJ1_27 Pin=R31-1
Added Pin To Net: NetName=NetJ1_29 Pin=R32-1
Added Pin To Net: NetName=NetJ1_31 Pin=R33-1
Added Pin To Net: NetName=NetJ1_33 Pin=R34-1
Added Pin To Net: NetName=NetJ1_35 Pin=R35-1
Added Pin To Net: NetName=NetJ1_37 Pin=R36-1
Added Pin To Net: NetName=NetJ1_39 Pin=R37-1
Added Pin To Net: NetName=NetJ1_41 Pin=R38-1
Added Pin To Net: NetName=NetJ1_43 Pin=R39-1
Added Pin To Net: NetName=NetJ1_45 Pin=R40-1
Added Pin To Net: NetName=NetJ1_45 Pin=R43-1
Added Pin To Net: NetName=NetJ1_43 Pin=R44-1
Added Pin To Net: NetName=NetJ1_41 Pin=R47-1
Added Pin To Net: NetName=NetJ1_39 Pin=R48-1
Added Pin To Net: NetName=NetJ1_37 Pin=R49-1
Added Pin To Net: NetName=NetJ1_35 Pin=R50-1
Added Pin To Net: NetName=NetJ1_33 Pin=R51-1
Added Pin To Net: NetName=NetJ1_31 Pin=R52-1
Added Pin To Net: NetName=NetJ1_29 Pin=R53-1
Added Pin To Net: NetName=NetJ1_23 Pin=R54-1
Added Pin To Net: NetName=NetJ1_49 Pin=U3-1
Added Pin To Net: NetName=NetJ1_49 Pin=U3-2
Added Pin To Net: NetName=NetJ1_51 Pin=U3-6
Added Pin To Net: NetName=NetJ1_51 Pin=U3-7
Added Pin To Net: NetName=NetJ1_53 Pin=U9-1
Added Pin To Net: NetName=NetJ1_53 Pin=U9-2
Added Pin To Net: NetName=NetJ1_55 Pin=U9-6
Added Pin To Net: NetName=NetJ1_55 Pin=U9-7
Added Pin To Net: NetName=NetJ1_57 Pin=U15-1
Added Pin To Net: NetName=NetJ1_57 Pin=U15-2
Added Pin To Net: NetName=NetJ1_59 Pin=U15-6
Added Pin To Net: NetName=NetJ1_59 Pin=U15-7
Added Pin To Net: NetName=NetJ1_61 Pin=J1-61
Added Pin To Net: NetName=NetJ1_61 Pin=U21-1
Added Pin To Net: NetName=NetJ1_61 Pin=U21-2
Added Net: Name=NetJ1_61
Added Pin To Net: NetName=NetJ1_63 Pin=J1-63
Added Pin To Net: NetName=NetJ1_63 Pin=U21-6
Added Pin To Net: NetName=NetJ1_63 Pin=U21-7
Added Net: Name=NetJ1_63
Added Pin To Net: NetName=NetR97_2 Pin=R97-2
Added Pin To Net: NetName=NetR97_2 Pin=U28-11
Added Net: Name=NetR97_2
Added Pin To Net: NetName=NetR98_2 Pin=R98-2
Added Pin To Net: NetName=NetR98_2 Pin=U28-10
Added Net: Name=NetR98_2
Added Pin To Net: NetName=NetU28_12 Pin=U28-12
Added Net: Name=NetU28_12
Added Pin To Net: NetName=NetU28_13 Pin=U28-13
Added Net: Name=NetU28_13
Added Pin To Net: NetName=NetU28_14 Pin=U28-14
Added Net: Name=NetU28_14
Added Pin To Net: NetName=NetU28_15 Pin=U28-15
Added Net: Name=NetU28_15
Added Room: Name=U_BV100011_ControlAI
Added Room: Name=U_BV100011_ControlAO
Added Room: Name=U_BV100011_ControlConnector
Added Room: Name=U_BV100011_ControlDI
Added Room: Name=U_BV100011_ControlDO
Added Room: Name=U_BV100011_ControlIsolator
