Removed Pin From Net: NetName=GND_ISO_AO Pin=1-1
Removed Pin From Net: NetName=Vref_AO Pin=1-2
Removed Pin From Net: NetName=GND_ISO_AO Pin=2-1
Removed Pin From Net: NetName=Vref_AO Pin=2-2
Removed Member From Class: ClassName=U_BV100011_ControlAO Member=1
Removed Member From Class: ClassName=U_BV100011_ControlAO Member=2
Removed Member From Class: ClassName=U_BV100011_ControlConnector Member=U29
Change Component Designator: OldDesignator=C43 NewDesignator=C44
Change Component Designator: OldDesignator=C44 NewDesignator=C46
Change Component Designator: OldDesignator=C45 NewDesignator=C47
Change Component Designator: OldDesignator=C46 NewDesignator=C48
Change Component Designator: OldDesignator=C47 NewDesignator=C49
Added Component: Designator=C43(C1206)
Add component. Clean all parameters for all variants
Add component (AddParameter): Name = "LatestRevisionDate"; Value = "29-May-2009"; VariantName = "[No Variations]"
Add component (AddParameter): Name = "LatestRevisionNote"; Value = "IPC-7351 Footprint Added."; VariantName = "[No Variations]"
Add component (AddParameter): Name = "PackageDescription"; Value = "Chip Capacitor"; VariantName = "[No Variations]"
Add component (AddParameter): Name = "PackageReference"; Value = "C1206"; VariantName = "[No Variations]"
Add component (AddParameter): Name = "Published"; Value = "8-Jun-2000"; VariantName = "[No Variations]"
Add component (AddParameter): Name = "Publisher"; Value = "Altium Limited"; VariantName = "[No Variations]"
Add component (AddParameter): Name = "Value"; Value = "100nF"; VariantName = "[No Variations]"
Added Component: Designator=C45(C1206)
Add component. Clean all parameters for all variants
Add component (AddParameter): Name = "LatestRevisionDate"; Value = "29-May-2009"; VariantName = "[No Variations]"
Add component (AddParameter): Name = "LatestRevisionNote"; Value = "IPC-7351 Footprint Added."; VariantName = "[No Variations]"
Add component (AddParameter): Name = "PackageDescription"; Value = "Chip Capacitor"; VariantName = "[No Variations]"
Add component (AddParameter): Name = "PackageReference"; Value = "C1206"; VariantName = "[No Variations]"
Add component (AddParameter): Name = "Published"; Value = "8-Jun-2000"; VariantName = "[No Variations]"
Add component (AddParameter): Name = "Publisher"; Value = "Altium Limited"; VariantName = "[No Variations]"
Add component (AddParameter): Name = "Value"; Value = "100nF"; VariantName = "[No Variations]"
Added Pin To Net: NetName=GND_ISO_AO Pin=C43-1
Added Pin To Net: NetName=Vref_AO Pin=C43-2
Added Pin To Net: NetName=GND_ISO_AO Pin=C45-1
Added Pin To Net: NetName=Vref_AO Pin=C45-2
Change Net Name : Old Net Name=NetC44_1 New Net Name=NetC46_1
Change Net Name : Old Net Name=NetC44_2 New Net Name=NetC46_2
Change Net Name : Old Net Name=NetC45_1 New Net Name=NetC47_1
Change Net Name : Old Net Name=NetC45_2 New Net Name=NetC47_2
Added Member To Class: ClassName=U_BV100011_ControlAO Member=Component C46 Cap Semi
Added Member To Class: ClassName=U_BV100011_ControlAO Member=Component C47 Cap Semi
Added Member To Class: ClassName=U_BV100011_ControlConnector Member=Component U28 BAT-HLD-001-THM
Added Room: Name=U_BV100011_ControlAI
Added Room: Name=U_BV100011_ControlAO
Added Room: Name=U_BV100011_ControlConnector
Added Room: Name=U_BV100011_ControlDI
Added Room: Name=U_BV100011_ControlDO
Added Room: Name=U_BV100011_ControlIsolator
